<?xml version="1.0" encoding="utf-8"?>
<!DOCTYPE coverage SYSTEM "http://cobertura.sourceforge.net/xml/coverage-04.dtd">
<coverage line-rate="0.9340028694404591" branch-rate="0.9166666666666666" lines-covered="651" lines-valid="697" branches-covered="55" branches-valid="60" complexity="152" version="0" timestamp="1648130661">
  <sources>
    <source>C:\Users\craft\</source>
  </sources>
  <packages>
    <package name="BankAppCore" line-rate="0.8637770897832817" branch-rate="0.9166666666666666" complexity="102">
      <classes>
        <class name="BankAppCore.Helper.ReadWriteToJson" filename="C:\Users\craft\source\repos\SQ010\Task Five\BankAppCore\Helper\ReadWriteToJson.cs" line-rate="0" branch-rate="0" complexity="6">
          <methods>
            <method name=".ctor" signature="()" line-rate="0" branch-rate="1" complexity="1">
              <lines>
                <line number="14" hits="0" branch="false" />
              </lines>
            </method>
            <method name="WriteJson" signature="()" line-rate="0" branch-rate="1" complexity="1">
              <lines>
                <line number="17" hits="0" branch="false" />
                <line number="20" hits="0" branch="false" />
                <line number="21" hits="0" branch="false" />
                <line number="22" hits="0" branch="false" />
                <line number="23" hits="0" branch="false" />
                <line number="25" hits="0" branch="false" />
                <line number="26" hits="0" branch="false" />
                <line number="28" hits="0" branch="false" />
                <line number="31" hits="0" branch="false" />
              </lines>
            </method>
            <method name="ReadJson" signature="()" line-rate="0" branch-rate="0" complexity="2">
              <lines>
                <line number="34" hits="0" branch="false" />
                <line number="35" hits="0" branch="false" />
                <line number="37" hits="0" branch="false" />
                <line number="39" hits="0" branch="false" />
                <line number="41" hits="0" branch="false" />
                <line number="42" hits="0" branch="false" />
                <line number="43" hits="0" branch="false" />
                <line number="44" hits="0" branch="false" />
                <line number="46" hits="0" branch="true" condition-coverage="0% (0/2)" />
                <line number="47" hits="0" branch="false" />
                <line number="48" hits="0" branch="false" />
                <line number="50" hits="0" branch="false" />
                <line number="51" hits="0" branch="false" />
                <line number="52" hits="0" branch="false" />
                <line number="54" hits="0" branch="false" />
                <line number="55" hits="0" branch="false" />
              </lines>
            </method>
            <method name="UpdateJson" signature="()" line-rate="0" branch-rate="0" complexity="2">
              <lines>
                <line number="59" hits="0" branch="false" />
                <line number="60" hits="0" branch="false" />
                <line number="62" hits="0" branch="true" condition-coverage="0% (0/2)" />
                <line number="63" hits="0" branch="false" />
                <line number="64" hits="0" branch="false" />
                <line number="65" hits="0" branch="false" />
                <line number="69" hits="0" branch="false" />
                <line number="70" hits="0" branch="false" />
                <line number="71" hits="0" branch="false" />
                <line number="73" hits="0" branch="false" />
                <line number="74" hits="0" branch="false" />
                <line number="76" hits="0" branch="false" />
                <line number="78" hits="0" branch="false" />
              </lines>
            </method>
          </methods>
          <lines>
            <line number="14" hits="0" branch="false" />
            <line number="17" hits="0" branch="false" />
            <line number="20" hits="0" branch="false" />
            <line number="21" hits="0" branch="false" />
            <line number="22" hits="0" branch="false" />
            <line number="23" hits="0" branch="false" />
            <line number="25" hits="0" branch="false" />
            <line number="26" hits="0" branch="false" />
            <line number="28" hits="0" branch="false" />
            <line number="31" hits="0" branch="false" />
            <line number="34" hits="0" branch="false" />
            <line number="35" hits="0" branch="false" />
            <line number="37" hits="0" branch="false" />
            <line number="39" hits="0" branch="false" />
            <line number="41" hits="0" branch="false" />
            <line number="42" hits="0" branch="false" />
            <line number="43" hits="0" branch="false" />
            <line number="44" hits="0" branch="false" />
            <line number="46" hits="0" branch="true" condition-coverage="0% (0/2)" />
            <line number="47" hits="0" branch="false" />
            <line number="48" hits="0" branch="false" />
            <line number="50" hits="0" branch="false" />
            <line number="51" hits="0" branch="false" />
            <line number="52" hits="0" branch="false" />
            <line number="54" hits="0" branch="false" />
            <line number="55" hits="0" branch="false" />
            <line number="59" hits="0" branch="false" />
            <line number="60" hits="0" branch="false" />
            <line number="62" hits="0" branch="true" condition-coverage="0% (0/2)" />
            <line number="63" hits="0" branch="false" />
            <line number="64" hits="0" branch="false" />
            <line number="65" hits="0" branch="false" />
            <line number="69" hits="0" branch="false" />
            <line number="70" hits="0" branch="false" />
            <line number="71" hits="0" branch="false" />
            <line number="73" hits="0" branch="false" />
            <line number="74" hits="0" branch="false" />
            <line number="76" hits="0" branch="false" />
            <line number="78" hits="0" branch="false" />
          </lines>
        </class>
        <class name="BankAppCore.Helper.Utilities" filename="C:\Users\craft\source\repos\SQ010\Task Five\BankAppCore\Helper\Utilities.cs" line-rate="1" branch-rate="1" complexity="4">
          <methods>
            <method name="RandomDigits" signature="(...)" line-rate="1" branch-rate="1" complexity="2">
              <lines>
                <line number="11" hits="2" branch="false" />
                <line number="12" hits="2" branch="false" />
                <line number="13" hits="2" branch="false" />
                <line number="14" hits="30" branch="true" condition-coverage="100% (2/2)" />
                <line number="15" hits="13" branch="false" />
                <line number="16" hits="2" branch="false" />
                <line number="17" hits="2" branch="false" />
              </lines>
            </method>
            <method name="ComputeSha256Hash" signature="(...)" line-rate="1" branch-rate="1" complexity="2">
              <lines>
                <line number="20" hits="1" branch="false" />
                <line number="22" hits="1" branch="false" />
                <line number="23" hits="1" branch="false" />
                <line number="25" hits="1" branch="false" />
                <line number="28" hits="1" branch="false" />
                <line number="29" hits="66" branch="true" condition-coverage="100% (2/2)" />
                <line number="30" hits="32" branch="false" />
                <line number="31" hits="32" branch="false" />
                <line number="32" hits="32" branch="false" />
                <line number="33" hits="1" branch="false" />
                <line number="35" hits="1" branch="false" />
              </lines>
            </method>
          </methods>
          <lines>
            <line number="11" hits="2" branch="false" />
            <line number="12" hits="2" branch="false" />
            <line number="13" hits="2" branch="false" />
            <line number="14" hits="30" branch="true" condition-coverage="100% (2/2)" />
            <line number="15" hits="13" branch="false" />
            <line number="16" hits="2" branch="false" />
            <line number="17" hits="2" branch="false" />
            <line number="20" hits="1" branch="false" />
            <line number="22" hits="1" branch="false" />
            <line number="23" hits="1" branch="false" />
            <line number="25" hits="1" branch="false" />
            <line number="28" hits="1" branch="false" />
            <line number="29" hits="66" branch="true" condition-coverage="100% (2/2)" />
            <line number="30" hits="32" branch="false" />
            <line number="31" hits="32" branch="false" />
            <line number="32" hits="32" branch="false" />
            <line number="33" hits="1" branch="false" />
            <line number="35" hits="1" branch="false" />
          </lines>
        </class>
        <class name="BankAppCore.Helper.Validators" filename="C:\Users\craft\source\repos\SQ010\Task Five\BankAppCore\Helper\Validators.cs" line-rate="1" branch-rate="1" complexity="5">
          <methods>
            <method name="CheckName" signature="(...)" line-rate="1" branch-rate="1" complexity="1">
              <lines>
                <line number="10" hits="5" branch="false" />
                <line number="11" hits="5" branch="false" />
                <line number="13" hits="5" branch="false" />
                <line number="14" hits="5" branch="false" />
              </lines>
            </method>
            <method name="CheckEmail" signature="(...)" line-rate="1" branch-rate="1" complexity="1">
              <lines>
                <line number="17" hits="8" branch="false" />
                <line number="18" hits="8" branch="false" />
                <line number="19" hits="8" branch="false" />
                <line number="21" hits="8" branch="false" />
              </lines>
            </method>
            <method name="CheckPassword" signature="(...)" line-rate="1" branch-rate="1" complexity="1">
              <lines>
                <line number="24" hits="6" branch="false" />
                <line number="25" hits="6" branch="false" />
                <line number="26" hits="6" branch="false" />
                <line number="27" hits="6" branch="false" />
              </lines>
            </method>
            <method name="PerformRegEx" signature="(...)" line-rate="1" branch-rate="1" complexity="2">
              <lines>
                <line number="31" hits="19" branch="false" />
                <line number="32" hits="19" branch="false" />
                <line number="35" hits="19" branch="true" condition-coverage="100% (2/2)" />
                <line number="36" hits="7" branch="false" />
                <line number="38" hits="12" branch="false" />
                <line number="39" hits="19" branch="false" />
              </lines>
            </method>
          </methods>
          <lines>
            <line number="10" hits="5" branch="false" />
            <line number="11" hits="5" branch="false" />
            <line number="13" hits="5" branch="false" />
            <line number="14" hits="5" branch="false" />
            <line number="17" hits="8" branch="false" />
            <line number="18" hits="8" branch="false" />
            <line number="19" hits="8" branch="false" />
            <line number="21" hits="8" branch="false" />
            <line number="24" hits="6" branch="false" />
            <line number="25" hits="6" branch="false" />
            <line number="26" hits="6" branch="false" />
            <line number="27" hits="6" branch="false" />
            <line number="31" hits="19" branch="false" />
            <line number="32" hits="19" branch="false" />
            <line number="35" hits="19" branch="true" condition-coverage="100% (2/2)" />
            <line number="36" hits="7" branch="false" />
            <line number="38" hits="12" branch="false" />
            <line number="39" hits="19" branch="false" />
          </lines>
        </class>
        <class name="BankAppCore.Models.Accounts" filename="C:\Users\craft\source\repos\SQ010\Task Five\BankAppCore\Models\Accounts.cs" line-rate="1" branch-rate="1" complexity="4">
          <methods>
            <method name="get_AccountNumber" signature="()" line-rate="1" branch-rate="1" complexity="1">
              <lines>
                <line number="9" hits="62" branch="false" />
              </lines>
            </method>
            <method name="get_Balance" signature="()" line-rate="1" branch-rate="1" complexity="1">
              <lines>
                <line number="10" hits="47" branch="false" />
              </lines>
            </method>
            <method name="get_AccountType" signature="()" line-rate="1" branch-rate="1" complexity="1">
              <lines>
                <line number="12" hits="27" branch="false" />
              </lines>
            </method>
            <method name="get_UserId" signature="()" line-rate="1" branch-rate="1" complexity="1">
              <lines>
                <line number="14" hits="30" branch="false" />
              </lines>
            </method>
          </methods>
          <lines>
            <line number="9" hits="62" branch="false" />
            <line number="10" hits="47" branch="false" />
            <line number="12" hits="27" branch="false" />
            <line number="14" hits="30" branch="false" />
          </lines>
        </class>
        <class name="BankAppCore.Models.Roles" filename="C:\Users\craft\source\repos\SQ010\Task Five\BankAppCore\Models\Roles.cs" line-rate="1" branch-rate="1" complexity="3">
          <methods>
            <method name="get_Id" signature="()" line-rate="1" branch-rate="1" complexity="1">
              <lines>
                <line number="9" hits="12" branch="false" />
              </lines>
            </method>
            <method name="get_RoleName" signature="()" line-rate="1" branch-rate="1" complexity="1">
              <lines>
                <line number="10" hits="10" branch="false" />
              </lines>
            </method>
            <method name="get_Description" signature="()" line-rate="1" branch-rate="1" complexity="1">
              <lines>
                <line number="11" hits="9" branch="false" />
              </lines>
            </method>
          </methods>
          <lines>
            <line number="9" hits="12" branch="false" />
            <line number="10" hits="10" branch="false" />
            <line number="11" hits="9" branch="false" />
          </lines>
        </class>
        <class name="BankAppCore.Models.Transactions" filename="C:\Users\craft\source\repos\SQ010\Task Five\BankAppCore\Models\Transactions.cs" line-rate="1" branch-rate="1" complexity="5">
          <methods>
            <method name="get_AccountNumber" signature="()" line-rate="1" branch-rate="1" complexity="1">
              <lines>
                <line number="9" hits="17" branch="false" />
              </lines>
            </method>
            <method name="get_Description" signature="()" line-rate="1" branch-rate="1" complexity="1">
              <lines>
                <line number="10" hits="9" branch="false" />
              </lines>
            </method>
            <method name="get_Amount" signature="()" line-rate="1" branch-rate="1" complexity="1">
              <lines>
                <line number="11" hits="9" branch="false" />
              </lines>
            </method>
            <method name="get_Balance" signature="()" line-rate="1" branch-rate="1" complexity="1">
              <lines>
                <line number="12" hits="9" branch="false" />
              </lines>
            </method>
            <method name="get_Date" signature="()" line-rate="1" branch-rate="1" complexity="1">
              <lines>
                <line number="13" hits="15" branch="false" />
              </lines>
            </method>
          </methods>
          <lines>
            <line number="9" hits="17" branch="false" />
            <line number="10" hits="9" branch="false" />
            <line number="11" hits="9" branch="false" />
            <line number="12" hits="9" branch="false" />
            <line number="13" hits="15" branch="false" />
          </lines>
        </class>
        <class name="BankAppCore.Models.UserInRoles" filename="C:\Users\craft\source\repos\SQ010\Task Five\BankAppCore\Models\UserInRoles.cs" line-rate="1" branch-rate="1" complexity="2">
          <methods>
            <method name="get_RoleId" signature="()" line-rate="1" branch-rate="1" complexity="1">
              <lines>
                <line number="9" hits="13" branch="false" />
              </lines>
            </method>
            <method name="get_UserId" signature="()" line-rate="1" branch-rate="1" complexity="1">
              <lines>
                <line number="10" hits="14" branch="false" />
              </lines>
            </method>
          </methods>
          <lines>
            <line number="9" hits="13" branch="false" />
            <line number="10" hits="14" branch="false" />
          </lines>
        </class>
        <class name="BankAppCore.Models.Users" filename="C:\Users\craft\source\repos\SQ010\Task Five\BankAppCore\Models\Users.cs" line-rate="0.9" branch-rate="1" complexity="10">
          <methods>
            <method name="get_Id" signature="()" line-rate="1" branch-rate="1" complexity="1">
              <lines>
                <line number="9" hits="26" branch="false" />
              </lines>
            </method>
            <method name="get_FullName" signature="()" line-rate="1" branch-rate="1" complexity="1">
              <lines>
                <line number="10" hits="20" branch="false" />
              </lines>
            </method>
            <method name="get_EmailAddress" signature="()" line-rate="1" branch-rate="1" complexity="1">
              <lines>
                <line number="11" hits="27" branch="false" />
              </lines>
            </method>
            <method name="get_MobileNumber" signature="()" line-rate="1" branch-rate="1" complexity="1">
              <lines>
                <line number="12" hits="20" branch="false" />
              </lines>
            </method>
            <method name="get_Password" signature="()" line-rate="1" branch-rate="1" complexity="1">
              <lines>
                <line number="13" hits="22" branch="false" />
              </lines>
            </method>
            <method name="get_IsActive" signature="()" line-rate="1" branch-rate="1" complexity="1">
              <lines>
                <line number="14" hits="20" branch="false" />
              </lines>
            </method>
            <method name="get_IsAdmin" signature="()" line-rate="1" branch-rate="1" complexity="1">
              <lines>
                <line number="15" hits="20" branch="false" />
              </lines>
            </method>
            <method name="get_Age" signature="()" line-rate="1" branch-rate="1" complexity="1">
              <lines>
                <line number="16" hits="20" branch="false" />
              </lines>
            </method>
            <method name="get_Created_at" signature="()" line-rate="1" branch-rate="1" complexity="1">
              <lines>
                <line number="17" hits="41" branch="false" />
              </lines>
            </method>
            <method name="get_Accounts" signature="()" line-rate="0" branch-rate="1" complexity="1">
              <lines>
                <line number="19" hits="0" branch="false" />
              </lines>
            </method>
          </methods>
          <lines>
            <line number="9" hits="26" branch="false" />
            <line number="10" hits="20" branch="false" />
            <line number="11" hits="27" branch="false" />
            <line number="12" hits="20" branch="false" />
            <line number="13" hits="22" branch="false" />
            <line number="14" hits="20" branch="false" />
            <line number="15" hits="20" branch="false" />
            <line number="16" hits="20" branch="false" />
            <line number="17" hits="41" branch="false" />
            <line number="19" hits="0" branch="false" />
          </lines>
        </class>
        <class name="BankAppCore.Services.AccountOperation" filename="C:\Users\craft\source\repos\SQ010\Task Five\BankAppCore\Services\AccountOperations.cs" line-rate="1" branch-rate="1" complexity="11">
          <methods>
            <method name=".ctor" signature="(...)" line-rate="1" branch-rate="1" complexity="1">
              <lines>
                <line number="14" hits="5" branch="false" />
                <line number="15" hits="5" branch="false" />
                <line number="16" hits="5" branch="false" />
                <line number="17" hits="5" branch="false" />
                <line number="18" hits="5" branch="false" />
              </lines>
            </method>
            <method name="Deposit" signature="()" line-rate="1" branch-rate="1" complexity="2">
              <lines>
                <line number="22" hits="2" branch="false" />
                <line number="24" hits="2" branch="false" />
                <line number="25" hits="2" branch="false" />
                <line number="26" hits="2" branch="false" />
                <line number="27" hits="1" branch="false" />
                <line number="28" hits="1" branch="true" condition-coverage="100% (2/2)" />
                <line number="29" hits="1" branch="false" />
                <line number="30" hits="1" branch="false" />
                <line number="31" hits="1" branch="false" />
                <line number="32" hits="1" branch="false" />
                <line number="33" hits="1" branch="false" />
                <line number="34" hits="1" branch="false" />
                <line number="35" hits="1" branch="false" />
                <line number="36" hits="1" branch="false" />
                <line number="37" hits="1" branch="false" />
                <line number="39" hits="1" branch="false" />
                <line number="40" hits="1" branch="false" />
                <line number="41" hits="1" branch="false" />
                <line number="43" hits="1" branch="false" />
                <line number="44" hits="1" branch="false" />
                <line number="46" hits="1" branch="false" />
                <line number="48" hits="1" branch="false" />
              </lines>
            </method>
            <method name="Withdraw" signature="()" line-rate="1" branch-rate="1" complexity="8">
              <lines>
                <line number="51" hits="3" branch="false" />
                <line number="52" hits="3" branch="false" />
                <line number="54" hits="3" branch="false" />
                <line number="55" hits="3" branch="false" />
                <line number="56" hits="2" branch="true" condition-coverage="100% (2/2)" />
                <line number="57" hits="2" branch="false" />
                <line number="58" hits="2" branch="true" condition-coverage="100% (2/2)" />
                <line number="59" hits="1" branch="false" />
                <line number="60" hits="1" branch="false" />
                <line number="61" hits="1" branch="false" />
                <line number="62" hits="1" branch="true" condition-coverage="100% (2/2)" />
                <line number="63" hits="1" branch="false" />
                <line number="64" hits="1" branch="false" />
                <line number="65" hits="1" branch="false" />
                <line number="66" hits="1" branch="false" />
                <line number="67" hits="1" branch="false" />
                <line number="68" hits="1" branch="false" />
                <line number="69" hits="1" branch="false" />
                <line number="70" hits="1" branch="false" />
                <line number="71" hits="1" branch="false" />
                <line number="73" hits="1" branch="false" />
                <line number="74" hits="1" branch="false" />
                <line number="75" hits="1" branch="false" />
                <line number="76" hits="1" branch="false" />
                <line number="77" hits="1" branch="true" condition-coverage="100% (2/2)" />
                <line number="78" hits="1" branch="false" />
                <line number="79" hits="1" branch="false" />
                <line number="80" hits="1" branch="false" />
                <line number="83" hits="2" branch="false" />
                <line number="84" hits="1" branch="false" />
                <line number="85" hits="1" branch="false" />
                <line number="87" hits="1" branch="false" />
                <line number="90" hits="2" branch="false" />
                <line number="91" hits="2" branch="false" />
              </lines>
            </method>
          </methods>
          <lines>
            <line number="14" hits="5" branch="false" />
            <line number="15" hits="5" branch="false" />
            <line number="16" hits="5" branch="false" />
            <line number="17" hits="5" branch="false" />
            <line number="18" hits="5" branch="false" />
            <line number="22" hits="2" branch="false" />
            <line number="24" hits="2" branch="false" />
            <line number="25" hits="2" branch="false" />
            <line number="26" hits="2" branch="false" />
            <line number="27" hits="1" branch="false" />
            <line number="28" hits="1" branch="true" condition-coverage="100% (2/2)" />
            <line number="29" hits="1" branch="false" />
            <line number="30" hits="1" branch="false" />
            <line number="31" hits="1" branch="false" />
            <line number="32" hits="1" branch="false" />
            <line number="33" hits="1" branch="false" />
            <line number="34" hits="1" branch="false" />
            <line number="35" hits="1" branch="false" />
            <line number="36" hits="1" branch="false" />
            <line number="37" hits="1" branch="false" />
            <line number="39" hits="1" branch="false" />
            <line number="40" hits="1" branch="false" />
            <line number="41" hits="1" branch="false" />
            <line number="43" hits="1" branch="false" />
            <line number="44" hits="1" branch="false" />
            <line number="46" hits="1" branch="false" />
            <line number="48" hits="1" branch="false" />
            <line number="51" hits="3" branch="false" />
            <line number="52" hits="3" branch="false" />
            <line number="54" hits="3" branch="false" />
            <line number="55" hits="3" branch="false" />
            <line number="56" hits="2" branch="true" condition-coverage="100% (2/2)" />
            <line number="57" hits="2" branch="false" />
            <line number="58" hits="2" branch="true" condition-coverage="100% (2/2)" />
            <line number="59" hits="1" branch="false" />
            <line number="60" hits="1" branch="false" />
            <line number="61" hits="1" branch="false" />
            <line number="62" hits="1" branch="true" condition-coverage="100% (2/2)" />
            <line number="63" hits="1" branch="false" />
            <line number="64" hits="1" branch="false" />
            <line number="65" hits="1" branch="false" />
            <line number="66" hits="1" branch="false" />
            <line number="67" hits="1" branch="false" />
            <line number="68" hits="1" branch="false" />
            <line number="69" hits="1" branch="false" />
            <line number="70" hits="1" branch="false" />
            <line number="71" hits="1" branch="false" />
            <line number="73" hits="1" branch="false" />
            <line number="74" hits="1" branch="false" />
            <line number="75" hits="1" branch="false" />
            <line number="76" hits="1" branch="false" />
            <line number="77" hits="1" branch="true" condition-coverage="100% (2/2)" />
            <line number="78" hits="1" branch="false" />
            <line number="79" hits="1" branch="false" />
            <line number="80" hits="1" branch="false" />
            <line number="83" hits="2" branch="false" />
            <line number="84" hits="1" branch="false" />
            <line number="85" hits="1" branch="false" />
            <line number="87" hits="1" branch="false" />
            <line number="90" hits="2" branch="false" />
            <line number="91" hits="2" branch="false" />
          </lines>
        </class>
        <class name="BankAppCore.Services.AccountService" filename="C:\Users\craft\source\repos\SQ010\Task Five\BankAppCore\Services\AccountService.cs" line-rate="0.9803921568627451" branch-rate="0.9375" complexity="19">
          <methods>
            <method name=".ctor" signature="(...)" line-rate="1" branch-rate="1" complexity="1">
              <lines>
                <line number="12" hits="9" branch="false" />
                <line number="14" hits="9" branch="false" />
                <line number="15" hits="9" branch="false" />
                <line number="16" hits="9" branch="false" />
                <line number="17" hits="9" branch="false" />
              </lines>
            </method>
            <method name="AddAccount" signature="()" line-rate="1" branch-rate="1" complexity="1">
              <lines>
                <line number="20" hits="2" branch="false" />
                <line number="22" hits="2" branch="false" />
                <line number="24" hits="2" branch="false" />
                <line number="26" hits="1" branch="false" />
                <line number="27" hits="1" branch="false" />
                <line number="29" hits="1" branch="false" />
                <line number="31" hits="1" branch="false" />
              </lines>
            </method>
            <method name="GetAccountDetails" signature="()" line-rate="1" branch-rate="1" complexity="4">
              <lines>
                <line number="34" hits="2" branch="false" />
                <line number="35" hits="2" branch="false" />
                <line number="36" hits="15" branch="true" condition-coverage="100% (2/2)" />
                <line number="37" hits="5" branch="false" />
                <line number="38" hits="5" branch="true" condition-coverage="100% (2/2)" />
                <line number="39" hits="1" branch="false" />
                <line number="40" hits="4" branch="false" />
                <line number="42" hits="1" branch="false" />
                <line number="43" hits="2" branch="false" />
              </lines>
            </method>
            <method name="GetAllAccountByAUser" signature="()" line-rate="1" branch-rate="1" complexity="6">
              <lines>
                <line number="46" hits="1" branch="false" />
                <line number="47" hits="1" branch="false" />
                <line number="48" hits="1" branch="false" />
                <line number="49" hits="1" branch="true" condition-coverage="100% (2/2)" />
                <line number="50" hits="1" branch="false" />
                <line number="51" hits="7" branch="true" condition-coverage="100% (2/2)" />
                <line number="52" hits="2" branch="false" />
                <line number="53" hits="2" branch="true" condition-coverage="100% (2/2)" />
                <line number="54" hits="2" branch="false" />
                <line number="55" hits="2" branch="false" />
                <line number="56" hits="2" branch="false" />
                <line number="57" hits="2" branch="false" />
                <line number="58" hits="1" branch="false" />
                <line number="60" hits="1" branch="false" />
                <line number="61" hits="1" branch="false" />
              </lines>
            </method>
            <method name="GetAllAccounts" signature="()" line-rate="1" branch-rate="1" complexity="1">
              <lines>
                <line number="64" hits="6" branch="false" />
                <line number="65" hits="6" branch="false" />
                <line number="67" hits="6" branch="false" />
              </lines>
            </method>
            <method name="UpdateAccount" signature="()" line-rate="0.9166666666666666" branch-rate="0.8333333333333334" complexity="6">
              <lines>
                <line number="70" hits="3" branch="false" />
                <line number="71" hits="3" branch="false" />
                <line number="72" hits="3" branch="true" condition-coverage="50% (1/2)" />
                <line number="73" hits="3" branch="false" />
                <line number="74" hits="21" branch="true" condition-coverage="100% (2/2)" />
                <line number="75" hits="6" branch="false" />
                <line number="76" hits="6" branch="true" condition-coverage="100% (2/2)" />
                <line number="77" hits="1" branch="false" />
                <line number="78" hits="6" branch="false" />
                <line number="80" hits="3" branch="false" />
                <line number="83" hits="0" branch="false" />
                <line number="84" hits="3" branch="false" />
              </lines>
            </method>
          </methods>
          <lines>
            <line number="12" hits="9" branch="false" />
            <line number="14" hits="9" branch="false" />
            <line number="15" hits="9" branch="false" />
            <line number="16" hits="9" branch="false" />
            <line number="17" hits="9" branch="false" />
            <line number="20" hits="2" branch="false" />
            <line number="22" hits="2" branch="false" />
            <line number="24" hits="2" branch="false" />
            <line number="26" hits="1" branch="false" />
            <line number="27" hits="1" branch="false" />
            <line number="29" hits="1" branch="false" />
            <line number="31" hits="1" branch="false" />
            <line number="34" hits="2" branch="false" />
            <line number="35" hits="2" branch="false" />
            <line number="36" hits="15" branch="true" condition-coverage="100% (2/2)" />
            <line number="37" hits="5" branch="false" />
            <line number="38" hits="5" branch="true" condition-coverage="100% (2/2)" />
            <line number="39" hits="1" branch="false" />
            <line number="40" hits="4" branch="false" />
            <line number="42" hits="1" branch="false" />
            <line number="43" hits="2" branch="false" />
            <line number="46" hits="1" branch="false" />
            <line number="47" hits="1" branch="false" />
            <line number="48" hits="1" branch="false" />
            <line number="49" hits="1" branch="true" condition-coverage="100% (2/2)" />
            <line number="50" hits="1" branch="false" />
            <line number="51" hits="7" branch="true" condition-coverage="100% (2/2)" />
            <line number="52" hits="2" branch="false" />
            <line number="53" hits="2" branch="true" condition-coverage="100% (2/2)" />
            <line number="54" hits="2" branch="false" />
            <line number="55" hits="2" branch="false" />
            <line number="56" hits="2" branch="false" />
            <line number="57" hits="2" branch="false" />
            <line number="58" hits="1" branch="false" />
            <line number="60" hits="1" branch="false" />
            <line number="61" hits="1" branch="false" />
            <line number="64" hits="6" branch="false" />
            <line number="65" hits="6" branch="false" />
            <line number="67" hits="6" branch="false" />
            <line number="70" hits="3" branch="false" />
            <line number="71" hits="3" branch="false" />
            <line number="72" hits="3" branch="true" condition-coverage="50% (1/2)" />
            <line number="73" hits="3" branch="false" />
            <line number="74" hits="21" branch="true" condition-coverage="100% (2/2)" />
            <line number="75" hits="6" branch="false" />
            <line number="76" hits="6" branch="true" condition-coverage="100% (2/2)" />
            <line number="77" hits="1" branch="false" />
            <line number="78" hits="6" branch="false" />
            <line number="80" hits="3" branch="false" />
            <line number="83" hits="0" branch="false" />
            <line number="84" hits="3" branch="false" />
          </lines>
        </class>
        <class name="BankAppCore.Services.AuthService" filename="C:\Users\craft\source\repos\SQ010\Task Five\BankAppCore\Services\AuthService.cs" line-rate="1" branch-rate="1" complexity="7">
          <methods>
            <method name=".ctor" signature="(...)" line-rate="1" branch-rate="1" complexity="1">
              <lines>
                <line number="19" hits="3" branch="false" />
                <line number="20" hits="3" branch="false" />
                <line number="21" hits="3" branch="false" />
                <line number="22" hits="3" branch="false" />
                <line number="23" hits="3" branch="false" />
                <line number="24" hits="3" branch="false" />
              </lines>
            </method>
            <method name="Login" signature="()" line-rate="1" branch-rate="1" complexity="6">
              <lines>
                <line number="26" hits="3" branch="false" />
                <line number="27" hits="3" branch="false" />
                <line number="28" hits="3" branch="false" />
                <line number="29" hits="3" branch="false" />
                <line number="30" hits="22" branch="true" condition-coverage="100% (2/2)" />
                <line number="31" hits="7" branch="false" />
                <line number="32" hits="7" branch="true" condition-coverage="100% (4/4)" />
                <line number="33" hits="1" branch="false" />
                <line number="34" hits="1" branch="false" />
                <line number="35" hits="1" branch="false" />
                <line number="36" hits="1" branch="false" />
                <line number="41" hits="6" branch="false" />
                <line number="43" hits="2" branch="false" />
                <line number="45" hits="3" branch="false" />
              </lines>
            </method>
          </methods>
          <lines>
            <line number="19" hits="3" branch="false" />
            <line number="20" hits="3" branch="false" />
            <line number="21" hits="3" branch="false" />
            <line number="22" hits="3" branch="false" />
            <line number="23" hits="3" branch="false" />
            <line number="24" hits="3" branch="false" />
            <line number="26" hits="3" branch="false" />
            <line number="27" hits="3" branch="false" />
            <line number="28" hits="3" branch="false" />
            <line number="29" hits="3" branch="false" />
            <line number="30" hits="22" branch="true" condition-coverage="100% (2/2)" />
            <line number="31" hits="7" branch="false" />
            <line number="32" hits="7" branch="true" condition-coverage="100% (4/4)" />
            <line number="33" hits="1" branch="false" />
            <line number="34" hits="1" branch="false" />
            <line number="35" hits="1" branch="false" />
            <line number="36" hits="1" branch="false" />
            <line number="41" hits="6" branch="false" />
            <line number="43" hits="2" branch="false" />
            <line number="45" hits="3" branch="false" />
          </lines>
        </class>
        <class name="BankAppCore.Services.TransactionsService" filename="C:\Users\craft\source\repos\SQ010\Task Five\BankAppCore\Services\TransactionsService.cs" line-rate="1" branch-rate="1" complexity="8">
          <methods>
            <method name=".ctor" signature="(...)" line-rate="1" branch-rate="1" complexity="1">
              <lines>
                <line number="13" hits="3" branch="false" />
                <line number="15" hits="3" branch="false" />
                <line number="16" hits="3" branch="false" />
                <line number="17" hits="3" branch="false" />
                <line number="18" hits="3" branch="false" />
              </lines>
            </method>
            <method name="AddTransaction" signature="()" line-rate="1" branch-rate="1" complexity="1">
              <lines>
                <line number="21" hits="2" branch="false" />
                <line number="23" hits="2" branch="false" />
                <line number="25" hits="2" branch="false" />
                <line number="27" hits="1" branch="false" />
                <line number="28" hits="1" branch="false" />
                <line number="30" hits="1" branch="false" />
                <line number="32" hits="1" branch="false" />
              </lines>
            </method>
            <method name="GetAllTransactionsForAnAccount" signature="()" line-rate="1" branch-rate="1" complexity="6">
              <lines>
                <line number="35" hits="1" branch="false" />
                <line number="36" hits="1" branch="false" />
                <line number="37" hits="1" branch="false" />
                <line number="38" hits="1" branch="true" condition-coverage="100% (2/2)" />
                <line number="39" hits="1" branch="false" />
                <line number="40" hits="11" branch="true" condition-coverage="100% (2/2)" />
                <line number="41" hits="4" branch="false" />
                <line number="42" hits="4" branch="true" condition-coverage="100% (2/2)" />
                <line number="43" hits="2" branch="false" />
                <line number="44" hits="2" branch="false" />
                <line number="45" hits="2" branch="false" />
                <line number="46" hits="4" branch="false" />
                <line number="47" hits="1" branch="false" />
                <line number="49" hits="1" branch="false" />
                <line number="50" hits="1" branch="false" />
              </lines>
            </method>
          </methods>
          <lines>
            <line number="13" hits="3" branch="false" />
            <line number="15" hits="3" branch="false" />
            <line number="16" hits="3" branch="false" />
            <line number="17" hits="3" branch="false" />
            <line number="18" hits="3" branch="false" />
            <line number="21" hits="2" branch="false" />
            <line number="23" hits="2" branch="false" />
            <line number="25" hits="2" branch="false" />
            <line number="27" hits="1" branch="false" />
            <line number="28" hits="1" branch="false" />
            <line number="30" hits="1" branch="false" />
            <line number="32" hits="1" branch="false" />
            <line number="35" hits="1" branch="false" />
            <line number="36" hits="1" branch="false" />
            <line number="37" hits="1" branch="false" />
            <line number="38" hits="1" branch="true" condition-coverage="100% (2/2)" />
            <line number="39" hits="1" branch="false" />
            <line number="40" hits="11" branch="true" condition-coverage="100% (2/2)" />
            <line number="41" hits="4" branch="false" />
            <line number="42" hits="4" branch="true" condition-coverage="100% (2/2)" />
            <line number="43" hits="2" branch="false" />
            <line number="44" hits="2" branch="false" />
            <line number="45" hits="2" branch="false" />
            <line number="46" hits="4" branch="false" />
            <line number="47" hits="1" branch="false" />
            <line number="49" hits="1" branch="false" />
            <line number="50" hits="1" branch="false" />
          </lines>
        </class>
        <class name="BankAppCore.Services.UserRolesService" filename="C:\Users\craft\source\repos\SQ010\Task Five\BankAppCore\Services\UserRolesService.cs" line-rate="0.918918918918919" branch-rate="1" complexity="9">
          <methods>
            <method name=".ctor" signature="(...)" line-rate="1" branch-rate="1" complexity="1">
              <lines>
                <line number="13" hits="5" branch="false" />
                <line number="14" hits="5" branch="false" />
                <line number="16" hits="5" branch="false" />
                <line number="17" hits="5" branch="false" />
                <line number="18" hits="5" branch="false" />
                <line number="19" hits="5" branch="false" />
              </lines>
            </method>
            <method name="AddUserToRole" signature="()" line-rate="0.75" branch-rate="1" complexity="1">
              <lines>
                <line number="21" hits="2" branch="false" />
                <line number="22" hits="2" branch="false" />
                <line number="23" hits="2" branch="false" />
                <line number="24" hits="2" branch="false" />
                <line number="25" hits="2" branch="false" />
                <line number="26" hits="2" branch="false" />
                <line number="29" hits="2" branch="false" />
                <line number="31" hits="2" branch="false" />
                <line number="33" hits="0" branch="false" />
                <line number="34" hits="0" branch="false" />
                <line number="36" hits="0" branch="false" />
                <line number="40" hits="2" branch="false" />
              </lines>
            </method>
            <method name="GetAllRoles" signature="()" line-rate="1" branch-rate="1" complexity="1">
              <lines>
                <line number="43" hits="3" branch="false" />
                <line number="44" hits="3" branch="false" />
                <line number="46" hits="3" branch="false" />
              </lines>
            </method>
            <method name="GetUserRoles" signature="()" line-rate="1" branch-rate="1" complexity="6">
              <lines>
                <line number="49" hits="2" branch="false" />
                <line number="50" hits="2" branch="false" />
                <line number="51" hits="2" branch="false" />
                <line number="52" hits="2" branch="false" />
                <line number="53" hits="2" branch="true" condition-coverage="100% (2/2)" />
                <line number="54" hits="2" branch="false" />
                <line number="55" hits="13" branch="true" condition-coverage="100% (2/2)" />
                <line number="56" hits="4" branch="false" />
                <line number="57" hits="4" branch="true" condition-coverage="100% (2/2)" />
                <line number="58" hits="1" branch="false" />
                <line number="59" hits="4" branch="false" />
                <line number="60" hits="1" branch="false" />
                <line number="62" hits="3" branch="false" />
                <line number="63" hits="1" branch="false" />
                <line number="65" hits="1" branch="false" />
                <line number="66" hits="2" branch="false" />
              </lines>
            </method>
          </methods>
          <lines>
            <line number="13" hits="5" branch="false" />
            <line number="14" hits="5" branch="false" />
            <line number="16" hits="5" branch="false" />
            <line number="17" hits="5" branch="false" />
            <line number="18" hits="5" branch="false" />
            <line number="19" hits="5" branch="false" />
            <line number="21" hits="2" branch="false" />
            <line number="22" hits="2" branch="false" />
            <line number="23" hits="2" branch="false" />
            <line number="24" hits="2" branch="false" />
            <line number="25" hits="2" branch="false" />
            <line number="26" hits="2" branch="false" />
            <line number="29" hits="2" branch="false" />
            <line number="31" hits="2" branch="false" />
            <line number="33" hits="0" branch="false" />
            <line number="34" hits="0" branch="false" />
            <line number="36" hits="0" branch="false" />
            <line number="40" hits="2" branch="false" />
            <line number="43" hits="3" branch="false" />
            <line number="44" hits="3" branch="false" />
            <line number="46" hits="3" branch="false" />
            <line number="49" hits="2" branch="false" />
            <line number="50" hits="2" branch="false" />
            <line number="51" hits="2" branch="false" />
            <line number="52" hits="2" branch="false" />
            <line number="53" hits="2" branch="true" condition-coverage="100% (2/2)" />
            <line number="54" hits="2" branch="false" />
            <line number="55" hits="13" branch="true" condition-coverage="100% (2/2)" />
            <line number="56" hits="4" branch="false" />
            <line number="57" hits="4" branch="true" condition-coverage="100% (2/2)" />
            <line number="58" hits="1" branch="false" />
            <line number="59" hits="4" branch="false" />
            <line number="60" hits="1" branch="false" />
            <line number="62" hits="3" branch="false" />
            <line number="63" hits="1" branch="false" />
            <line number="65" hits="1" branch="false" />
            <line number="66" hits="2" branch="false" />
          </lines>
        </class>
        <class name="BankAppCore.Services.UserService" filename="C:\Users\craft\source\repos\SQ010\Task Five\BankAppCore\Services\UserService.cs" line-rate="1" branch-rate="1" complexity="9">
          <methods>
            <method name=".ctor" signature="(...)" line-rate="1" branch-rate="1" complexity="1">
              <lines>
                <line number="14" hits="5" branch="false" />
                <line number="16" hits="5" branch="false" />
                <line number="17" hits="5" branch="false" />
                <line number="18" hits="5" branch="false" />
                <line number="19" hits="5" branch="false" />
              </lines>
            </method>
            <method name="AddUser" signature="()" line-rate="1" branch-rate="1" complexity="1">
              <lines>
                <line number="21" hits="2" branch="false" />
                <line number="23" hits="2" branch="false" />
                <line number="25" hits="2" branch="false" />
                <line number="27" hits="1" branch="false" />
                <line number="28" hits="1" branch="false" />
                <line number="30" hits="1" branch="false" />
                <line number="32" hits="1" branch="false" />
              </lines>
            </method>
            <method name="GetAllUsers" signature="()" line-rate="1" branch-rate="1" complexity="1">
              <lines>
                <line number="36" hits="1" branch="false" />
                <line number="37" hits="1" branch="false" />
                <line number="39" hits="1" branch="false" />
              </lines>
            </method>
            <method name="GetUserById" signature="()" line-rate="1" branch-rate="1" complexity="6">
              <lines>
                <line number="42" hits="2" branch="false" />
                <line number="43" hits="2" branch="false" />
                <line number="44" hits="2" branch="true" condition-coverage="100% (2/2)" />
                <line number="45" hits="2" branch="false" />
                <line number="46" hits="13" branch="true" condition-coverage="100% (2/2)" />
                <line number="47" hits="4" branch="false" />
                <line number="48" hits="4" branch="true" condition-coverage="100% (2/2)" />
                <line number="49" hits="1" branch="false" />
                <line number="50" hits="1" branch="false" />
                <line number="52" hits="3" branch="false" />
                <line number="53" hits="1" branch="false" />
                <line number="55" hits="1" branch="false" />
                <line number="56" hits="2" branch="false" />
              </lines>
            </method>
          </methods>
          <lines>
            <line number="14" hits="5" branch="false" />
            <line number="16" hits="5" branch="false" />
            <line number="17" hits="5" branch="false" />
            <line number="18" hits="5" branch="false" />
            <line number="19" hits="5" branch="false" />
            <line number="21" hits="2" branch="false" />
            <line number="23" hits="2" branch="false" />
            <line number="25" hits="2" branch="false" />
            <line number="27" hits="1" branch="false" />
            <line number="28" hits="1" branch="false" />
            <line number="30" hits="1" branch="false" />
            <line number="32" hits="1" branch="false" />
            <line number="36" hits="1" branch="false" />
            <line number="37" hits="1" branch="false" />
            <line number="39" hits="1" branch="false" />
            <line number="42" hits="2" branch="false" />
            <line number="43" hits="2" branch="false" />
            <line number="44" hits="2" branch="true" condition-coverage="100% (2/2)" />
            <line number="45" hits="2" branch="false" />
            <line number="46" hits="13" branch="true" condition-coverage="100% (2/2)" />
            <line number="47" hits="4" branch="false" />
            <line number="48" hits="4" branch="true" condition-coverage="100% (2/2)" />
            <line number="49" hits="1" branch="false" />
            <line number="50" hits="1" branch="false" />
            <line number="52" hits="3" branch="false" />
            <line number="53" hits="1" branch="false" />
            <line number="55" hits="1" branch="false" />
            <line number="56" hits="2" branch="false" />
          </lines>
        </class>
      </classes>
    </package>
    <package name="BankAppTest" line-rate="0.9946524064171123" branch-rate="1" complexity="50">
      <classes>
        <class name="AutoGeneratedProgram" filename="C:\Users\craft\.nuget\packages\microsoft.net.test.sdk\16.9.4\build\netcoreapp2.1\Microsoft.NET.Test.Sdk.Program.cs" line-rate="0" branch-rate="1" complexity="1">
          <methods>
            <method name="Main" signature="(...)" line-rate="0" branch-rate="1" complexity="1">
              <lines>
                <line number="4" hits="0" branch="false" />
              </lines>
            </method>
          </methods>
          <lines>
            <line number="4" hits="0" branch="false" />
          </lines>
        </class>
        <class name="BankAppTest.AccountOperationsTest" filename="C:\Users\craft\source\repos\SQ010\Task Five\BankAppTest\AccountOperationsTest.cs" line-rate="1" branch-rate="1" complexity="6">
          <methods>
            <method name="DepositShouldReturnTrueWhenNoError" signature="()" line-rate="1" branch-rate="1" complexity="1">
              <lines>
                <line number="28" hits="1" branch="false" />
                <line number="30" hits="1" branch="false" />
                <line number="31" hits="1" branch="false" />
                <line number="32" hits="1" branch="false" />
                <line number="33" hits="1" branch="false" />
                <line number="34" hits="1" branch="false" />
                <line number="35" hits="1" branch="false" />
                <line number="36" hits="1" branch="false" />
                <line number="40" hits="1" branch="false" />
                <line number="41" hits="1" branch="false" />
                <line number="44" hits="1" branch="false" />
                <line number="45" hits="1" branch="false" />
              </lines>
            </method>
            <method name="DepositShouldThrowExceptionWhenWrongAccount" signature="()" line-rate="1" branch-rate="1" complexity="1">
              <lines>
                <line number="49" hits="1" branch="false" />
                <line number="51" hits="1" branch="false" />
                <line number="52" hits="1" branch="false" />
                <line number="56" hits="1" branch="false" />
                <line number="60" hits="2" branch="false" />
                <line number="61" hits="1" branch="false" />
              </lines>
            </method>
            <method name="WithdrawShouldReturnTrueWhenNoError" signature="()" line-rate="1" branch-rate="1" complexity="1">
              <lines>
                <line number="65" hits="1" branch="false" />
                <line number="67" hits="1" branch="false" />
                <line number="68" hits="1" branch="false" />
                <line number="69" hits="1" branch="false" />
                <line number="70" hits="1" branch="false" />
                <line number="71" hits="1" branch="false" />
                <line number="72" hits="1" branch="false" />
                <line number="73" hits="1" branch="false" />
                <line number="77" hits="1" branch="false" />
                <line number="78" hits="1" branch="false" />
                <line number="81" hits="1" branch="false" />
                <line number="82" hits="1" branch="false" />
              </lines>
            </method>
            <method name="WithdrawShouldReturnTrueWhenIsError" signature="()" line-rate="1" branch-rate="1" complexity="1">
              <lines>
                <line number="86" hits="1" branch="false" />
                <line number="88" hits="1" branch="false" />
                <line number="89" hits="1" branch="false" />
                <line number="90" hits="1" branch="false" />
                <line number="94" hits="1" branch="false" />
                <line number="97" hits="2" branch="false" />
                <line number="98" hits="1" branch="false" />
              </lines>
            </method>
            <method name="WithdrawShouldReturnFalseWhenBalanceBelowMinBalance" signature="()" line-rate="1" branch-rate="1" complexity="1">
              <lines>
                <line number="102" hits="1" branch="false" />
                <line number="104" hits="1" branch="false" />
                <line number="105" hits="1" branch="false" />
                <line number="106" hits="1" branch="false" />
                <line number="107" hits="1" branch="false" />
                <line number="110" hits="1" branch="false" />
                <line number="111" hits="1" branch="false" />
                <line number="114" hits="1" branch="false" />
                <line number="115" hits="1" branch="false" />
              </lines>
            </method>
            <method name=".ctor" signature="()" line-rate="1" branch-rate="1" complexity="1">
              <lines>
                <line number="20" hits="5" branch="false" />
                <line number="21" hits="5" branch="false" />
                <line number="22" hits="5" branch="false" />
                <line number="23" hits="5" branch="false" />
                <line number="24" hits="5" branch="false" />
              </lines>
            </method>
          </methods>
          <lines>
            <line number="20" hits="5" branch="false" />
            <line number="21" hits="5" branch="false" />
            <line number="22" hits="5" branch="false" />
            <line number="23" hits="5" branch="false" />
            <line number="24" hits="5" branch="false" />
            <line number="28" hits="1" branch="false" />
            <line number="30" hits="1" branch="false" />
            <line number="31" hits="1" branch="false" />
            <line number="32" hits="1" branch="false" />
            <line number="33" hits="1" branch="false" />
            <line number="34" hits="1" branch="false" />
            <line number="35" hits="1" branch="false" />
            <line number="36" hits="1" branch="false" />
            <line number="40" hits="1" branch="false" />
            <line number="41" hits="1" branch="false" />
            <line number="44" hits="1" branch="false" />
            <line number="45" hits="1" branch="false" />
            <line number="49" hits="1" branch="false" />
            <line number="51" hits="1" branch="false" />
            <line number="52" hits="1" branch="false" />
            <line number="56" hits="1" branch="false" />
            <line number="60" hits="2" branch="false" />
            <line number="61" hits="1" branch="false" />
            <line number="65" hits="1" branch="false" />
            <line number="67" hits="1" branch="false" />
            <line number="68" hits="1" branch="false" />
            <line number="69" hits="1" branch="false" />
            <line number="70" hits="1" branch="false" />
            <line number="71" hits="1" branch="false" />
            <line number="72" hits="1" branch="false" />
            <line number="73" hits="1" branch="false" />
            <line number="77" hits="1" branch="false" />
            <line number="78" hits="1" branch="false" />
            <line number="81" hits="1" branch="false" />
            <line number="82" hits="1" branch="false" />
            <line number="86" hits="1" branch="false" />
            <line number="88" hits="1" branch="false" />
            <line number="89" hits="1" branch="false" />
            <line number="90" hits="1" branch="false" />
            <line number="94" hits="1" branch="false" />
            <line number="97" hits="2" branch="false" />
            <line number="98" hits="1" branch="false" />
            <line number="102" hits="1" branch="false" />
            <line number="104" hits="1" branch="false" />
            <line number="105" hits="1" branch="false" />
            <line number="106" hits="1" branch="false" />
            <line number="107" hits="1" branch="false" />
            <line number="110" hits="1" branch="false" />
            <line number="111" hits="1" branch="false" />
            <line number="114" hits="1" branch="false" />
            <line number="115" hits="1" branch="false" />
          </lines>
        </class>
        <class name="BankAppTest.AccountServiceTest" filename="C:\Users\craft\source\repos\SQ010\Task Five\BankAppTest\AccountServiceTest.cs" line-rate="1" branch-rate="1" complexity="10">
          <methods>
            <method name="GetAllAccountShouldReturnListOfAllAccounts" signature="()" line-rate="1" branch-rate="1" complexity="1">
              <lines>
                <line number="24" hits="1" branch="false" />
                <line number="26" hits="1" branch="false" />
                <line number="27" hits="1" branch="false" />
                <line number="30" hits="1" branch="false" />
                <line number="31" hits="1" branch="false" />
                <line number="34" hits="1" branch="false" />
                <line number="35" hits="1" branch="false" />
                <line number="36" hits="1" branch="false" />
              </lines>
            </method>
            <method name="GetAllAccountByAUserShouldReturnListOfAccounts" signature="()" line-rate="1" branch-rate="1" complexity="1">
              <lines>
                <line number="40" hits="1" branch="false" />
                <line number="42" hits="1" branch="false" />
                <line number="43" hits="1" branch="false" />
                <line number="44" hits="4" branch="false" />
                <line number="45" hits="1" branch="false" />
                <line number="48" hits="1" branch="false" />
                <line number="49" hits="1" branch="false" />
                <line number="52" hits="1" branch="false" />
                <line number="53" hits="1" branch="false" />
                <line number="54" hits="1" branch="false" />
                <line number="55" hits="1" branch="false" />
                <line number="56" hits="1" branch="false" />
              </lines>
            </method>
            <method name="GetAccountDetailsShouldReturnAccount" signature="()" line-rate="1" branch-rate="1" complexity="1">
              <lines>
                <line number="60" hits="1" branch="false" />
                <line number="62" hits="1" branch="false" />
                <line number="63" hits="1" branch="false" />
                <line number="64" hits="1" branch="false" />
                <line number="65" hits="3" branch="false" />
                <line number="69" hits="1" branch="false" />
                <line number="70" hits="1" branch="false" />
                <line number="73" hits="1" branch="false" />
                <line number="74" hits="1" branch="false" />
                <line number="75" hits="1" branch="false" />
                <line number="76" hits="1" branch="false" />
              </lines>
            </method>
            <method name="GetAccountDetailsShouldReturnNullForInCorrectAccountNumber" signature="()" line-rate="1" branch-rate="1" complexity="1">
              <lines>
                <line number="80" hits="1" branch="false" />
                <line number="82" hits="1" branch="false" />
                <line number="83" hits="1" branch="false" />
                <line number="84" hits="1" branch="false" />
                <line number="85" hits="4" branch="false" />
                <line number="89" hits="1" branch="false" />
                <line number="90" hits="1" branch="false" />
                <line number="93" hits="1" branch="false" />
                <line number="94" hits="1" branch="false" />
                <line number="96" hits="1" branch="false" />
              </lines>
            </method>
            <method name="ShouldThrowExceptionWhenAddAccountHasError" signature="()" line-rate="1" branch-rate="1" complexity="1">
              <lines>
                <line number="116" hits="1" branch="false" />
                <line number="118" hits="1" branch="false" />
                <line number="119" hits="1" branch="false" />
                <line number="122" hits="1" branch="false" />
                <line number="125" hits="2" branch="false" />
                <line number="127" hits="1" branch="false" />
              </lines>
            </method>
            <method name="UpdateAccountShouldReturnTrueNoError" signature="()" line-rate="1" branch-rate="1" complexity="1">
              <lines>
                <line number="131" hits="1" branch="false" />
                <line number="133" hits="1" branch="false" />
                <line number="134" hits="1" branch="false" />
                <line number="135" hits="1" branch="false" />
                <line number="136" hits="2" branch="false" />
                <line number="137" hits="1" branch="false" />
                <line number="138" hits="1" branch="false" />
                <line number="142" hits="1" branch="false" />
                <line number="143" hits="1" branch="false" />
                <line number="146" hits="1" branch="false" />
                <line number="147" hits="1" branch="false" />
              </lines>
            </method>
            <method name="UpdateAccountShouldReturnFalseWithError" signature="()" line-rate="1" branch-rate="1" complexity="1">
              <lines>
                <line number="151" hits="1" branch="false" />
                <line number="153" hits="1" branch="false" />
                <line number="154" hits="1" branch="false" />
                <line number="155" hits="1" branch="false" />
                <line number="157" hits="1" branch="false" />
                <line number="161" hits="1" branch="false" />
                <line number="162" hits="1" branch="false" />
                <line number="165" hits="1" branch="false" />
                <line number="166" hits="1" branch="false" />
              </lines>
            </method>
            <method name="UpdateAccountShouldReturnFalseWhenAccountsIsEmpty" signature="()" line-rate="1" branch-rate="1" complexity="1">
              <lines>
                <line number="170" hits="1" branch="false" />
                <line number="172" hits="1" branch="false" />
                <line number="173" hits="1" branch="false" />
                <line number="174" hits="1" branch="false" />
                <line number="178" hits="1" branch="false" />
                <line number="179" hits="1" branch="false" />
                <line number="182" hits="1" branch="false" />
                <line number="183" hits="1" branch="false" />
              </lines>
            </method>
            <method name=".ctor" signature="()" line-rate="1" branch-rate="1" complexity="1">
              <lines>
                <line number="17" hits="9" branch="false" />
                <line number="18" hits="9" branch="false" />
                <line number="19" hits="9" branch="false" />
                <line number="20" hits="9" branch="false" />
              </lines>
            </method>
            <method name="ShouldAddAccountWhenNoError" signature="()" line-rate="1" branch-rate="1" complexity="1">
              <lines>
                <line number="100" hits="1" branch="false" />
                <line number="102" hits="1" branch="false" />
                <line number="103" hits="1" branch="false" />
                <line number="106" hits="1" branch="false" />
                <line number="107" hits="1" branch="false" />
                <line number="110" hits="1" branch="false" />
                <line number="111" hits="1" branch="false" />
                <line number="112" hits="1" branch="false" />
              </lines>
            </method>
          </methods>
          <lines>
            <line number="17" hits="9" branch="false" />
            <line number="18" hits="9" branch="false" />
            <line number="19" hits="9" branch="false" />
            <line number="20" hits="9" branch="false" />
            <line number="24" hits="1" branch="false" />
            <line number="26" hits="1" branch="false" />
            <line number="27" hits="1" branch="false" />
            <line number="30" hits="1" branch="false" />
            <line number="31" hits="1" branch="false" />
            <line number="34" hits="1" branch="false" />
            <line number="35" hits="1" branch="false" />
            <line number="36" hits="1" branch="false" />
            <line number="40" hits="1" branch="false" />
            <line number="42" hits="1" branch="false" />
            <line number="43" hits="1" branch="false" />
            <line number="44" hits="4" branch="false" />
            <line number="45" hits="1" branch="false" />
            <line number="48" hits="1" branch="false" />
            <line number="49" hits="1" branch="false" />
            <line number="52" hits="1" branch="false" />
            <line number="53" hits="1" branch="false" />
            <line number="54" hits="1" branch="false" />
            <line number="55" hits="1" branch="false" />
            <line number="56" hits="1" branch="false" />
            <line number="60" hits="1" branch="false" />
            <line number="62" hits="1" branch="false" />
            <line number="63" hits="1" branch="false" />
            <line number="64" hits="1" branch="false" />
            <line number="65" hits="3" branch="false" />
            <line number="69" hits="1" branch="false" />
            <line number="70" hits="1" branch="false" />
            <line number="73" hits="1" branch="false" />
            <line number="74" hits="1" branch="false" />
            <line number="75" hits="1" branch="false" />
            <line number="76" hits="1" branch="false" />
            <line number="80" hits="1" branch="false" />
            <line number="82" hits="1" branch="false" />
            <line number="83" hits="1" branch="false" />
            <line number="84" hits="1" branch="false" />
            <line number="85" hits="4" branch="false" />
            <line number="89" hits="1" branch="false" />
            <line number="90" hits="1" branch="false" />
            <line number="93" hits="1" branch="false" />
            <line number="94" hits="1" branch="false" />
            <line number="96" hits="1" branch="false" />
            <line number="100" hits="1" branch="false" />
            <line number="102" hits="1" branch="false" />
            <line number="103" hits="1" branch="false" />
            <line number="106" hits="1" branch="false" />
            <line number="107" hits="1" branch="false" />
            <line number="110" hits="1" branch="false" />
            <line number="111" hits="1" branch="false" />
            <line number="112" hits="1" branch="false" />
            <line number="116" hits="1" branch="false" />
            <line number="118" hits="1" branch="false" />
            <line number="119" hits="1" branch="false" />
            <line number="122" hits="1" branch="false" />
            <line number="125" hits="2" branch="false" />
            <line number="127" hits="1" branch="false" />
            <line number="131" hits="1" branch="false" />
            <line number="133" hits="1" branch="false" />
            <line number="134" hits="1" branch="false" />
            <line number="135" hits="1" branch="false" />
            <line number="136" hits="2" branch="false" />
            <line number="137" hits="1" branch="false" />
            <line number="138" hits="1" branch="false" />
            <line number="142" hits="1" branch="false" />
            <line number="143" hits="1" branch="false" />
            <line number="146" hits="1" branch="false" />
            <line number="147" hits="1" branch="false" />
            <line number="151" hits="1" branch="false" />
            <line number="153" hits="1" branch="false" />
            <line number="154" hits="1" branch="false" />
            <line number="155" hits="1" branch="false" />
            <line number="157" hits="1" branch="false" />
            <line number="161" hits="1" branch="false" />
            <line number="162" hits="1" branch="false" />
            <line number="165" hits="1" branch="false" />
            <line number="166" hits="1" branch="false" />
            <line number="170" hits="1" branch="false" />
            <line number="172" hits="1" branch="false" />
            <line number="173" hits="1" branch="false" />
            <line number="174" hits="1" branch="false" />
            <line number="178" hits="1" branch="false" />
            <line number="179" hits="1" branch="false" />
            <line number="182" hits="1" branch="false" />
            <line number="183" hits="1" branch="false" />
          </lines>
        </class>
        <class name="BankAppTest.AuthTest" filename="C:\Users\craft\source\repos\SQ010\Task Five\BankAppTest\AuthTest.cs" line-rate="1" branch-rate="1" complexity="3">
          <methods>
            <method name=".ctor" signature="()" line-rate="1" branch-rate="1" complexity="1">
              <lines>
                <line number="22" hits="3" branch="false" />
                <line number="23" hits="3" branch="false" />
                <line number="24" hits="3" branch="false" />
                <line number="25" hits="3" branch="false" />
                <line number="26" hits="3" branch="false" />
                <line number="27" hits="3" branch="false" />
                <line number="28" hits="3" branch="false" />
              </lines>
            </method>
            <method name="LoginShouldReturnUserWithCorrectCredential" signature="()" line-rate="1" branch-rate="1" complexity="1">
              <lines>
                <line number="33" hits="1" branch="false" />
                <line number="35" hits="1" branch="false" />
                <line number="36" hits="1" branch="false" />
                <line number="37" hits="1" branch="false" />
                <line number="38" hits="1" branch="false" />
                <line number="39" hits="2" branch="false" />
                <line number="40" hits="1" branch="false" />
                <line number="41" hits="1" branch="false" />
                <line number="42" hits="1" branch="false" />
                <line number="43" hits="1" branch="false" />
                <line number="46" hits="1" branch="false" />
                <line number="47" hits="1" branch="false" />
                <line number="50" hits="1" branch="false" />
                <line number="51" hits="1" branch="false" />
                <line number="54" hits="1" branch="false" />
              </lines>
            </method>
            <method name="LoginShouldReturnNullWithInCorrectCredential" signature="()" line-rate="1" branch-rate="1" complexity="1">
              <lines>
                <line number="60" hits="2" branch="false" />
                <line number="62" hits="2" branch="false" />
                <line number="63" hits="2" branch="false" />
                <line number="64" hits="2" branch="false" />
                <line number="67" hits="2" branch="false" />
                <line number="68" hits="2" branch="false" />
                <line number="71" hits="2" branch="false" />
                <line number="74" hits="2" branch="false" />
              </lines>
            </method>
          </methods>
          <lines>
            <line number="22" hits="3" branch="false" />
            <line number="23" hits="3" branch="false" />
            <line number="24" hits="3" branch="false" />
            <line number="25" hits="3" branch="false" />
            <line number="26" hits="3" branch="false" />
            <line number="27" hits="3" branch="false" />
            <line number="28" hits="3" branch="false" />
            <line number="33" hits="1" branch="false" />
            <line number="35" hits="1" branch="false" />
            <line number="36" hits="1" branch="false" />
            <line number="37" hits="1" branch="false" />
            <line number="38" hits="1" branch="false" />
            <line number="39" hits="2" branch="false" />
            <line number="40" hits="1" branch="false" />
            <line number="41" hits="1" branch="false" />
            <line number="42" hits="1" branch="false" />
            <line number="43" hits="1" branch="false" />
            <line number="46" hits="1" branch="false" />
            <line number="47" hits="1" branch="false" />
            <line number="50" hits="1" branch="false" />
            <line number="51" hits="1" branch="false" />
            <line number="54" hits="1" branch="false" />
            <line number="60" hits="2" branch="false" />
            <line number="62" hits="2" branch="false" />
            <line number="63" hits="2" branch="false" />
            <line number="64" hits="2" branch="false" />
            <line number="67" hits="2" branch="false" />
            <line number="68" hits="2" branch="false" />
            <line number="71" hits="2" branch="false" />
            <line number="74" hits="2" branch="false" />
          </lines>
        </class>
        <class name="BankAppTest.Helper" filename="C:\Users\craft\source\repos\SQ010\Task Five\BankAppTest\Helper.cs" line-rate="1" branch-rate="1" complexity="5">
          <methods>
            <method name="ListOfUsers" signature="()" line-rate="1" branch-rate="1" complexity="1">
              <lines>
                <line number="13" hits="6" branch="false" />
                <line number="14" hits="6" branch="false" />
                <line number="15" hits="6" branch="false" />
                <line number="16" hits="6" branch="false" />
                <line number="17" hits="6" branch="false" />
                <line number="18" hits="6" branch="false" />
                <line number="19" hits="6" branch="false" />
                <line number="21" hits="6" branch="false" />
                <line number="22" hits="6" branch="false" />
              </lines>
[...]
              </lines>
            </method>
          </methods>
          <lines>
            <line number="17" hits="3" branch="false" />
            <line number="18" hits="3" branch="false" />
            <line number="19" hits="3" branch="false" />
            <line number="20" hits="3" branch="false" />
            <line number="24" hits="1" branch="false" />
            <line number="26" hits="1" branch="false" />
            <line number="27" hits="1" branch="false" />
            <line number="28" hits="5" branch="false" />
            <line number="29" hits="1" branch="false" />
            <line number="32" hits="1" branch="false" />
            <line number="33" hits="1" branch="false" />
            <line number="36" hits="1" branch="false" />
            <line number="37" hits="1" branch="false" />
            <line number="38" hits="1" branch="false" />
            <line number="42" hits="1" branch="false" />
            <line number="44" hits="1" branch="false" />
            <line number="45" hits="1" branch="false" />
            <line number="48" hits="1" branch="false" />
            <line number="49" hits="1" branch="false" />
            <line number="52" hits="1" branch="false" />
            <line number="53" hits="1" branch="false" />
            <line number="54" hits="1" branch="false" />
            <line number="59" hits="1" branch="false" />
            <line number="61" hits="1" branch="false" />
            <line number="62" hits="1" branch="false" />
            <line number="65" hits="1" branch="false" />
            <line number="69" hits="2" branch="false" />
            <line number="70" hits="1" branch="false" />
          </lines>
        </class>
        <class name="BankAppTest.UserRoleServiceTest" filename="C:\Users\craft\source\repos\SQ010\Task Five\BankAppTest\UserRoleServiceTest.cs" line-rate="0.9777777777777777" branch-rate="1" complexity="6">
          <methods>
            <method name="GetAllRolesShouldReturnListOfAllRoles" signature="()" line-rate="1" branch-rate="1" complexity="1">
              <lines>
                <line number="27" hits="1" branch="false" />
                <line number="29" hits="1" branch="false" />
                <line number="30" hits="1" branch="false" />
                <line number="33" hits="1" branch="false" />
                <line number="34" hits="1" branch="false" />
                <line number="37" hits="1" branch="false" />
                <line number="38" hits="1" branch="false" />
                <line number="39" hits="1" branch="false" />
              </lines>
            </method>
            <method name="AddUserToRolesShouldThrowExceptionWhenIsError" signature="()" line-rate="1" branch-rate="1" complexity="1">
              <lines>
                <line number="59" hits="1" branch="false" />
                <line number="61" hits="1" branch="false" />
                <line number="62" hits="1" branch="false" />
                <line number="65" hits="1" branch="false" />
                <line number="69" hits="2" branch="false" />
                <line number="71" hits="1" branch="false" />
              </lines>
            </method>
            <method name=".ctor" signature="()" line-rate="1" branch-rate="1" complexity="1">
              <lines>
                <line number="19" hits="5" branch="false" />
                <line number="20" hits="5" branch="false" />
                <line number="21" hits="5" branch="false" />
                <line number="22" hits="5" branch="false" />
                <line number="23" hits="5" branch="false" />
              </lines>
            </method>
            <method name="AddUserToRolesShouldReturnTrueWhenNoError" signature="()" line-rate="0.8571428571428571" branch-rate="1" complexity="1">
              <lines>
                <line number="44" hits="1" branch="false" />
                <line number="46" hits="1" branch="false" />
                <line number="47" hits="1" branch="false" />
                <line number="50" hits="1" branch="false" />
                <line number="51" hits="1" branch="false" />
                <line number="54" hits="1" branch="false" />
                <line number="56" hits="0" branch="false" />
              </lines>
            </method>
            <method name="GetAUserRolesShouldReturnRoleWithCorrectId" signature="()" line-rate="1" branch-rate="1" complexity="1">
              <lines>
                <line number="75" hits="1" branch="false" />
                <line number="77" hits="1" branch="false" />
                <line number="78" hits="1" branch="false" />
                <line number="79" hits="1" branch="false" />
                <line number="80" hits="1" branch="false" />
                <line number="83" hits="1" branch="false" />
                <line number="84" hits="1" branch="false" />
                <line number="87" hits="1" branch="false" />
                <line number="88" hits="1" branch="false" />
                <line number="90" hits="1" branch="false" />
              </lines>
            </method>
            <method name="GetAUserRoleShouldReturnNullWithInCorrectId" signature="()" line-rate="1" branch-rate="1" complexity="1">
              <lines>
                <line number="94" hits="1" branch="false" />
                <line number="96" hits="1" branch="false" />
                <line number="97" hits="1" branch="false" />
                <line number="98" hits="1" branch="false" />
                <line number="99" hits="1" branch="false" />
                <line number="102" hits="1" branch="false" />
                <line number="103" hits="1" branch="false" />
                <line number="106" hits="1" branch="false" />
                <line number="108" hits="1" branch="false" />
              </lines>
            </method>
          </methods>
          <lines>
            <line number="19" hits="5" branch="false" />
            <line number="20" hits="5" branch="false" />
            <line number="21" hits="5" branch="false" />
            <line number="22" hits="5" branch="false" />
            <line number="23" hits="5" branch="false" />
            <line number="27" hits="1" branch="false" />
            <line number="29" hits="1" branch="false" />
            <line number="30" hits="1" branch="false" />
            <line number="33" hits="1" branch="false" />
            <line number="34" hits="1" branch="false" />
            <line number="37" hits="1" branch="false" />
            <line number="38" hits="1" branch="false" />
            <line number="39" hits="1" branch="false" />
            <line number="44" hits="1" branch="false" />
            <line number="46" hits="1" branch="false" />
            <line number="47" hits="1" branch="false" />
            <line number="50" hits="1" branch="false" />
            <line number="51" hits="1" branch="false" />
            <line number="54" hits="1" branch="false" />
            <line number="56" hits="0" branch="false" />
            <line number="59" hits="1" branch="false" />
            <line number="61" hits="1" branch="false" />
            <line number="62" hits="1" branch="false" />
            <line number="65" hits="1" branch="false" />
            <line number="69" hits="2" branch="false" />
            <line number="71" hits="1" branch="false" />
            <line number="75" hits="1" branch="false" />
            <line number="77" hits="1" branch="false" />
            <line number="78" hits="1" branch="false" />
            <line number="79" hits="1" branch="false" />
            <line number="80" hits="1" branch="false" />
            <line number="83" hits="1" branch="false" />
            <line number="84" hits="1" branch="false" />
            <line number="87" hits="1" branch="false" />
            <line number="88" hits="1" branch="false" />
            <line number="90" hits="1" branch="false" />
            <line number="94" hits="1" branch="false" />
            <line number="96" hits="1" branch="false" />
            <line number="97" hits="1" branch="false" />
            <line number="98" hits="1" branch="false" />
            <line number="99" hits="1" branch="false" />
            <line number="102" hits="1" branch="false" />
            <line number="103" hits="1" branch="false" />
            <line number="106" hits="1" branch="false" />
            <line number="108" hits="1" branch="false" />
          </lines>
        </class>
        <class name="BankAppTest.UserServicesTest" filename="C:\Users\craft\source\repos\SQ010\Task Five\BankAppTest\UserServicesTest.cs" line-rate="1" branch-rate="1" complexity="6">
          <methods>
            <method name="ShouldGetAllUsers" signature="()" line-rate="1" branch-rate="1" complexity="1">
              <lines>
                <line number="29" hits="1" branch="false" />
                <line number="31" hits="1" branch="false" />
                <line number="32" hits="1" branch="false" />
                <line number="35" hits="1" branch="false" />
                <line number="36" hits="1" branch="false" />
                <line number="39" hits="1" branch="false" />
                <line number="40" hits="1" branch="false" />
                <line number="41" hits="1" branch="false" />
              </lines>
            </method>
            <method name="ShouldThrowExceptionWhenAddUserError" signature="()" line-rate="1" branch-rate="1" complexity="1">
              <lines>
                <line number="63" hits="1" branch="false" />
                <line number="65" hits="1" branch="false" />
                <line number="66" hits="1" branch="false" />
                <line number="69" hits="1" branch="false" />
                <line number="73" hits="2" branch="false" />
                <line number="75" hits="1" branch="false" />
              </lines>
            </method>
            <method name=".ctor" signature="()" line-rate="1" branch-rate="1" complexity="1">
              <lines>
                <line number="19" hits="5" branch="false" />
                <line number="20" hits="5" branch="false" />
                <line number="21" hits="5" branch="false" />
                <line number="23" hits="5" branch="false" />
              </lines>
            </method>
            <method name="ShouldAddUserWhenNoError" signature="()" line-rate="1" branch-rate="1" complexity="1">
              <lines>
                <line number="47" hits="1" branch="false" />
                <line number="49" hits="1" branch="false" />
                <line number="50" hits="1" branch="false" />
                <line number="53" hits="1" branch="false" />
                <line number="54" hits="1" branch="false" />
                <line number="57" hits="1" branch="false" />
                <line number="58" hits="1" branch="false" />
                <line number="59" hits="1" branch="false" />
              </lines>
            </method>
            <method name="ShouldGetAUserWhenWithCorrectId" signature="()" line-rate="1" branch-rate="1" complexity="1">
              <lines>
                <line number="79" hits="1" branch="false" />
                <line number="81" hits="1" branch="false" />
                <line number="82" hits="1" branch="false" />
                <line number="85" hits="1" branch="false" />
                <line number="86" hits="1" branch="false" />
                <line number="89" hits="1" branch="false" />
                <line number="91" hits="1" branch="false" />
              </lines>
            </method>
            <method name="ShouldReturnNullWhenWithInCorrectId" signature="()" line-rate="1" branch-rate="1" complexity="1">
              <lines>
                <line number="95" hits="1" branch="false" />
                <line number="97" hits="1" branch="false" />
                <line number="98" hits="1" branch="false" />
                <line number="101" hits="1" branch="false" />
                <line number="102" hits="1" branch="false" />
                <line number="105" hits="1" branch="false" />
                <line number="107" hits="1" branch="false" />
              </lines>
            </method>
          </methods>
          <lines>
            <line number="19" hits="5" branch="false" />
            <line number="20" hits="5" branch="false" />
            <line number="21" hits="5" branch="false" />
            <line number="23" hits="5" branch="false" />
            <line number="29" hits="1" branch="false" />
            <line number="31" hits="1" branch="false" />
            <line number="32" hits="1" branch="false" />
            <line number="35" hits="1" branch="false" />
            <line number="36" hits="1" branch="false" />
            <line number="39" hits="1" branch="false" />
            <line number="40" hits="1" branch="false" />
            <line number="41" hits="1" branch="false" />
            <line number="47" hits="1" branch="false" />
            <line number="49" hits="1" branch="false" />
            <line number="50" hits="1" branch="false" />
            <line number="53" hits="1" branch="false" />
            <line number="54" hits="1" branch="false" />
            <line number="57" hits="1" branch="false" />
            <line number="58" hits="1" branch="false" />
            <line number="59" hits="1" branch="false" />
            <line number="63" hits="1" branch="false" />
            <line number="65" hits="1" branch="false" />
            <line number="66" hits="1" branch="false" />
            <line number="69" hits="1" branch="false" />
            <line number="73" hits="2" branch="false" />
            <line number="75" hits="1" branch="false" />
            <line number="79" hits="1" branch="false" />
            <line number="81" hits="1" branch="false" />
            <line number="82" hits="1" branch="false" />
            <line number="85" hits="1" branch="false" />
            <line number="86" hits="1" branch="false" />
            <line number="89" hits="1" branch="false" />
            <line number="91" hits="1" branch="false" />
            <line number="95" hits="1" branch="false" />
            <line number="97" hits="1" branch="false" />
            <line number="98" hits="1" branch="false" />
            <line number="101" hits="1" branch="false" />
            <line number="102" hits="1" branch="false" />
            <line number="105" hits="1" branch="false" />
            <line number="107" hits="1" branch="false" />
          </lines>
        </class>
        <class name="BankAppTest.UtilitiesTest" filename="C:\Users\craft\source\repos\SQ010\Task Five\BankAppTest\UtilitiesTest.cs" line-rate="1" branch-rate="1" complexity="3">
          <methods>
            <method name="ShouldGenerateNumbers" signature="(...)" line-rate="1" branch-rate="1" complexity="1">
              <lines>
                <line number="24" hits="2" branch="false" />
                <line number="26" hits="2" branch="false" />
                <line number="28" hits="2" branch="false" />
                <line number="31" hits="2" branch="false" />
                <line number="33" hits="2" branch="false" />
              </lines>
            </method>
            <method name="ShouldHashAPassword" signature="()" line-rate="1" branch-rate="1" complexity="1">
              <lines>
                <line number="38" hits="1" branch="false" />
                <line number="40" hits="1" branch="false" />
                <line number="43" hits="1" branch="false" />
                <line number="46" hits="1" branch="false" />
                <line number="47" hits="1" branch="false" />
              </lines>
            </method>
            <method name=".ctor" signature="()" line-rate="1" branch-rate="1" complexity="1">
              <lines>
                <line number="14" hits="3" branch="false" />
                <line number="15" hits="3" branch="false" />
                <line number="16" hits="3" branch="false" />
                <line number="17" hits="3" branch="false" />
              </lines>
            </method>
          </methods>
          <lines>
            <line number="14" hits="3" branch="false" />
            <line number="15" hits="3" branch="false" />
            <line number="16" hits="3" branch="false" />
            <line number="17" hits="3" branch="false" />
            <line number="24" hits="2" branch="false" />
            <line number="26" hits="2" branch="false" />
            <line number="28" hits="2" branch="false" />
            <line number="31" hits="2" branch="false" />
            <line number="33" hits="2" branch="false" />
            <line number="38" hits="1" branch="false" />
            <line number="40" hits="1" branch="false" />
            <line number="43" hits="1" branch="false" />
            <line number="46" hits="1" branch="false" />
            <line number="47" hits="1" branch="false" />
          </lines>
        </class>
        <class name="BankAppTest.ValidationTest" filename="C:\Users\craft\source\repos\SQ010\Task Five\BankAppTest\ValidationTest.cs" line-rate="1" branch-rate="1" complexity="4">
          <methods>
            <method name="ShouldValidateEmail" signature="(...)" line-rate="1" branch-rate="1" complexity="1">
              <lines>
                <line number="30" hits="8" branch="false" />
                <line number="35" hits="8" branch="false" />
                <line number="38" hits="8" branch="false" />
                <line number="40" hits="8" branch="false" />
              </lines>
            </method>
            <method name="ShouldValidateName" signature="(...)" line-rate="1" branch-rate="1" complexity="1">
              <lines>
                <line number="50" hits="5" branch="false" />
                <line number="54" hits="5" branch="false" />
                <line number="57" hits="5" branch="false" />
                <line number="59" hits="5" branch="false" />
              </lines>
            </method>
            <method name="ShouldValidatePassword" signature="(...)" line-rate="1" branch-rate="1" complexity="1">
              <lines>
                <line number="70" hits="6" branch="false" />
                <line number="74" hits="6" branch="false" />
                <line number="77" hits="6" branch="false" />
                <line number="79" hits="6" branch="false" />
              </lines>
            </method>
            <method name=".ctor" signature="()" line-rate="1" branch-rate="1" complexity="1">
              <lines>
                <line number="14" hits="19" branch="false" />
                <line number="15" hits="19" branch="false" />
                <line number="16" hits="19" branch="false" />
                <line number="17" hits="19" branch="false" />
              </lines>
            </method>
          </methods>
          <lines>
            <line number="14" hits="19" branch="false" />
            <line number="15" hits="19" branch="false" />
            <line number="16" hits="19" branch="false" />
            <line number="17" hits="19" branch="false" />
            <line number="30" hits="8" branch="false" />
            <line number="35" hits="8" branch="false" />
            <line number="38" hits="8" branch="false" />
            <line number="40" hits="8" branch="false" />
            <line number="50" hits="5" branch="false" />
            <line number="54" hits="5" branch="false" />
            <line number="57" hits="5" branch="false" />
            <line number="59" hits="5" branch="false" />
            <line number="70" hits="6" branch="false" />
            <line number="74" hits="6" branch="false" />
            <line number="77" hits="6" branch="false" />
            <line number="79" hits="6" branch="false" />
          </lines>
        </class>
      </classes>
    </package>
  </packages>
</coverage>