TpTrace Verbose: 0 : 11588, 1, 2022/03/24, 14:04:17.977, 658770161565, vstest.console.dll, Version: 16.11.0-release-20210626-04
TpTrace Information: 0 : 11588, 1, 2022/03/24, 14:04:17.985, 658770229557, vstest.console.dll, FilePatternParser: The given file C:\Users\craft\source\repos\SQ010\Task Five\BankAppTest\bin\Debug\net5.0\fine-code-coverage\build-output\BankAppTest.dll is a full path.
TpTrace Verbose: 0 : 11588, 1, 2022/03/24, 14:04:17.991, 658770291236, vstest.console.dll, TestPluginCache.DiscoverTestExtensions: finding test extensions in assemblies ends with: RuntimeProvider.dll TPluginInfo: Microsoft.VisualStudio.TestPlatform.Common.ExtensionFramework.Utilities.TestRuntimePluginInformation TExtension: Microsoft.VisualStudio.TestPlatform.ObjectModel.Host.ITestRuntimeProvider
TpTrace Verbose: 0 : 11588, 1, 2022/03/24, 14:04:17.992, 658770302563, vstest.console.dll, TestPluginCache.GetExtensionPaths: Filtered extension paths: 
TpTrace Verbose: 0 : 11588, 1, 2022/03/24, 14:04:17.992, 658770303599, vstest.console.dll, TestPluginCache.GetExtensionPaths: Added default extension paths: C:\Program Files\dotnet\sdk\5.0.400-preview.21328.4\Extensions\Microsoft.Diagnostics.NETCore.Client.dll
C:\Program Files\dotnet\sdk\5.0.400-preview.21328.4\Extensions\Microsoft.TestPlatform.Extensions.BlameDataCollector.dll
C:\Program Files\dotnet\sdk\5.0.400-preview.21328.4\Extensions\Microsoft.TestPlatform.Extensions.EventLogCollector.dll
C:\Program Files\dotnet\sdk\5.0.400-preview.21328.4\Extensions\Microsoft.TestPlatform.TestHostRuntimeProvider.dll
C:\Program Files\dotnet\sdk\5.0.400-preview.21328.4\Extensions\Microsoft.VisualStudio.TestPlatform.Extensions.Html.TestLogger.dll
C:\Program Files\dotnet\sdk\5.0.400-preview.21328.4\Extensions\Microsoft.VisualStudio.TestPlatform.Extensions.Trx.TestLogger.dll
TpTrace Verbose: 0 : 11588, 1, 2022/03/24, 14:04:17.992, 658770304073, vstest.console.dll, TestPluginCache.GetExtensionPaths: Added unfilterableExtensionPaths: 
TpTrace Information: 0 : 11588, 1, 2022/03/24, 14:04:17.993, 658770311636, vstest.console.dll, AssemblyResolver.ctor: Creating AssemblyResolver with searchDirectories C:\Program Files\dotnet\sdk\5.0.400-preview.21328.4\Extensions,C:\Program Files\dotnet\sdk\5.0.400-preview.21328.4
TpTrace Verbose: 0 : 11588, 1, 2022/03/24, 14:04:17.994, 658770319451, vstest.console.dll, TestPluginCache.DiscoverTestExtensions: Discovering the extensions using extension path.
TpTrace Verbose: 0 : 11588, 1, 2022/03/24, 14:04:17.994, 658770320597, vstest.console.dll, TestPluginCache.GetExtensionPaths: Filtered extension paths: 
TpTrace Verbose: 0 : 11588, 1, 2022/03/24, 14:04:17.994, 658770321158, vstest.console.dll, TestPluginCache.GetExtensionPaths: Added default extension paths: C:\Program Files\dotnet\sdk\5.0.400-preview.21328.4\Extensions\Microsoft.Diagnostics.NETCore.Client.dll
C:\Program Files\dotnet\sdk\5.0.400-preview.21328.4\Extensions\Microsoft.TestPlatform.Extensions.BlameDataCollector.dll
C:\Program Files\dotnet\sdk\5.0.400-preview.21328.4\Extensions\Microsoft.TestPlatform.Extensions.EventLogCollector.dll
C:\Program Files\dotnet\sdk\5.0.400-preview.21328.4\Extensions\Microsoft.TestPlatform.TestHostRuntimeProvider.dll
C:\Program Files\dotnet\sdk\5.0.400-preview.21328.4\Extensions\Microsoft.VisualStudio.TestPlatform.Extensions.Html.TestLogger.dll
C:\Program Files\dotnet\sdk\5.0.400-preview.21328.4\Extensions\Microsoft.VisualStudio.TestPlatform.Extensions.Trx.TestLogger.dll
TpTrace Verbose: 0 : 11588, 1, 2022/03/24, 14:04:17.994, 658770321539, vstest.console.dll, TestPluginCache.GetExtensionPaths: Added unfilterableExtensionPaths: 
TpTrace Verbose: 0 : 11588, 1, 2022/03/24, 14:04:17.994, 658770322201, vstest.console.dll, TestPluginCache.DiscoverTestExtensions: Discovering the extensions using allExtensionPaths: C:\Program Files\dotnet\sdk\5.0.400-preview.21328.4\Extensions\Microsoft.Diagnostics.NETCore.Client.dll
C:\Program Files\dotnet\sdk\5.0.400-preview.21328.4\Extensions\Microsoft.TestPlatform.Extensions.BlameDataCollector.dll
C:\Program Files\dotnet\sdk\5.0.400-preview.21328.4\Extensions\Microsoft.TestPlatform.Extensions.EventLogCollector.dll
C:\Program Files\dotnet\sdk\5.0.400-preview.21328.4\Extensions\Microsoft.TestPlatform.TestHostRuntimeProvider.dll
C:\Program Files\dotnet\sdk\5.0.400-preview.21328.4\Extensions\Microsoft.VisualStudio.TestPlatform.Extensions.Html.TestLogger.dll
C:\Program Files\dotnet\sdk\5.0.400-preview.21328.4\Extensions\Microsoft.VisualStudio.TestPlatform.Extensions.Trx.TestLogger.dll
TpTrace Information: 0 : 11588, 1, 2022/03/24, 14:04:17.994, 658770323570, vstest.console.dll, AssemblyResolver.AddSearchDirectories: Adding more searchDirectories C:\Program Files\dotnet\sdk\5.0.400-preview.21328.4\Extensions,C:\Program Files\dotnet\sdk\5.0.400-preview.21328.4
TpTrace Information: 0 : 11588, 1, 2022/03/24, 14:04:17.994, 658770324280, vstest.console.dll, AssemblyResolver.AddSearchDirectories: Adding more searchDirectories C:\Program Files\dotnet\sdk\5.0.400-preview.21328.4\Extensions,C:\Program Files\dotnet\sdk\5.0.400-preview.21328.4
TpTrace Information: 0 : 11588, 1, 2022/03/24, 14:04:17.995, 658770324698, vstest.console.dll, AssemblyResolver.AddSearchDirectories: Adding more searchDirectories C:\Program Files\dotnet\sdk\5.0.400-preview.21328.4\Extensions,C:\Program Files\dotnet\sdk\5.0.400-preview.21328.4
TpTrace Information: 0 : 11588, 1, 2022/03/24, 14:04:17.995, 658770325033, vstest.console.dll, AssemblyResolver.AddSearchDirectories: Adding more searchDirectories C:\Program Files\dotnet\sdk\5.0.400-preview.21328.4\Extensions,C:\Program Files\dotnet\sdk\5.0.400-preview.21328.4
TpTrace Information: 0 : 11588, 1, 2022/03/24, 14:04:17.995, 658770325415, vstest.console.dll, AssemblyResolver.AddSearchDirectories: Adding more searchDirectories C:\Program Files\dotnet\sdk\5.0.400-preview.21328.4\Extensions,C:\Program Files\dotnet\sdk\5.0.400-preview.21328.4
TpTrace Information: 0 : 11588, 1, 2022/03/24, 14:04:17.995, 658770325742, vstest.console.dll, AssemblyResolver.AddSearchDirectories: Adding more searchDirectories C:\Program Files\dotnet\sdk\5.0.400-preview.21328.4\Extensions,C:\Program Files\dotnet\sdk\5.0.400-preview.21328.4
TpTrace Information: 0 : 11588, 1, 2022/03/24, 14:04:17.995, 658770329244, vstest.console.dll, AssemblyResolver.OnResolve: Microsoft.Diagnostics.NETCore.Client: Resolving assembly.
TpTrace Information: 0 : 11588, 1, 2022/03/24, 14:04:17.995, 658770329855, vstest.console.dll, AssemblyResolver.OnResolve: Microsoft.Diagnostics.NETCore.Client: Searching in: 'C:\Program Files\dotnet\sdk\5.0.400-preview.21328.4\Extensions'.
TpTrace Information: 0 : 11588, 1, 2022/03/24, 14:04:17.995, 658770333163, vstest.console.dll, AssemblyResolver.OnResolve: Microsoft.Diagnostics.NETCore.Client: Loading assembly 'C:\Program Files\dotnet\sdk\5.0.400-preview.21328.4\Extensions\Microsoft.Diagnostics.NETCore.Client.dll'.
TpTrace Information: 0 : 11588, 1, 2022/03/24, 14:04:17.996, 658770337421, vstest.console.dll, AssemblyResolver.OnResolve: Resolved assembly: Microsoft.Diagnostics.NETCore.Client, from path: C:\Program Files\dotnet\sdk\5.0.400-preview.21328.4\Extensions\Microsoft.Diagnostics.NETCore.Client.dll
TpTrace Information: 0 : 11588, 1, 2022/03/24, 14:04:17.998, 658770360117, vstest.console.dll, AssemblyResolver.OnResolve: Microsoft.Bcl.AsyncInterfaces: Resolving assembly.
TpTrace Information: 0 : 11588, 1, 2022/03/24, 14:04:17.998, 658770360865, vstest.console.dll, AssemblyResolver.OnResolve: Microsoft.Bcl.AsyncInterfaces: Searching in: 'C:\Program Files\dotnet\sdk\5.0.400-preview.21328.4\Extensions'.
TpTrace Information: 0 : 11588, 1, 2022/03/24, 14:04:17.998, 658770361944, vstest.console.dll, AssemblyResolver.OnResolve: Microsoft.Bcl.AsyncInterfaces: Assembly path does not exist: 'C:\Program Files\dotnet\sdk\5.0.400-preview.21328.4\Extensions\Microsoft.Bcl.AsyncInterfaces.dll', returning.
TpTrace Information: 0 : 11588, 1, 2022/03/24, 14:04:17.998, 658770362706, vstest.console.dll, AssemblyResolver.OnResolve: Microsoft.Bcl.AsyncInterfaces: Assembly path does not exist: 'C:\Program Files\dotnet\sdk\5.0.400-preview.21328.4\Extensions\Microsoft.Bcl.AsyncInterfaces.exe', returning.
TpTrace Information: 0 : 11588, 1, 2022/03/24, 14:04:17.998, 658770363444, vstest.console.dll, AssemblyResolver.OnResolve: Microsoft.Bcl.AsyncInterfaces: Searching in: 'C:\Program Files\dotnet\sdk\5.0.400-preview.21328.4'.
TpTrace Information: 0 : 11588, 1, 2022/03/24, 14:04:17.998, 658770364241, vstest.console.dll, AssemblyResolver.OnResolve: Microsoft.Bcl.AsyncInterfaces: Assembly path does not exist: 'C:\Program Files\dotnet\sdk\5.0.400-preview.21328.4\Microsoft.Bcl.AsyncInterfaces.dll', returning.
TpTrace Information: 0 : 11588, 1, 2022/03/24, 14:04:17.999, 658770364989, vstest.console.dll, AssemblyResolver.OnResolve: Microsoft.Bcl.AsyncInterfaces: Assembly path does not exist: 'C:\Program Files\dotnet\sdk\5.0.400-preview.21328.4\Microsoft.Bcl.AsyncInterfaces.exe', returning.
TpTrace Information: 0 : 11588, 1, 2022/03/24, 14:04:17.999, 658770365337, vstest.console.dll, AssemblyResolver.OnResolve: Microsoft.Bcl.AsyncInterfaces: Failed to load assembly.
TpTrace Verbose: 0 : 11588, 1, 2022/03/24, 14:04:17.999, 658770365748, vstest.console.dll, CurrentDomainAssemblyResolve: Resolving assembly 'Microsoft.Bcl.AsyncInterfaces'.
TpTrace Information: 0 : 11588, 1, 2022/03/24, 14:04:17.999, 658770366377, vstest.console.dll, AssemblyResolver.OnResolve: Microsoft.Bcl.AsyncInterfaces: Resolving assembly.
TpTrace Information: 0 : 11588, 1, 2022/03/24, 14:04:17.999, 658770366795, vstest.console.dll, AssemblyResolver.OnResolve: Microsoft.Bcl.AsyncInterfaces: Resolved from cache.
TpTrace Verbose: 0 : 11588, 1, 2022/03/24, 14:04:17.999, 658770367185, vstest.console.dll, CurrentDomainAssemblyResolve: Resolving assembly 'Microsoft.Bcl.AsyncInterfaces'.
TpTrace Verbose: 0 : 11588, 1, 2022/03/24, 14:04:17.999, 658770367564, vstest.console.dll, CurrentDomainAssemblyResolve: Failed to resolve assembly 'Microsoft.Bcl.AsyncInterfaces'.
TpTrace Verbose: 0 : 11588, 1, 2022/03/24, 14:04:18.000, 658770374510, vstest.console.dll, CurrentDomainAssemblyResolve: Failed to resolve assembly 'Microsoft.Bcl.AsyncInterfaces'.
TpTrace Warning: 0 : 11588, 1, 2022/03/24, 14:04:18.013, 658770508814, vstest.console.dll, TestPluginDiscoverer: Failed to get types from assembly 'Microsoft.Diagnostics.NETCore.Client, Version=0.2.2.41902, Culture=neutral, PublicKeyToken=31bf3856ad364e35'.  Skipping test extension scan for this assembly.  Error: System.Reflection.ReflectionTypeLoadException: Unable to load one or more of the requested types.
Could not load file or assembly 'Microsoft.Bcl.AsyncInterfaces, Version=1.0.0.0, Culture=neutral, PublicKeyToken=cc7b13ffcd2ddd51'. The system cannot find the file specified.
   at System.Reflection.RuntimeModule.GetTypes(RuntimeModule module)
   at System.Reflection.RuntimeModule.GetTypes()
   at System.Reflection.Assembly.GetTypes()
   at Microsoft.VisualStudio.TestPlatform.Common.ExtensionFramework.TestPluginDiscoverer.GetTestExtensionsFromAssembly[TPluginInfo,TExtension](Assembly assembly, Dictionary`2 pluginInfos)
System.IO.FileNotFoundException: Could not load file or assembly 'Microsoft.Bcl.AsyncInterfaces, Version=1.0.0.0, Culture=neutral, PublicKeyToken=cc7b13ffcd2ddd51'. The system cannot find the file specified.
File name: 'Microsoft.Bcl.AsyncInterfaces, Version=1.0.0.0, Culture=neutral, PublicKeyToken=cc7b13ffcd2ddd51'
TpTrace Warning: 0 : 11588, 1, 2022/03/24, 14:04:18.013, 658770509829, vstest.console.dll, LoaderExceptions: System.IO.FileNotFoundException: Could not load file or assembly 'Microsoft.Bcl.AsyncInterfaces, Version=1.0.0.0, Culture=neutral, PublicKeyToken=cc7b13ffcd2ddd51'. The system cannot find the file specified.
File name: 'Microsoft.Bcl.AsyncInterfaces, Version=1.0.0.0, Culture=neutral, PublicKeyToken=cc7b13ffcd2ddd51'
TpTrace Information: 0 : 11588, 1, 2022/03/24, 14:04:18.013, 658770510878, vstest.console.dll, AssemblyResolver.OnResolve: Microsoft.TestPlatform.Extensions.BlameDataCollector: Resolving assembly.
TpTrace Information: 0 : 11588, 1, 2022/03/24, 14:04:18.013, 658770511346, vstest.console.dll, AssemblyResolver.OnResolve: Microsoft.TestPlatform.Extensions.BlameDataCollector: Searching in: 'C:\Program Files\dotnet\sdk\5.0.400-preview.21328.4\Extensions'.
TpTrace Information: 0 : 11588, 1, 2022/03/24, 14:04:18.013, 658770513594, vstest.console.dll, AssemblyResolver.OnResolve: Microsoft.TestPlatform.Extensions.BlameDataCollector: Loading assembly 'C:\Program Files\dotnet\sdk\5.0.400-preview.21328.4\Extensions\Microsoft.TestPlatform.Extensions.BlameDataCollector.dll'.
TpTrace Information: 0 : 11588, 1, 2022/03/24, 14:04:18.014, 658770517165, vstest.console.dll, AssemblyResolver.OnResolve: Resolved assembly: Microsoft.TestPlatform.Extensions.BlameDataCollector, from path: C:\Program Files\dotnet\sdk\5.0.400-preview.21328.4\Extensions\Microsoft.TestPlatform.Extensions.BlameDataCollector.dll
TpTrace Information: 0 : 11588, 1, 2022/03/24, 14:04:18.014, 658770522416, vstest.console.dll, AssemblyResolver.OnResolve: Microsoft.TestPlatform.Extensions.EventLogCollector: Resolving assembly.
TpTrace Information: 0 : 11588, 1, 2022/03/24, 14:04:18.014, 658770523022, vstest.console.dll, AssemblyResolver.OnResolve: Microsoft.TestPlatform.Extensions.EventLogCollector: Searching in: 'C:\Program Files\dotnet\sdk\5.0.400-preview.21328.4\Extensions'.
TpTrace Information: 0 : 11588, 1, 2022/03/24, 14:04:18.015, 658770528962, vstest.console.dll, AssemblyResolver.OnResolve: Microsoft.TestPlatform.Extensions.EventLogCollector: Loading assembly 'C:\Program Files\dotnet\sdk\5.0.400-preview.21328.4\Extensions\Microsoft.TestPlatform.Extensions.EventLogCollector.dll'.
TpTrace Information: 0 : 11588, 1, 2022/03/24, 14:04:18.016, 658770535478, vstest.console.dll, AssemblyResolver.OnResolve: Resolved assembly: Microsoft.TestPlatform.Extensions.EventLogCollector, from path: C:\Program Files\dotnet\sdk\5.0.400-preview.21328.4\Extensions\Microsoft.TestPlatform.Extensions.EventLogCollector.dll
TpTrace Information: 0 : 11588, 1, 2022/03/24, 14:04:18.017, 658770548109, vstest.console.dll, AssemblyResolver.OnResolve: Microsoft.TestPlatform.TestHostRuntimeProvider: Resolving assembly.
TpTrace Information: 0 : 11588, 1, 2022/03/24, 14:04:18.017, 658770548726, vstest.console.dll, AssemblyResolver.OnResolve: Microsoft.TestPlatform.TestHostRuntimeProvider: Searching in: 'C:\Program Files\dotnet\sdk\5.0.400-preview.21328.4\Extensions'.
TpTrace Information: 0 : 11588, 1, 2022/03/24, 14:04:18.017, 658770550849, vstest.console.dll, AssemblyResolver.OnResolve: Microsoft.TestPlatform.TestHostRuntimeProvider: Loading assembly 'C:\Program Files\dotnet\sdk\5.0.400-preview.21328.4\Extensions\Microsoft.TestPlatform.TestHostRuntimeProvider.dll'.
TpTrace Information: 0 : 11588, 1, 2022/03/24, 14:04:18.017, 658770554026, vstest.console.dll, AssemblyResolver.OnResolve: Resolved assembly: Microsoft.TestPlatform.TestHostRuntimeProvider, from path: C:\Program Files\dotnet\sdk\5.0.400-preview.21328.4\Extensions\Microsoft.TestPlatform.TestHostRuntimeProvider.dll
TpTrace Information: 0 : 11588, 1, 2022/03/24, 14:04:18.018, 658770563912, vstest.console.dll, AssemblyResolver.OnResolve: Microsoft.VisualStudio.TestPlatform.Extensions.Html.TestLogger: Resolving assembly.
TpTrace Information: 0 : 11588, 1, 2022/03/24, 14:04:18.019, 658770564485, vstest.console.dll, AssemblyResolver.OnResolve: Microsoft.VisualStudio.TestPlatform.Extensions.Html.TestLogger: Searching in: 'C:\Program Files\dotnet\sdk\5.0.400-preview.21328.4\Extensions'.
TpTrace Information: 0 : 11588, 1, 2022/03/24, 14:04:18.019, 658770566613, vstest.console.dll, AssemblyResolver.OnResolve: Microsoft.VisualStudio.TestPlatform.Extensions.Html.TestLogger: Loading assembly 'C:\Program Files\dotnet\sdk\5.0.400-preview.21328.4\Extensions\Microsoft.VisualStudio.TestPlatform.Extensions.Html.TestLogger.dll'.
TpTrace Information: 0 : 11588, 1, 2022/03/24, 14:04:18.019, 658770569783, vstest.console.dll, AssemblyResolver.OnResolve: Resolved assembly: Microsoft.VisualStudio.TestPlatform.Extensions.Html.TestLogger, from path: C:\Program Files\dotnet\sdk\5.0.400-preview.21328.4\Extensions\Microsoft.VisualStudio.TestPlatform.Extensions.Html.TestLogger.dll
TpTrace Information: 0 : 11588, 1, 2022/03/24, 14:04:18.019, 658770572869, vstest.console.dll, AssemblyResolver.OnResolve: Microsoft.VisualStudio.TestPlatform.Extensions.Trx.TestLogger: Resolving assembly.
TpTrace Information: 0 : 11588, 1, 2022/03/24, 14:04:18.019, 658770573450, vstest.console.dll, AssemblyResolver.OnResolve: Microsoft.VisualStudio.TestPlatform.Extensions.Trx.TestLogger: Searching in: 'C:\Program Files\dotnet\sdk\5.0.400-preview.21328.4\Extensions'.
TpTrace Information: 0 : 11588, 1, 2022/03/24, 14:04:18.020, 658770575584, vstest.console.dll, AssemblyResolver.OnResolve: Microsoft.VisualStudio.TestPlatform.Extensions.Trx.TestLogger: Loading assembly 'C:\Program Files\dotnet\sdk\5.0.400-preview.21328.4\Extensions\Microsoft.VisualStudio.TestPlatform.Extensions.Trx.TestLogger.dll'.
TpTrace Information: 0 : 11588, 1, 2022/03/24, 14:04:18.020, 658770579191, vstest.console.dll, AssemblyResolver.OnResolve: Resolved assembly: Microsoft.VisualStudio.TestPlatform.Extensions.Trx.TestLogger, from path: C:\Program Files\dotnet\sdk\5.0.400-preview.21328.4\Extensions\Microsoft.VisualStudio.TestPlatform.Extensions.Trx.TestLogger.dll
TpTrace Verbose: 0 : 11588, 1, 2022/03/24, 14:04:18.020, 658770583973, vstest.console.dll, TestPluginCache: Discovered the extensions using extension path ''.
TpTrace Verbose: 0 : 11588, 1, 2022/03/24, 14:04:18.021, 658770584531, vstest.console.dll, TestPluginCache: Discoverers are ''.
TpTrace Verbose: 0 : 11588, 1, 2022/03/24, 14:04:18.021, 658770584836, vstest.console.dll, TestPluginCache: Executors are ''.
TpTrace Verbose: 0 : 11588, 1, 2022/03/24, 14:04:18.021, 658770585103, vstest.console.dll, TestPluginCache: Executors2 are ''.
TpTrace Verbose: 0 : 11588, 1, 2022/03/24, 14:04:18.021, 658770585414, vstest.console.dll, TestPluginCache: Setting providers are ''.
TpTrace Verbose: 0 : 11588, 1, 2022/03/24, 14:04:18.021, 658770585686, vstest.console.dll, TestPluginCache: Loggers are ''.
TpTrace Information: 0 : 11588, 1, 2022/03/24, 14:04:18.026, 658770642419, vstest.console.dll, RunTestsArgumentProcessor:Execute: Test run is starting.
TpTrace Verbose: 0 : 11588, 1, 2022/03/24, 14:04:18.026, 658770643847, vstest.console.dll, RunTestsArgumentProcessor:Execute: Queuing Test run.
TpTrace Information: 0 : 11588, 1, 2022/03/24, 14:04:18.027, 658770647325, vstest.console.dll, TestRequestManager.RunTests: run tests started.
TpTrace Information: 0 : 11588, 1, 2022/03/24, 14:04:18.034, 658770717850, vstest.console.dll, AssemblyMetadataProvider.GetFrameWork: Determined framework:'.NETCoreApp,Version=v5.0' for source: 'C:\Users\craft\source\repos\SQ010\Task Five\BankAppTest\bin\Debug\net5.0\fine-code-coverage\build-output\BankAppTest.dll'
TpTrace Information: 0 : 11588, 1, 2022/03/24, 14:04:18.034, 658770719792, vstest.console.dll, Determined framework for all sources: .NETCoreApp,Version=v5.0
TpTrace Information: 0 : 11588, 1, 2022/03/24, 14:04:18.034, 658770723403, vstest.console.dll, AssemblyMetadataProvider.GetArchitecture: Determined architecture:AnyCPU info for assembly: C:\Users\craft\source\repos\SQ010\Task Five\BankAppTest\bin\Debug\net5.0\fine-code-coverage\build-output\BankAppTest.dll
TpTrace Information: 0 : 11588, 1, 2022/03/24, 14:04:18.036, 658770739956, vstest.console.dll, Determined platform for all sources: X64
TpTrace Information: 0 : 11588, 1, 2022/03/24, 14:04:18.038, 658770764034, vstest.console.dll, Compatible sources list : 
TpTrace Information: 0 : 11588, 1, 2022/03/24, 14:04:18.039, 658770764837, vstest.console.dll, C:\Users\craft\source\repos\SQ010\Task Five\BankAppTest\bin\Debug\net5.0\fine-code-coverage\build-output\BankAppTest.dll
TpTrace Information: 0 : 11588, 1, 2022/03/24, 14:04:18.041, 658770787309, vstest.console.dll, InferRunSettingsHelper.IsTestSettingsEnabled: Unable to navigate to RunSettings/MSTest. Current node: RunSettings
TpTrace Information: 0 : 11588, 1, 2022/03/24, 14:04:18.041, 658770793684, vstest.console.dll, AssemblyResolver.OnResolve: Microsoft.VisualStudio.TestPlatform.Fakes: Resolving assembly.
TpTrace Information: 0 : 11588, 1, 2022/03/24, 14:04:18.041, 658770794282, vstest.console.dll, AssemblyResolver.OnResolve: Microsoft.VisualStudio.TestPlatform.Fakes: Searching in: 'C:\Program Files\dotnet\sdk\5.0.400-preview.21328.4\Extensions'.
TpTrace Information: 0 : 11588, 1, 2022/03/24, 14:04:18.042, 658770796034, vstest.console.dll, AssemblyResolver.OnResolve: Microsoft.VisualStudio.TestPlatform.Fakes: Assembly path does not exist: 'C:\Program Files\dotnet\sdk\5.0.400-preview.21328.4\Extensions\Microsoft.VisualStudio.TestPlatform.Fakes.dll', returning.
TpTrace Information: 0 : 11588, 1, 2022/03/24, 14:04:18.042, 658770796865, vstest.console.dll, AssemblyResolver.OnResolve: Microsoft.VisualStudio.TestPlatform.Fakes: Assembly path does not exist: 'C:\Program Files\dotnet\sdk\5.0.400-preview.21328.4\Extensions\Microsoft.VisualStudio.TestPlatform.Fakes.exe', returning.
TpTrace Information: 0 : 11588, 1, 2022/03/24, 14:04:18.042, 658770797223, vstest.console.dll, AssemblyResolver.OnResolve: Microsoft.VisualStudio.TestPlatform.Fakes: Searching in: 'C:\Program Files\dotnet\sdk\5.0.400-preview.21328.4'.
TpTrace Information: 0 : 11588, 1, 2022/03/24, 14:04:18.042, 658770797908, vstest.console.dll, AssemblyResolver.OnResolve: Microsoft.VisualStudio.TestPlatform.Fakes: Assembly path does not exist: 'C:\Program Files\dotnet\sdk\5.0.400-preview.21328.4\Microsoft.VisualStudio.TestPlatform.Fakes.dll', returning.
TpTrace Information: 0 : 11588, 1, 2022/03/24, 14:04:18.042, 658770798637, vstest.console.dll, AssemblyResolver.OnResolve: Microsoft.VisualStudio.TestPlatform.Fakes: Assembly path does not exist: 'C:\Program Files\dotnet\sdk\5.0.400-preview.21328.4\Microsoft.VisualStudio.TestPlatform.Fakes.exe', returning.
TpTrace Information: 0 : 11588, 1, 2022/03/24, 14:04:18.042, 658770798972, vstest.console.dll, AssemblyResolver.OnResolve: Microsoft.VisualStudio.TestPlatform.Fakes: Failed to load assembly.
TpTrace Information: 0 : 11588, 1, 2022/03/24, 14:04:18.042, 658770802279, vstest.console.dll, Failed to create newly implemented Fakes Configurator. Reason:System.IO.FileNotFoundException: Could not load file or assembly 'Microsoft.VisualStudio.TestPlatform.Fakes, Version=16.0.0.0, Culture=neutral, PublicKeyToken=null'. The system cannot find the file specified.
File name: 'Microsoft.VisualStudio.TestPlatform.Fakes, Version=16.0.0.0, Culture=neutral, PublicKeyToken=null'
   at System.Reflection.RuntimeAssembly.InternalLoad(ObjectHandleOnStack assemblyName, ObjectHandleOnStack requestingAssembly, StackCrawlMarkHandle stackMark, Boolean throwOnFileNotFound, ObjectHandleOnStack assemblyLoadContext, ObjectHandleOnStack retAssembly)
   at System.Reflection.RuntimeAssembly.InternalLoad(AssemblyName assemblyName, RuntimeAssembly requestingAssembly, StackCrawlMark& stackMark, Boolean throwOnFileNotFound, AssemblyLoadContext assemblyLoadContext)
   at System.Reflection.Assembly.Load(AssemblyName assemblyRef)
   at Microsoft.VisualStudio.TestPlatform.Common.Utilities.FakesUtilities.TryGetFakesCrossPlatformDataCollectorConfigurator() 
TpTrace Verbose: 0 : 11588, 1, 2022/03/24, 14:04:18.045, 658770833675, vstest.console.dll, TestPluginCache.DiscoverTestExtensions: finding test extensions in assemblies ends with: TestLogger.dll TPluginInfo: Microsoft.VisualStudio.TestPlatform.Common.ExtensionFramework.Utilities.TestLoggerPluginInformation TExtension: Microsoft.VisualStudio.TestPlatform.ObjectModel.Client.ITestLogger
TpTrace Verbose: 0 : 11588, 1, 2022/03/24, 14:04:18.045, 658770834416, vstest.console.dll, TestPluginCache.GetExtensionPaths: Filtered extension paths: 
TpTrace Verbose: 0 : 11588, 1, 2022/03/24, 14:04:18.046, 658770834783, vstest.console.dll, TestPluginCache.GetExtensionPaths: Added default extension paths: C:\Program Files\dotnet\sdk\5.0.400-preview.21328.4\Extensions\Microsoft.Diagnostics.NETCore.Client.dll
C:\Program Files\dotnet\sdk\5.0.400-preview.21328.4\Extensions\Microsoft.TestPlatform.Extensions.BlameDataCollector.dll
C:\Program Files\dotnet\sdk\5.0.400-preview.21328.4\Extensions\Microsoft.TestPlatform.Extensions.EventLogCollector.dll
C:\Program Files\dotnet\sdk\5.0.400-preview.21328.4\Extensions\Microsoft.TestPlatform.TestHostRuntimeProvider.dll
C:\Program Files\dotnet\sdk\5.0.400-preview.21328.4\Extensions\Microsoft.VisualStudio.TestPlatform.Extensions.Html.TestLogger.dll
C:\Program Files\dotnet\sdk\5.0.400-preview.21328.4\Extensions\Microsoft.VisualStudio.TestPlatform.Extensions.Trx.TestLogger.dll
TpTrace Verbose: 0 : 11588, 1, 2022/03/24, 14:04:18.046, 658770835646, vstest.console.dll, TestPluginCache.GetExtensionPaths: Added unfilterableExtensionPaths: 
TpTrace Information: 0 : 11588, 1, 2022/03/24, 14:04:18.046, 658770837081, vstest.console.dll, AssemblyResolver.AddSearchDirectories: Adding more searchDirectories C:\Program Files\dotnet\sdk\5.0.400-preview.21328.4\Extensions,C:\Program Files\dotnet\sdk\5.0.400-preview.21328.4
TpTrace Verbose: 0 : 11588, 1, 2022/03/24, 14:04:18.046, 658770837613, vstest.console.dll, TestPluginCache.DiscoverTestExtensions: Discovering the extensions using extension path.
TpTrace Verbose: 0 : 11588, 1, 2022/03/24, 14:04:18.046, 658770837931, vstest.console.dll, TestPluginCache.GetExtensionPaths: Filtered extension paths: 
TpTrace Verbose: 0 : 11588, 1, 2022/03/24, 14:04:18.046, 658770838231, vstest.console.dll, TestPluginCache.GetExtensionPaths: Added default extension paths: C:\Program Files\dotnet\sdk\5.0.400-preview.21328.4\Extensions\Microsoft.Diagnostics.NETCore.Client.dll
C:\Program Files\dotnet\sdk\5.0.400-preview.21328.4\Extensions\Microsoft.TestPlatform.Extensions.BlameDataCollector.dll
C:\Program Files\dotnet\sdk\5.0.400-preview.21328.4\Extensions\Microsoft.TestPlatform.Extensions.EventLogCollector.dll
C:\Program Files\dotnet\sdk\5.0.400-preview.21328.4\Extensions\Microsoft.TestPlatform.TestHostRuntimeProvider.dll
C:\Program Files\dotnet\sdk\5.0.400-preview.21328.4\Extensions\Microsoft.VisualStudio.TestPlatform.Extensions.Html.TestLogger.dll
C:\Program Files\dotnet\sdk\5.0.400-preview.21328.4\Extensions\Microsoft.VisualStudio.TestPlatform.Extensions.Trx.TestLogger.dll
TpTrace Verbose: 0 : 11588, 1, 2022/03/24, 14:04:18.046, 658770838610, vstest.console.dll, TestPluginCache.GetExtensionPaths: Added unfilterableExtensionPaths: 
TpTrace Verbose: 0 : 11588, 1, 2022/03/24, 14:04:18.046, 658770838925, vstest.console.dll, TestPluginCache.DiscoverTestExtensions: Discovering the extensions using allExtensionPaths: C:\Program Files\dotnet\sdk\5.0.400-preview.21328.4\Extensions\Microsoft.Diagnostics.NETCore.Client.dll
C:\Program Files\dotnet\sdk\5.0.400-preview.21328.4\Extensions\Microsoft.TestPlatform.Extensions.BlameDataCollector.dll
C:\Program Files\dotnet\sdk\5.0.400-preview.21328.4\Extensions\Microsoft.TestPlatform.Extensions.EventLogCollector.dll
C:\Program Files\dotnet\sdk\5.0.400-preview.21328.4\Extensions\Microsoft.TestPlatform.TestHostRuntimeProvider.dll
C:\Program Files\dotnet\sdk\5.0.400-preview.21328.4\Extensions\Microsoft.VisualStudio.TestPlatform.Extensions.Html.TestLogger.dll
C:\Program Files\dotnet\sdk\5.0.400-preview.21328.4\Extensions\Microsoft.VisualStudio.TestPlatform.Extensions.Trx.TestLogger.dll
TpTrace Information: 0 : 11588, 1, 2022/03/24, 14:04:18.046, 658770839527, vstest.console.dll, AssemblyResolver.AddSearchDirectories: Adding more searchDirectories C:\Program Files\dotnet\sdk\5.0.400-preview.21328.4\Extensions,C:\Program Files\dotnet\sdk\5.0.400-preview.21328.4
TpTrace Information: 0 : 11588, 1, 2022/03/24, 14:04:18.046, 658770839864, vstest.console.dll, AssemblyResolver.AddSearchDirectories: Adding more searchDirectories C:\Program Files\dotnet\sdk\5.0.400-preview.21328.4\Extensions,C:\Program Files\dotnet\sdk\5.0.400-preview.21328.4
TpTrace Information: 0 : 11588, 1, 2022/03/24, 14:04:18.046, 658770840219, vstest.console.dll, AssemblyResolver.AddSearchDirectories: Adding more searchDirectories C:\Program Files\dotnet\sdk\5.0.400-preview.21328.4\Extensions,C:\Program Files\dotnet\sdk\5.0.400-preview.21328.4
TpTrace Information: 0 : 11588, 1, 2022/03/24, 14:04:18.046, 658770840521, vstest.console.dll, AssemblyResolver.AddSearchDirectories: Adding more searchDirectories C:\Program Files\dotnet\sdk\5.0.400-preview.21328.4\Extensions,C:\Program Files\dotnet\sdk\5.0.400-preview.21328.4
TpTrace Information: 0 : 11588, 1, 2022/03/24, 14:04:18.046, 658770841293, vstest.console.dll, AssemblyResolver.AddSearchDirectories: Adding more searchDirectories C:\Program Files\dotnet\sdk\5.0.400-preview.21328.4\Extensions,C:\Program Files\dotnet\sdk\5.0.400-preview.21328.4
TpTrace Information: 0 : 11588, 1, 2022/03/24, 14:04:18.046, 658770841740, vstest.console.dll, AssemblyResolver.AddSearchDirectories: Adding more searchDirectories C:\Program Files\dotnet\sdk\5.0.400-preview.21328.4\Extensions,C:\Program Files\dotnet\sdk\5.0.400-preview.21328.4
TpTrace Information: 0 : 11588, 1, 2022/03/24, 14:04:18.046, 658770843812, vstest.console.dll, AssemblyResolver.OnResolve: Microsoft.Bcl.AsyncInterfaces: Resolving assembly.
TpTrace Information: 0 : 11588, 1, 2022/03/24, 14:04:18.046, 658770844217, vstest.console.dll, AssemblyResolver.OnResolve: Microsoft.Bcl.AsyncInterfaces: Resolved from cache.
TpTrace Verbose: 0 : 11588, 1, 2022/03/24, 14:04:18.047, 658770844583, vstest.console.dll, CurrentDomainAssemblyResolve: Resolving assembly 'Microsoft.Bcl.AsyncInterfaces'.
TpTrace Information: 0 : 11588, 1, 2022/03/24, 14:04:18.047, 658770845091, vstest.console.dll, AssemblyResolver.OnResolve: Microsoft.Bcl.AsyncInterfaces: Resolving assembly.
TpTrace Information: 0 : 11588, 1, 2022/03/24, 14:04:18.047, 658770845404, vstest.console.dll, AssemblyResolver.OnResolve: Microsoft.Bcl.AsyncInterfaces: Resolved from cache.
TpTrace Verbose: 0 : 11588, 1, 2022/03/24, 14:04:18.047, 658770845702, vstest.console.dll, CurrentDomainAssemblyResolve: Resolving assembly 'Microsoft.Bcl.AsyncInterfaces'.
TpTrace Verbose: 0 : 11588, 1, 2022/03/24, 14:04:18.047, 658770845977, vstest.console.dll, CurrentDomainAssemblyResolve: Failed to resolve assembly 'Microsoft.Bcl.AsyncInterfaces'.
TpTrace Verbose: 0 : 11588, 1, 2022/03/24, 14:04:18.047, 658770847321, vstest.console.dll, CurrentDomainAssemblyResolve: Failed to resolve assembly 'Microsoft.Bcl.AsyncInterfaces'.
TpTrace Warning: 0 : 11588, 1, 2022/03/24, 14:04:18.047, 658770849774, vstest.console.dll, TestPluginDiscoverer: Failed to get types from assembly 'Microsoft.Diagnostics.NETCore.Client, Version=0.2.2.41902, Culture=neutral, PublicKeyToken=31bf3856ad364e35'.  Skipping test extension scan for this assembly.  Error: System.Reflection.ReflectionTypeLoadException: Unable to load one or more of the requested types.
Could not load file or assembly 'Microsoft.Bcl.AsyncInterfaces, Version=1.0.0.0, Culture=neutral, PublicKeyToken=cc7b13ffcd2ddd51'. The system cannot find the file specified.
   at System.Reflection.RuntimeModule.GetTypes(RuntimeModule module)
   at System.Reflection.RuntimeModule.GetTypes()
   at System.Reflection.Assembly.GetTypes()
   at Microsoft.VisualStudio.TestPlatform.Common.ExtensionFramework.TestPluginDiscoverer.GetTestExtensionsFromAssembly[TPluginInfo,TExtension](Assembly assembly, Dictionary`2 pluginInfos)
System.IO.FileNotFoundException: Could not load file or assembly 'Microsoft.Bcl.AsyncInterfaces, Version=1.0.0.0, Culture=neutral, PublicKeyToken=cc7b13ffcd2ddd51'. The system cannot find the file specified.
File name: 'Microsoft.Bcl.AsyncInterfaces, Version=1.0.0.0, Culture=neutral, PublicKeyToken=cc7b13ffcd2ddd51'
TpTrace Warning: 0 : 11588, 1, 2022/03/24, 14:04:18.047, 658770850279, vstest.console.dll, LoaderExceptions: System.IO.FileNotFoundException: Could not load file or assembly 'Microsoft.Bcl.AsyncInterfaces, Version=1.0.0.0, Culture=neutral, PublicKeyToken=cc7b13ffcd2ddd51'. The system cannot find the file specified.
File name: 'Microsoft.Bcl.AsyncInterfaces, Version=1.0.0.0, Culture=neutral, PublicKeyToken=cc7b13ffcd2ddd51'
TpTrace Verbose: 0 : 11588, 1, 2022/03/24, 14:04:18.047, 658770853683, vstest.console.dll, TestPluginCache: Discovered the extensions using extension path ''.
TpTrace Verbose: 0 : 11588, 1, 2022/03/24, 14:04:18.047, 658770854101, vstest.console.dll, TestPluginCache: Discoverers are ''.
TpTrace Verbose: 0 : 11588, 1, 2022/03/24, 14:04:18.047, 658770854370, vstest.console.dll, TestPluginCache: Executors are ''.
TpTrace Verbose: 0 : 11588, 1, 2022/03/24, 14:04:18.048, 658770854644, vstest.console.dll, TestPluginCache: Executors2 are ''.
TpTrace Verbose: 0 : 11588, 1, 2022/03/24, 14:04:18.048, 658770854919, vstest.console.dll, TestPluginCache: Setting providers are ''.
TpTrace Verbose: 0 : 11588, 1, 2022/03/24, 14:04:18.048, 658770855559, vstest.console.dll, TestPluginCache: Loggers are 'logger://Microsoft/TestPlatform/Extensions/Blame/v1,logger://Microsoft/TestPlatform/HtmlLogger/v1,logger://Microsoft/TestPlatform/TrxLogger/v1'.
TpTrace Information: 0 : 11588, 1, 2022/03/24, 14:04:18.048, 658770860807, vstest.console.dll, TestPluginManager.CreateTestExtension: Attempting to load test extension: Microsoft.TestPlatform.Extensions.BlameDataCollector.BlameLogger
TpTrace Information: 0 : 11588, 1, 2022/03/24, 14:04:18.056, 658770937730, vstest.console.dll, TestPluginManager.CreateTestExtension: Attempting to load test extension: Microsoft.VisualStudio.TestPlatform.CrossPlatEngine.Hosting.DefaultTestHostManager
TpTrace Information: 0 : 11588, 1, 2022/03/24, 14:04:18.056, 658770940787, vstest.console.dll, TestPluginManager.CreateTestExtension: Attempting to load test extension: Microsoft.VisualStudio.TestPlatform.CrossPlatEngine.Hosting.DotnetTestHostManager
TpTrace Verbose: 0 : 11588, 1, 2022/03/24, 14:04:18.057, 658770946184, vstest.console.dll, TestEngine: Initializing Parallel Execution as MaxCpuCount is set to: 1
TpTrace Information: 0 : 11588, 1, 2022/03/24, 14:04:18.057, 658770951096, vstest.console.dll, InferRunSettingsHelper.IsTestSettingsEnabled: Unable to navigate to RunSettings/MSTest. Current node: RunSettings
TpTrace Verbose: 0 : 11588, 1, 2022/03/24, 14:04:18.067, 658771048210, vstest.console.dll, TestRequestSender is acting as server
TpTrace Verbose: 0 : 11588, 4, 2022/03/24, 14:04:18.070, 658771077792, vstest.console.dll, DataCollectionRequestSender.InitializeCommunication : Initialize communication. 
TpTrace Information: 0 : 11588, 4, 2022/03/24, 14:04:18.082, 658771198333, vstest.console.dll, Listening on Endpoint : 127.0.0.1:63948
TpTrace Verbose: 0 : 11588, 4, 2022/03/24, 14:04:18.094, 658771314638, vstest.console.dll, DotnetDataCollectionLauncher: Full path of dotnet.exe is C:\Program Files\dotnet\dotnet.exe
TpTrace Verbose: 0 : 11588, 4, 2022/03/24, 14:04:18.094, 658771316712, vstest.console.dll, DotnetDataCollectionLauncher: Adding  --runtimeconfig "C:\Program Files\dotnet\sdk\5.0.400-preview.21328.4\datacollector.runtimeconfig.json" in args
TpTrace Verbose: 0 : 11588, 4, 2022/03/24, 14:04:18.094, 658771317869, vstest.console.dll, DotnetDataCollectionLauncher: Adding  --depsfile "C:\Program Files\dotnet\sdk\5.0.400-preview.21328.4\datacollector.deps.json" in args
TpTrace Information: 0 : 11588, 4, 2022/03/24, 14:04:18.104, 658771416236, vstest.console.dll, ProxyDataCollectionManager.Initialize: Launched datacollector processId: 23572 port: 63948
TpTrace Information: 0 : 11588, 4, 2022/03/24, 14:04:18.104, 658771418132, vstest.console.dll, ProxyDataCollectionManager.Initialize: waiting for connection with timeout: 90 seconds
TpTrace Verbose: 0 : 11588, 4, 2022/03/24, 14:04:18.104, 658771419109, vstest.console.dll, DataCollectionRequestSender.WaitForRequestHandlerConnection : Waiting for connection with timeout: 90000
TpTrace Information: 0 : 11588, 7, 2022/03/24, 14:04:18.254, 658772920673, vstest.console.dll, Using the buffer size of 16384 bytes
TpTrace Verbose: 0 : 11588, 4, 2022/03/24, 14:04:18.254, 658772921571, vstest.console.dll, ProxyDataCollectionManager.InvokeDataCollectionServiceAction: Starting.
TpTrace Information: 0 : 11588, 7, 2022/03/24, 14:04:18.254, 658772921721, vstest.console.dll, Accepted Client request and set the flag
TpTrace Information: 0 : 11588, 4, 2022/03/24, 14:04:18.254, 658772923495, vstest.console.dll, ProxyDataCollectionManager.BeforeTestRunStart: Get environment variable and port for datacollector processId: 23572 port: 63948
TpTrace Verbose: 0 : 11588, 4, 2022/03/24, 14:04:18.255, 658772925292, vstest.console.dll, DataCollectionRequestSender.SendBeforeTestRunStartAndGetResult : Send BeforeTestRunStart message with settingsXml <RunSettings><RunConfiguration><ResultsDirectory>C:\Users\craft\source\repos\SQ010\Task Five\BankAppTest\bin\Debug\net5.0\fine-code-coverage\coverage-tool-output</ResultsDirectory><TargetPlatform>X64</TargetPlatform><TargetFrameworkVersion>.NETCoreApp,Version=v5.0</TargetFrameworkVersion><DesignMode>False</DesignMode><CollectSourceInformation>False</CollectSourceInformation><TestAdaptersPaths>C:\Program Files\dotnet\sdk\5.0.400-preview.21328.4\Extensions</TestAdaptersPaths></RunConfiguration><LoggerRunSettings><Loggers><Logger friendlyName="blame" enabled="True" /><Logger friendlyName="Console" uri="logger://microsoft/TestPlatform/ConsoleLogger/v1" assemblyQualifiedName="Microsoft.VisualStudio.TestPlatform.CommandLine.Internal.ConsoleLogger, vstest.console, Version=15.0.0.0, Culture=neutral, PublicKeyToken=b03f5f7f11d50a3a" codeBase="C:\Program Files\dotnet\sdk\5.0.400-preview.21328.4\vstest.console.dll" enabled="True" /></Loggers></LoggerRunSettings><DataCollectionRunSettings><DataCollectors><DataCollector friendlyName="blame" enabled="True"><Configuration><ResultsDirectory>C:\Users\craft\source\repos\SQ010\Task Five\BankAppTest\bin\Debug\net5.0\fine-code-coverage\coverage-tool-output</ResultsDirectory></Configuration></DataCollector></DataCollectors></DataCollectionRunSettings></RunSettings> and sources System.Linq.Enumerable+Concat2Iterator`1[System.String]: 
TpTrace Verbose: 0 : 11588, 4, 2022/03/24, 14:04:18.327, 658773646394, vstest.console.dll, DataCollectionRequestSender.SendBeforeTestRunStartAndGetResult : Received message: (DataCollection.SendMessage) -> {
  "FriendlyName": null,
  "Uri": null,
  "TestCaseId": "00000000-0000-0000-0000-000000000000",
  "Message": "Logging DataCollector Diagnostics in file: C:\\Users\\craft\\source\\repos\\SQ010\\Task Five\\BankAppTest\\bin\\Debug\\net5.0\\fine-code-coverage\\coverage-tool-output\\diagnostics.datacollector.22-03-24_14-04-18_08839_4.log",
  "Level": 0
}
TpTrace Verbose: 0 : 11588, 4, 2022/03/24, 14:04:18.392, 658774296783, vstest.console.dll, DataCollectionRequestSender.SendBeforeTestRunStartAndGetResult : Received message: (DataCollection.BeforeTestRunStartResult) -> {
  "EnvironmentVariables": {},
  "DataCollectionEventsPort": 63950
}
TpTrace Information: 0 : 11588, 4, 2022/03/24, 14:04:18.395, 658774333707, vstest.console.dll, ProxyDataCollectionManager.BeforeTestRunStart: SendBeforeTestRunStartAndGetResult successful, env variable from datacollector:   and testhost port: 63950
TpTrace Information: 0 : 11588, 4, 2022/03/24, 14:04:18.396, 658774334565, vstest.console.dll, ProxyDataCollectionManager.InvokeDataCollectionServiceAction: Completed.
TpTrace Verbose: 0 : 11588, 1, 2022/03/24, 14:04:18.396, 658774335800, vstest.console.dll, TestRunRequest.ExecuteAsync: Creating test run request.
TpTrace Verbose: 0 : 11588, 1, 2022/03/24, 14:04:18.396, 658774338273, vstest.console.dll, TestRunRequest.ExecuteAsync: Starting.
TpTrace Information: 0 : 11588, 1, 2022/03/24, 14:04:18.396, 658774340922, vstest.console.dll, TestRunRequest.ExecuteAsync: Starting run with settings:TestRunCriteria:
   KeepAlive=False,FrequencyOfRunStatsChangeEvent=10,RunStatsChangeEventTimeout=00:00:01.5000000,TestCaseFilter=,TestExecutorLauncher=
   Settingsxml=<RunSettings>
  <RunConfiguration>
    <ResultsDirectory>C:\Users\craft\source\repos\SQ010\Task Five\BankAppTest\bin\Debug\net5.0\fine-code-coverage\coverage-tool-output</ResultsDirectory>
    <TargetPlatform>X64</TargetPlatform>
    <TargetFrameworkVersion>.NETCoreApp,Version=v5.0</TargetFrameworkVersion>
    <DesignMode>False</DesignMode>
    <CollectSourceInformation>False</CollectSourceInformation>
  </RunConfiguration>
  <LoggerRunSettings>
    <Loggers>
      <Logger friendlyName="blame" enabled="True" />
      <Logger friendlyName="Console" uri="logger://microsoft/TestPlatform/ConsoleLogger/v1" assemblyQualifiedName="Microsoft.VisualStudio.TestPlatform.CommandLine.Internal.ConsoleLogger, vstest.console, Version=15.0.0.0, Culture=neutral, PublicKeyToken=b03f5f7f11d50a3a" codeBase="C:\Program Files\dotnet\sdk\5.0.400-preview.21328.4\vstest.console.dll" enabled="True" />
    </Loggers>
  </LoggerRunSettings>
  <DataCollectionRunSettings>
    <DataCollectors>
      <DataCollector friendlyName="blame" enabled="True">
        <Configuration>
          <ResultsDirectory>C:\Users\craft\source\repos\SQ010\Task Five\BankAppTest\bin\Debug\net5.0\fine-code-coverage\coverage-tool-output</ResultsDirectory>
        </Configuration>
      </DataCollector>
    </DataCollectors>
  </DataCollectionRunSettings>
</RunSettings>

TpTrace Verbose: 0 : 11588, 1, 2022/03/24, 14:04:18.396, 658774341653, vstest.console.dll, TestRunRequest.ExecuteAsync: Wait for the first run request is over.
TpTrace Verbose: 0 : 11588, 1, 2022/03/24, 14:04:18.397, 658774345544, vstest.console.dll, ParallelProxyExecutionManager: Start execution. Total sources: 1
TpTrace Information: 0 : 11588, 1, 2022/03/24, 14:04:18.397, 658774352983, vstest.console.dll, ProxyParallelExecutionManager: Triggering test run for next source: C:\Users\craft\source\repos\SQ010\Task Five\BankAppTest\bin\Debug\net5.0\fine-code-coverage\build-output\BankAppTest.dll
TpTrace Verbose: 0 : 11588, 4, 2022/03/24, 14:04:18.398, 658774355714, vstest.console.dll, ParallelProxyExecutionManager: Execution started. Started clients: 1
TpTrace Verbose: 0 : 11588, 1, 2022/03/24, 14:04:18.398, 658774356075, vstest.console.dll, ProxyParallelExecutionManager: No sources available for execution.
TpTrace Information: 0 : 11588, 1, 2022/03/24, 14:04:18.398, 658774357319, vstest.console.dll, TestRunRequest.ExecuteAsync: Started.
TpTrace Verbose: 0 : 11588, 1, 2022/03/24, 14:04:18.398, 658774358478, vstest.console.dll, TestRunRequest.WaitForCompletion: Waiting with timeout -1.
TpTrace Verbose: 0 : 11588, 4, 2022/03/24, 14:04:18.398, 658774358592, vstest.console.dll, TestRunRequest:SendTestRunMessage: Starting.
TpTrace Information: 0 : 11588, 4, 2022/03/24, 14:04:18.398, 658774361236, vstest.console.dll, TestRunRequest:SendTestRunMessage: Completed.
TpTrace Verbose: 0 : 11588, 4, 2022/03/24, 14:04:18.398, 658774363593, vstest.console.dll, ProxyExecutionManager: Test host is always Lazy initialize.
TpTrace Verbose: 0 : 11588, 4, 2022/03/24, 14:04:18.399, 658774366230, vstest.console.dll, TestRequestSender.InitializeCommunication: initialize communication. 
TpTrace Information: 0 : 11588, 4, 2022/03/24, 14:04:18.399, 658774371821, vstest.console.dll, SocketServer.Start: Listening on endpoint : 127.0.0.1:63951
TpTrace Verbose: 0 : 11588, 4, 2022/03/24, 14:04:18.400, 658774378965, vstest.console.dll, DotnetTestHostmanager: Adding  --runtimeconfig "C:\Users\craft\source\repos\SQ010\Task Five\BankAppTest\bin\Debug\net5.0\fine-code-coverage\build-output\BankAppTest.runtimeconfig.json" in args
TpTrace Verbose: 0 : 11588, 4, 2022/03/24, 14:04:18.400, 658774380190, vstest.console.dll, DotnetTestHostmanager: Adding  --depsfile "C:\Users\craft\source\repos\SQ010\Task Five\BankAppTest\bin\Debug\net5.0\fine-code-coverage\build-output\BankAppTest.deps.json" in args
TpTrace Verbose: 0 : 11588, 4, 2022/03/24, 14:04:18.400, 658774382464, vstest.console.dll, DotnetTestHostManager: Testhost.exe/testhost.x86.exe found at path: C:\Users\craft\source\repos\SQ010\Task Five\BankAppTest\bin\Debug\net5.0\fine-code-coverage\build-output\testhost.exe
TpTrace Verbose: 0 : 11588, 4, 2022/03/24, 14:04:18.400, 658774383014, vstest.console.dll, DotnetTestHostmanager: Full path of host exe is C:\Users\craft\source\repos\SQ010\Task Five\BankAppTest\bin\Debug\net5.0\fine-code-coverage\build-output\testhost.exe
TpTrace Verbose: 0 : 11588, 6, 2022/03/24, 14:04:18.401, 658774392475, vstest.console.dll, DotnetTestHostManager: Starting process 'C:\Users\craft\source\repos\SQ010\Task Five\BankAppTest\bin\Debug\net5.0\fine-code-coverage\build-output\testhost.exe' with command line ' --runtimeconfig "C:\Users\craft\source\repos\SQ010\Task Five\BankAppTest\bin\Debug\net5.0\fine-code-coverage\build-output\BankAppTest.runtimeconfig.json" --depsfile "C:\Users\craft\source\repos\SQ010\Task Five\BankAppTest\bin\Debug\net5.0\fine-code-coverage\build-output\BankAppTest.deps.json" --port 63951 --endpoint 127.0.0.1:063951 --role client --parentprocessid 11588 --diag "C:\Users\craft\source\repos\SQ010\Task Five\BankAppTest\bin\Debug\net5.0\fine-code-coverage\coverage-tool-output\diagnostics.host.22-03-24_14-04-18_40005_4.log" --tracelevel 4 --datacollectionport 63950 --telemetryoptedin false'
TpTrace Verbose: 0 : 11588, 6, 2022/03/24, 14:04:18.419, 658774566513, vstest.console.dll, Test Runtime launched
TpTrace Verbose: 0 : 11588, 4, 2022/03/24, 14:04:18.420, 658774576101, vstest.console.dll, TestRequestSender.WaitForRequestHandlerConnection: waiting for connection with timeout: 90000
TpTrace Verbose: 0 : 11588, 6, 2022/03/24, 14:04:18.696, 658777335285, vstest.console.dll, SocketServer.OnClientConnected: Client connected for endPoint: 127.0.0.1:63951, starting MessageLoopAsync:
TpTrace Verbose: 0 : 11588, 6, 2022/03/24, 14:04:18.696, 658777338265, vstest.console.dll, TcpClientExtensions.MessageLoopAsync: Polling on remoteEndPoint: 127.0.0.1:63952 localEndPoint: 127.0.0.1:63951
TpTrace Verbose: 0 : 11588, 6, 2022/03/24, 14:04:18.848, 658778857915, vstest.console.dll, TcpClientExtensions.MessageLoopAsync: NotifyDataAvailable remoteEndPoint: 127.0.0.1:63952 localEndPoint: 127.0.0.1:63951
TpTrace Verbose: 0 : 11588, 6, 2022/03/24, 14:04:18.848, 658778861189, vstest.console.dll, TestRequestSender.CheckVersionWithTestHost: onMessageReceived received message: (ProtocolVersion) -> 5
TpTrace Verbose: 0 : 11588, 6, 2022/03/24, 14:04:18.849, 658778866361, vstest.console.dll, TcpClientExtensions.MessageLoopAsync: Polling on remoteEndPoint: 127.0.0.1:63952 localEndPoint: 127.0.0.1:63951
TpTrace Verbose: 0 : 11588, 4, 2022/03/24, 14:04:18.849, 658778867660, vstest.console.dll, TestPluginCache.GetExtensionPaths: Filtered extension paths: 
TpTrace Verbose: 0 : 11588, 4, 2022/03/24, 14:04:18.849, 658778868448, vstest.console.dll, TestPluginCache.GetExtensionPaths: Added default extension paths: C:\Program Files\dotnet\sdk\5.0.400-preview.21328.4\Extensions\Microsoft.Diagnostics.NETCore.Client.dll
C:\Program Files\dotnet\sdk\5.0.400-preview.21328.4\Extensions\Microsoft.TestPlatform.Extensions.BlameDataCollector.dll
C:\Program Files\dotnet\sdk\5.0.400-preview.21328.4\Extensions\Microsoft.TestPlatform.Extensions.EventLogCollector.dll
C:\Program Files\dotnet\sdk\5.0.400-preview.21328.4\Extensions\Microsoft.TestPlatform.TestHostRuntimeProvider.dll
C:\Program Files\dotnet\sdk\5.0.400-preview.21328.4\Extensions\Microsoft.VisualStudio.TestPlatform.Extensions.Html.TestLogger.dll
C:\Program Files\dotnet\sdk\5.0.400-preview.21328.4\Extensions\Microsoft.VisualStudio.TestPlatform.Extensions.Trx.TestLogger.dll
TpTrace Verbose: 0 : 11588, 4, 2022/03/24, 14:04:18.849, 658778869237, vstest.console.dll, TestPluginCache.GetExtensionPaths: Added unfilterableExtensionPaths: 
TpTrace Verbose: 0 : 11588, 4, 2022/03/24, 14:04:18.853, 658778907373, vstest.console.dll, TestRequestSender.InitializeExecution: Sending initializing execution with message: {"Version":5,"MessageType":"TestExecution.Initialize","Payload":["C:\\Users\\craft\\source\\repos\\SQ010\\Task Five\\BankAppTest\\bin\\Debug\\net5.0\\fine-code-coverage\\build-output\\xunit.runner.visualstudio.dotnetcore.testadapter.dll"]}
TpTrace Verbose: 0 : 11588, 6, 2022/03/24, 14:04:18.860, 658778983639, vstest.console.dll, TcpClientExtensions.MessageLoopAsync: NotifyDataAvailable remoteEndPoint: 127.0.0.1:63952 localEndPoint: 127.0.0.1:63951
TpTrace Verbose: 0 : 11588, 6, 2022/03/24, 14:04:18.861, 658778985234, vstest.console.dll, TestRequestSender.OnExecutionMessageReceived: Received message: {"Version":5,"MessageType":"TestSession.Message","Payload":{"MessageLevel":0,"Message":"Logging TestHost Diagnostics in file: C:\\Users\\craft\\source\\repos\\SQ010\\Task Five\\BankAppTest\\bin\\Debug\\net5.0\\fine-code-coverage\\coverage-tool-output\\diagnostics.host.22-03-24_14-04-18_40005_4.log"}}
TpTrace Verbose: 0 : 11588, 4, 2022/03/24, 14:04:18.861, 658778991900, vstest.console.dll, TestRequestSender.StartTestRun: Sending test run with message: {"Version":5,"MessageType":"TestExecution.StartWithSources","Payload":{"AdapterSourceMap":{"_none_":["C:\\Users\\craft\\source\\repos\\SQ010\\Task Five\\BankAppTest\\bin\\Debug\\net5.0\\fine-code-coverage\\build-output\\BankAppTest.dll"]},"RunSettings":"<RunSettings>\r\n  <RunConfiguration>\r\n    <ResultsDirectory>C:\\Users\\craft\\source\\repos\\SQ010\\Task Five\\BankAppTest\\bin\\Debug\\net5.0\\fine-code-coverage\\coverage-tool-output</ResultsDirectory>\r\n    <TargetPlatform>X64</TargetPlatform>\r\n    <TargetFrameworkVersion>.NETCoreApp,Version=v5.0</TargetFrameworkVersion>\r\n    <DesignMode>False</DesignMode>\r\n    <CollectSourceInformation>False</CollectSourceInformation>\r\n  </RunConfiguration>\r\n  <LoggerRunSettings>\r\n    <Loggers>\r\n      <Logger friendlyName=\"blame\" enabled=\"True\" />\r\n      <Logger friendlyName=\"Console\" uri=\"logger://microsoft/TestPlatform/ConsoleLogger/v1\" assemblyQualifiedName=\"Microsoft.VisualStudio.TestPlatform.CommandLine.Internal.ConsoleLogger, vstest.console, Version=15.0.0.0, Culture=neutral, PublicKeyToken=b03f5f7f11d50a3a\" codeBase=\"C:\\Program Files\\dotnet\\sdk\\5.0.400-preview.21328.4\\vstest.console.dll\" enabled=\"True\" />\r\n    </Loggers>\r\n  </LoggerRunSettings>\r\n  <DataCollectionRunSettings>\r\n    <DataCollectors>\r\n      <DataCollector friendlyName=\"blame\" enabled=\"True\">\r\n        <Configuration>\r\n          <ResultsDirectory>C:\\Users\\craft\\source\\repos\\SQ010\\Task Five\\BankAppTest\\bin\\Debug\\net5.0\\fine-code-coverage\\coverage-tool-output</ResultsDirectory>\r\n        </Configuration>\r\n      </DataCollector>\r\n    </DataCollectors>\r\n  </DataCollectionRunSettings>\r\n</RunSettings>","TestExecutionContext":{"FrequencyOfRunStatsChangeEvent":10,"RunStatsChangeEventTimeout":"00:00:01.5000000","InIsolation":false,"KeepAlive":false,"AreTestCaseLevelEventsRequired":false,"IsDebug":false,"TestCaseFilter":null,"FilterOptions":null},"Package":null}}
TpTrace Verbose: 0 : 11588, 6, 2022/03/24, 14:04:18.863, 658779006514, vstest.console.dll, TestRunRequest:SendTestRunMessage: Starting.
TpTrace Information: 0 : 11588, 6, 2022/03/24, 14:04:18.863, 658779007751, vstest.console.dll, TestRunRequest:SendTestRunMessage: Completed.
TpTrace Verbose: 0 : 11588, 6, 2022/03/24, 14:04:18.863, 658779008276, vstest.console.dll, TcpClientExtensions.MessageLoopAsync: Polling on remoteEndPoint: 127.0.0.1:63952 localEndPoint: 127.0.0.1:63951
TpTrace Verbose: 0 : 11588, 6, 2022/03/24, 14:04:19.006, 658780436372, vstest.console.dll, TcpClientExtensions.MessageLoopAsync: NotifyDataAvailable remoteEndPoint: 127.0.0.1:63952 localEndPoint: 127.0.0.1:63951
TpTrace Verbose: 0 : 11588, 6, 2022/03/24, 14:04:19.006, 658780437884, vstest.console.dll, TestRequestSender.OnExecutionMessageReceived: Received message: {"Version":5,"MessageType":"TestSession.Message","Payload":{"MessageLevel":0,"Message":"[xUnit.net 00:00:00.00] xUnit.net VSTest Adapter v2.4.3+1b45f5407b (64-bit .NET 5.0.6)"}}
TpTrace Verbose: 0 : 11588, 6, 2022/03/24, 14:04:19.006, 658780440802, vstest.console.dll, TestRunRequest:SendTestRunMessage: Starting.
TpTrace Information: 0 : 11588, 6, 2022/03/24, 14:04:19.006, 658780441847, vstest.console.dll, TestRunRequest:SendTestRunMessage: Completed.
TpTrace Verbose: 0 : 11588, 6, 2022/03/24, 14:04:19.006, 658780442457, vstest.console.dll, TcpClientExtensions.MessageLoopAsync: Polling on remoteEndPoint: 127.0.0.1:63952 localEndPoint: 127.0.0.1:63951
TpTrace Verbose: 0 : 11588, 6, 2022/03/24, 14:04:19.548, 658785854654, vstest.console.dll, TcpClientExtensions.MessageLoopAsync: NotifyDataAvailable remoteEndPoint: 127.0.0.1:63952 localEndPoint: 127.0.0.1:63951
TpTrace Verbose: 0 : 11588, 6, 2022/03/24, 14:04:19.548, 658785855895, vstest.console.dll, TestRequestSender.OnExecutionMessageReceived: Received message: {"Version":5,"MessageType":"TestSession.Message","Payload":{"MessageLevel":0,"Message":"[xUnit.net 00:00:00.55]   Discovering: BankAppTest"}}
TpTrace Verbose: 0 : 11588, 6, 2022/03/24, 14:04:19.548, 658785857644, vstest.console.dll, TestRunRequest:SendTestRunMessage: Starting.
TpTrace Information: 0 : 11588, 6, 2022/03/24, 14:04:19.548, 658785858252, vstest.console.dll, TestRunRequest:SendTestRunMessage: Completed.
TpTrace Verbose: 0 : 11588, 6, 2022/03/24, 14:04:19.548, 658785858745, vstest.console.dll, TcpClientExtensions.MessageLoopAsync: Polling on remoteEndPoint: 127.0.0.1:63952 localEndPoint: 127.0.0.1:63951
TpTrace Verbose: 0 : 11588, 6, 2022/03/24, 14:04:19.602, 658786397658, vstest.console.dll, TcpClientExtensions.MessageLoopAsync: NotifyDataAvailable remoteEndPoint: 127.0.0.1:63952 localEndPoint: 127.0.0.1:63951
TpTrace Verbose: 0 : 11588, 6, 2022/03/24, 14:04:19.602, 658786399116, vstest.console.dll, TestRequestSender.OnExecutionMessageReceived: Received message: {"Version":5,"MessageType":"TestSession.Message","Payload":{"MessageLevel":0,"Message":"[xUnit.net 00:00:00.60]   Discovered:  BankAppTest"}}
TpTrace Verbose: 0 : 11588, 6, 2022/03/24, 14:04:19.602, 658786401282, vstest.console.dll, TestRunRequest:SendTestRunMessage: Starting.
TpTrace Information: 0 : 11588, 6, 2022/03/24, 14:04:19.602, 658786401982, vstest.console.dll, TestRunRequest:SendTestRunMessage: Completed.
TpTrace Verbose: 0 : 11588, 6, 2022/03/24, 14:04:19.602, 658786402399, vstest.console.dll, TcpClientExtensions.MessageLoopAsync: Polling on remoteEndPoint: 127.0.0.1:63952 localEndPoint: 127.0.0.1:63951
TpTrace Verbose: 0 : 11588, 6, 2022/03/24, 14:04:19.606, 658786435002, vstest.console.dll, TcpClientExtensions.MessageLoopAsync: NotifyDataAvailable remoteEndPoint: 127.0.0.1:63952 localEndPoint: 127.0.0.1:63951
TpTrace Verbose: 0 : 11588, 6, 2022/03/24, 14:04:19.606, 658786436027, vstest.console.dll, TestRequestSender.OnExecutionMessageReceived: Received message: {"Version":5,"MessageType":"TestSession.Message","Payload":{"MessageLevel":0,"Message":"[xUnit.net 00:00:00.60]   Starting:    BankAppTest"}}
TpTrace Verbose: 0 : 11588, 6, 2022/03/24, 14:04:19.606, 658786437374, vstest.console.dll, TestRunRequest:SendTestRunMessage: Starting.
TpTrace Information: 0 : 11588, 6, 2022/03/24, 14:04:19.606, 658786438027, vstest.console.dll, TestRunRequest:SendTestRunMessage: Completed.
TpTrace Verbose: 0 : 11588, 6, 2022/03/24, 14:04:19.606, 658786438442, vstest.console.dll, TcpClientExtensions.MessageLoopAsync: Polling on remoteEndPoint: 127.0.0.1:63952 localEndPoint: 127.0.0.1:63951
TpTrace Verbose: 0 : 11588, 6, 2022/03/24, 14:04:19.776, 658788134832, vstest.console.dll, TcpClientExtensions.MessageLoopAsync: NotifyDataAvailable remoteEndPoint: 127.0.0.1:63952 localEndPoint: 127.0.0.1:63951
TpTrace Verbose: 0 : 11588, 6, 2022/03/24, 14:04:19.776, 658788137692, vstest.console.dll, TestRequestSender.OnExecutionMessageReceived: Received message: {"Version":5,"MessageType":"TestExecution.StatsChange","Payload":{"NewTestResults":[{"TestCase":{"Id":"886f8d32-036d-9283-2e3e-3f8c838f5a46","FullyQualifiedName":"BankAppTest.UtilitiesTest.ShouldHashAPassword","DisplayName":"BankAppTest.UtilitiesTest.ShouldHashAPassword","ExecutorUri":"executor://xunit/VsTestRunner2/netcoreapp","Source":"C:\\Users\\craft\\source\\repos\\SQ010\\Task Five\\BankAppTest\\bin\\Debug\\net5.0\\fine-code-coverage\\build-output\\BankAppTest.dll","CodeFilePath":null,"LineNumber":0,"Properties":[]},"Attachments":[],"Outcome":1,"ErrorMessage":null,"ErrorStackTrace":null,"DisplayName":"BankAppTest.UtilitiesTest.ShouldHashAPassword","Messages":[],"ComputerName":"DESKTOP-1CH1I23","Duration":"00:00:00.0066244","StartTime":"2022-03-24T13:04:19.7091254+00:00","EndTime":"2022-03-24T13:04:19.7092017+00:00","Properties":[]},{"TestCase":{"Id":"24c18800-c146-6b89-3cde-b66c91af2aaa","FullyQualifiedName":"BankAppTest.ValidationTest.ShouldValidatePassword","DisplayName":"BankAppTest.ValidationTest.ShouldValidatePassword(password: \"Bim*1\", expected: False)","ExecutorUri":"executor://xunit/VsTestRunner2/netcoreapp","Source":"C:\\Users\\craft\\source\\repos\\SQ010\\Task Five\\BankAppTest\\bin\\Debug\\net5.0\\fine-code-coverage\\build-output\\BankAppTest.dll","CodeFilePath":null,"LineNumber":0,"Properties":[]},"Attachments":[],"Outcome":1,"ErrorMessage":null,"ErrorStackTrace":null,"DisplayName":"BankAppTest.ValidationTest.ShouldValidatePassword(password: \"Bim*1\", expected: False)","Messages":[],"ComputerName":"DESKTOP-1CH1I23","Duration":"00:00:00.0131732","StartTime":"2022-03-24T13:04:19.7364087+00:00","EndTime":"2022-03-24T13:04:19.7364107+00:00","Properties":[]}],"TestRunStatistics":{"ExecutedTests":2,"Stats":{"Passed":2}},"ActiveTests":[{"Id":"51bfa7a0-92e3-384b-e46f-8dbd4c020640","FullyQualifiedName":"BankAppTest.UserRoleServiceTest.AddUserToRolesShouldThrowExceptionWhenIsError","DisplayName":"BankAppTest.UserRoleServiceTest.AddUserToRolesShouldThrowExceptionWhenIsError","ExecutorUri":"executor://xunit/VsTestRunner2/netcoreapp","Source":"C:\\Users\\craft\\source\\repos\\SQ010\\Task Five\\BankAppTest\\bin\\Debug\\net5.0\\fine-code-coverage\\build-output\\BankAppTest.dll","CodeFilePath":null,"LineNumber":0,"Properties":[]},{"Id":"69072f5b-48fc-ec41-735f-da9fa017f212","FullyQualifiedName":"BankAppTest.AccountServiceTest.ShouldAddAccountWhenNoError","DisplayName":"BankAppTest.AccountServiceTest.ShouldAddAccountWhenNoError","ExecutorUri":"executor://xunit/VsTestRunner2/netcoreapp","Source":"C:\\Users\\craft\\source\\repos\\SQ010\\Task Five\\BankAppTest\\bin\\Debug\\net5.0\\fine-code-coverage\\build-output\\BankAppTest.dll","CodeFilePath":null,"LineNumber":0,"Properties":[]},{"Id":"aa4e6e55-4c1f-b857-d2fc-59cb48781d97","FullyQualifiedName":"BankAppTest.TransactionsServiceTest.AddTransactionShouldReturnTrueWhenNoError","DisplayName":"BankAppTest.TransactionsServiceTest.AddTransactionShouldReturnTrueWhenNoError","ExecutorUri":"executor://xunit/VsTestRunner2/netcoreapp","Source":"C:\\Users\\craft\\source\\repos\\SQ010\\Task Five\\BankAppTest\\bin\\Debug\\net5.0\\fine-code-coverage\\build-output\\BankAppTest.dll","CodeFilePath":null,"LineNumber":0,"Properties":[]},{"Id":"3dac8ecf-49f6-fe29-fd59-47bdb5a0ad24","FullyQualifiedName":"BankAppTest.ReadWriteJsonTest.ShouldWriteToJson","DisplayName":"BankAppTest.ReadWriteJsonTest.ShouldWriteToJson","ExecutorUri":"executor://xunit/VsTestRunner2/netcoreapp","Source":"C:\\Users\\craft\\source\\repos\\SQ010\\Task Five\\BankAppTest\\bin\\Debug\\net5.0\\fine-code-coverage\\build-output\\BankAppTest.dll","CodeFilePath":null,"LineNumber":0,"Properties":[]},{"Id":"05d9e634-6fd9-7035-2df8-f341c24dd012","FullyQualifiedName":"BankAppTest.AccountOperationsTest.WithdrawShouldReturnTrueWhenNoError","DisplayName":"BankAppTest.AccountOperationsTest.WithdrawShouldReturnTrueWhenNoError","ExecutorUri":"executor://xunit/VsTestRunner2/netcoreapp","Source":"C:\\Users\\craft\\source\\repos\\SQ010\\Task Five\\BankAppTest\\bin\\Debug\\net5.0\\fine-code-coverage\\build-output\\BankAppTest.dll","CodeFilePath":null,"LineNumber":0,"Properties":[]},{"Id":"85c1152e-583e-3f00-eb70-c089541ba0dc","FullyQualifiedName":"BankAppTest.AuthTest.LoginShouldReturnNullWithInCorrectCredential","DisplayName":"BankAppTest.AuthTest.LoginShouldReturnNullWithInCorrectCredential(email: \"admin@gmail.com\", password: \"bimbola@123\", expected: null)","ExecutorUri":"executor://xunit/VsTestRunner2/netcoreapp","Source":"C:\\Users\\craft\\source\\repos\\SQ010\\Task Five\\BankAppTest\\bin\\Debug\\net5.0\\fine-code-coverage\\build-output\\BankAppTest.dll","CodeFilePath":null,"LineNumber":0,"Properties":[]},{"Id":"66ad05da-ef76-a137-f32c-675940cd94fe","FullyQualifiedName":"BankAppTest.UtilitiesTest.ShouldGenerateNumbers","DisplayName":"BankAppTest.UtilitiesTest.ShouldGenerateNumbers(num: 3, expected: 3)","ExecutorUri":"executor://xunit/VsTestRunner2/netcoreapp","Source":"C:\\Users\\craft\\source\\repos\\SQ010\\Task Five\\BankAppTest\\bin\\Debug\\net5.0\\fine-code-coverage\\build-output\\BankAppTest.dll","CodeFilePath":null,"LineNumber":0,"Properties":[]},{"Id":"87797a87-e621-d3c5-b289-a22d65e66b43","FullyQualifiedName":"BankAppTest.ValidationTest.ShouldValidatePassword","DisplayName":"BankAppTest.ValidationTest.ShouldValidatePassword(password: \"Bimbo@20\", expected: True)","ExecutorUri":"executor://xunit/VsTestRunner2/netcoreapp","Source":"C:\\Users\\craft\\source\\repos\\SQ010\\Task Five\\BankAppTest\\bin\\Debug\\net5.0\\fine-code-coverage\\build-output\\BankAppTest.dll","CodeFilePath":null,"LineNumber":0,"Properties":[]}]}}
TpTrace Verbose: 0 : 11588, 6, 2022/03/24, 14:04:19.813, 658788504801, vstest.console.dll, TestRunRequest:SendTestRunStatsChange: Starting.
TpTrace Verbose: 0 : 11588, 6, 2022/03/24, 14:04:19.813, 658788506803, vstest.console.dll, InProgress is BankAppTest.UserRoleServiceTest.AddUserToRolesShouldThrowExceptionWhenIsError
TpTrace Verbose: 0 : 11588, 6, 2022/03/24, 14:04:19.813, 658788507617, vstest.console.dll, InProgress is BankAppTest.AccountServiceTest.ShouldAddAccountWhenNoError
TpTrace Verbose: 0 : 11588, 6, 2022/03/24, 14:04:19.813, 658788508274, vstest.console.dll, InProgress is BankAppTest.TransactionsServiceTest.AddTransactionShouldReturnTrueWhenNoError
TpTrace Verbose: 0 : 11588, 6, 2022/03/24, 14:04:19.813, 658788508881, vstest.console.dll, InProgress is BankAppTest.ReadWriteJsonTest.ShouldWriteToJson
TpTrace Verbose: 0 : 11588, 6, 2022/03/24, 14:04:19.813, 658788509462, vstest.console.dll, InProgress is BankAppTest.AccountOperationsTest.WithdrawShouldReturnTrueWhenNoError
TpTrace Verbose: 0 : 11588, 6, 2022/03/24, 14:04:19.813, 658788510028, vstest.console.dll, InProgress is BankAppTest.AuthTest.LoginShouldReturnNullWithInCorrectCredential(email: "admin@gmail.com", password: "bimbola@123", expected: null)
TpTrace Verbose: 0 : 11588, 6, 2022/03/24, 14:04:19.813, 658788510597, vstest.console.dll, InProgress is BankAppTest.UtilitiesTest.ShouldGenerateNumbers(num: 3, expected: 3)
TpTrace Verbose: 0 : 11588, 6, 2022/03/24, 14:04:19.813, 658788511234, vstest.console.dll, InProgress is BankAppTest.ValidationTest.ShouldValidatePassword(password: "Bimbo@20", expected: True)
TpTrace Information: 0 : 11588, 6, 2022/03/24, 14:04:19.813, 658788514224, vstest.console.dll, TestRunRequest:SendTestRunStatsChange: Completed.
TpTrace Verbose: 0 : 11588, 6, 2022/03/24, 14:04:19.814, 658788515017, vstest.console.dll, TcpClientExtensions.MessageLoopAsync: Polling on remoteEndPoint: 127.0.0.1:63952 localEndPoint: 127.0.0.1:63951
TpTrace Verbose: 0 : 11588, 6, 2022/03/24, 14:04:19.814, 658788516180, vstest.console.dll, TcpClientExtensions.MessageLoopAsync: NotifyDataAvailable remoteEndPoint: 127.0.0.1:63952 localEndPoint: 127.0.0.1:63951
TpTrace Verbose: 0 : 11588, 6, 2022/03/24, 14:04:19.814, 658788518781, vstest.console.dll, TestRequestSender.OnExecutionMessageReceived: Received message: {"Version":5,"MessageType":"TestExecution.StatsChange","Payload":{"NewTestResults":[{"TestCase":{"Id":"87797a87-e621-d3c5-b289-a22d65e66b43","FullyQualifiedName":"BankAppTest.ValidationTest.ShouldValidatePassword","DisplayName":"BankAppTest.ValidationTest.ShouldValidatePassword(password: \"Bimbo@20\", expected: True)","ExecutorUri":"executor://xunit/VsTestRunner2/netcoreapp","Source":"C:\\Users\\craft\\source\\repos\\SQ010\\Task Five\\BankAppTest\\bin\\Debug\\net5.0\\fine-code-coverage\\build-output\\BankAppTest.dll","CodeFilePath":null,"LineNumber":0,"Properties":[]},"Attachments":[],"Outcome":1,"ErrorMessage":null,"ErrorStackTrace":null,"DisplayName":"BankAppTest.ValidationTest.ShouldValidatePassword(password: \"Bimbo@20\", expected: True)","Messages":[],"ComputerName":"DESKTOP-1CH1I23","Duration":"00:00:00.0002372","StartTime":"2022-03-24T13:04:19.7777114+00:00","EndTime":"2022-03-24T13:04:19.777713+00:00","Properties":[]},{"TestCase":{"Id":"4ff891fd-8733-5f41-a663-21c0b9d3aad6","FullyQualifiedName":"BankAppTest.ValidationTest.ShouldValidatePassword","DisplayName":"BankAppTest.ValidationTest.ShouldValidatePassword(password: \"Bimbo!33\", expected: True)","ExecutorUri":"executor://xunit/VsTestRunner2/netcoreapp","Source":"C:\\Users\\craft\\source\\repos\\SQ010\\Task Five\\BankAppTest\\bin\\Debug\\net5.0\\fine-code-coverage\\build-output\\BankAppTest.dll","CodeFilePath":null,"LineNumber":0,"Properties":[]},"Attachments":[],"Outcome":1,"ErrorMessage":null,"ErrorStackTrace":null,"DisplayName":"BankAppTest.ValidationTest.ShouldValidatePassword(password: \"Bimbo!33\", expected: True)","Messages":[],"ComputerName":"DESKTOP-1CH1I23","Duration":"00:00:00.0000749","StartTime":"2022-03-24T13:04:19.7811163+00:00","EndTime":"2022-03-24T13:04:19.7811178+00:00","Properties":[]},{"TestCase":{"Id":"c99e0a0d-02e3-9a98-12b6-7a11bf935825","FullyQualifiedName":"BankAppTest.ValidationTest.ShouldValidatePassword","DisplayName":"BankAppTest.ValidationTest.ShouldValidatePassword(password: \"\", expected: False)","ExecutorUri":"executor://xunit/VsTestRunner2/netcoreapp","Source":"C:\\Users\\craft\\source\\repos\\SQ010\\Task Five\\BankAppTest\\bin\\Debug\\net5.0\\fine-code-coverage\\build-output\\BankAppTest.dll","CodeFilePath":null,"LineNumber":0,"Properties":[]},"Attachments":[],"Outcome":1,"ErrorMessage":null,"ErrorStackTrace":null,"DisplayName":"BankAppTest.ValidationTest.ShouldValidatePassword(password: \"\", expected: False)","Messages":[],"ComputerName":"DESKTOP-1CH1I23","Duration":"00:00:00.0000662","StartTime":"2022-03-24T13:04:19.783745+00:00","EndTime":"2022-03-24T13:04:19.7837466+00:00","Properties":[]},{"TestCase":{"Id":"be85ce38-8711-bd31-f69b-cf97936e3eed","FullyQualifiedName":"BankAppTest.ValidationTest.ShouldValidatePassword","DisplayName":"BankAppTest.ValidationTest.ShouldValidatePassword(password: \"1234\", expected: False)","ExecutorUri":"executor://xunit/VsTestRunner2/netcoreapp","Source":"C:\\Users\\craft\\source\\repos\\SQ010\\Task Five\\BankAppTest\\bin\\Debug\\net5.0\\fine-code-coverage\\build-output\\BankAppTest.dll","CodeFilePath":null,"LineNumber":0,"Properties":[]},"Attachments":[],"Outcome":1,"ErrorMessage":null,"ErrorStackTrace":null,"DisplayName":"BankAppTest.ValidationTest.ShouldValidatePassword(password: \"1234\", expected: False)","Messages":[],"ComputerName":"DESKTOP-1CH1I23","Duration":"00:00:00.0000752","StartTime":"2022-03-24T13:04:19.7863604+00:00","EndTime":"2022-03-24T13:04:19.7863619+00:00","Properties":[]},{"TestCase":{"Id":"a72d4e08-c7da-ecb2-047b-870bb15939cd","FullyQualifiedName":"BankAppTest.ValidationTest.ShouldValidatePassword","DisplayName":"BankAppTest.ValidationTest.ShouldValidatePassword(password: \"bimbola\", expected: False)","ExecutorUri":"executor://xunit/VsTestRunner2/netcoreapp","Source":"C:\\Users\\craft\\source\\repos\\SQ010\\Task Five\\BankAppTest\\bin\\Debug\\net5.0\\fine-code-coverage\\build-output\\BankAppTest.dll","CodeFilePath":null,"LineNumber":0,"Properties":[]},"Attachments":[],"Outcome":1,"ErrorMessage":null,"ErrorStackTrace":null,"DisplayName":"BankAppTest.ValidationTest.ShouldValidatePassword(password: \"bimbola\", expected: False)","Messages":[],"ComputerName":"DESKTOP-1CH1I23","Duration":"00:00:00.0000701","StartTime":"2022-03-24T13:04:19.7891013+00:00","EndTime":"2022-03-24T13:04:19.7891032+00:00","Properties":[]},{"TestCase":{"Id":"2de7228b-b177-4267-1dc8-7d4166e9c749","FullyQualifiedName":"BankAppTest.ValidationTest.ShouldValidateEmail","DisplayName":"BankAppTest.ValidationTest.ShouldValidateEmail(email: \"john\", expected: False)","ExecutorUri":"executor://xunit/VsTestRunner2/netcoreapp","Source":"C:\\Users\\craft\\source\\repos\\SQ010\\Task Five\\BankAppTest\\bin\\Debug\\net5.0\\fine-code-coverage\\build-output\\BankAppTest.dll","CodeFilePath":null,"LineNumber":0,"Properties":[]},"Attachments":[],"Outcome":1,"ErrorMessage":null,"ErrorStackTrace":null,"DisplayName":"BankAppTest.ValidationTest.ShouldValidateEmail(email: \"john\", expected: False)","Messages":[],"ComputerName":"DESKTOP-1CH1I23","Duration":"00:00:00.0003147","StartTime":"2022-03-24T13:04:19.792018+00:00","EndTime":"2022-03-24T13:04:19.7920197+00:00","Properties":[]},{"TestCase":{"Id":"cacf2795-719d-f7d4-21d3-3fe658b016f5","FullyQualifiedName":"BankAppTest.ValidationTest.ShouldValidateEmail","DisplayName":"BankAppTest.ValidationTest.ShouldValidateEmail(email: \"john@smith@company.com\", expected: False)","ExecutorUri":"executor://xunit/VsTestRunner2/netcoreapp","Source":"C:\\Users\\craft\\source\\repos\\SQ010\\Task Five\\BankAppTest\\bin\\Debug\\net5.0\\fine-code-coverage\\build-output\\BankAppTest.dll","CodeFilePath":null,"LineNumber":0,"Properties":[]},"Attachments":[],"Outcome":1,"ErrorMessage":null,"ErrorStackTrace":null,"DisplayName":"BankAppTest.ValidationTest.ShouldValidateEmail(email: \"john@smith@company.com\", expected: False)","Messages":[],"ComputerName":"DESKTOP-1CH1I23","Duration":"00:00:00.0000384","StartTime":"2022-03-24T13:04:19.7941896+00:00","EndTime":"2022-03-24T13:04:19.794191+00:00","Properties":[]},{"TestCase":{"Id":"5a6d2185-9da6-84b5-6f45-950cb50b067d","FullyQualifiedName":"BankAppTest.ValidationTest.ShouldValidateEmail","DisplayName":"BankAppTest.ValidationTest.ShouldValidateEmail(email: \"johnsmith@company.com\", expected: True)","ExecutorUri":"executor://xunit/VsTestRunner2/netcoreapp","Source":"C:\\Users\\craft\\source\\repos\\SQ010\\Task Five\\BankAppTest\\bin\\Debug\\net5.0\\fine-code-coverage\\build-output\\BankAppTest.dll","CodeFilePath":null,"LineNumber":0,"Properties":[]},"Attachments":[],"Outcome":1,"ErrorMessage":null,"ErrorStackTrace":null,"DisplayName":"BankAppTest.ValidationTest.ShouldValidateEmail(email: \"johnsmith@company.com\", expected: True)","Messages":[],"ComputerName":"DESKTOP-1CH1I23","Duration":"00:00:00.0000349","StartTime":"2022-03-24T13:04:19.8005217+00:00","EndTime":"2022-03-24T13:04:19.8005232+00:00","Properties":[]},{"TestCase":{"Id":"991acc69-f0c7-b57b-dd6e-07cadc86e335","FullyQualifiedName":"BankAppTest.ValidationTest.ShouldValidateEmail","DisplayName":"BankAppTest.ValidationTest.ShouldValidateEmail(email: \"john.smith@company.comma\", expected: True)","ExecutorUri":"executor://xunit/VsTestRunner2/netcoreapp","Source":"C:\\Users\\craft\\source\\repos\\SQ010\\Task Five\\BankAppTest\\bin\\Debug\\net5.0\\fine-code-coverage\\build-output\\BankAppTest.dll","CodeFilePath":null,"LineNumber":0,"Properties":[]},"Attachments":[],"Outcome":1,"ErrorMessage":null,"ErrorStackTrace":null,"DisplayName":"BankAppTest.ValidationTest.ShouldValidateEmail(email: \"john.smith@company.comma\", expected: True)","Messages":[],"ComputerName":"DESKTOP-1CH1I23","Duration":"00:00:00.0000310","StartTime":"2022-03-24T13:04:19.8027526+00:00","EndTime":"2022-03-24T13:04:19.8027544+00:00","Properties":[]}],"TestRunStatistics":{"ExecutedTests":11,"Stats":{"Passed":11}},"ActiveTests":[{"Id":"7e81cff5-7bad-fba4-36ef-d2ca989b8793","FullyQualifiedName":"BankAppTest.ValidationTest.ShouldValidateEmail","DisplayName":"BankAppTest.ValidationTest.ShouldValidateEmail(email: \"john.smith.company.com\", expected: False)","ExecutorUri":"executor://xunit/VsTestRunner2/netcoreapp","Source":"C:\\Users\\craft\\source\\repos\\SQ010\\Task Five\\BankAppTest\\bin\\Debug\\net5.0\\fine-code-coverage\\build-output\\BankAppTest.dll","CodeFilePath":null,"LineNumber":0,"Properties":[]}]}}
TpTrace Verbose: 0 : 11588, 6, 2022/03/24, 14:04:19.817, 658788548112, vstest.console.dll, TestRunRequest:SendTestRunStatsChange: Starting.
TpTrace Verbose: 0 : 11588, 6, 2022/03/24, 14:04:19.817, 658788549806, vstest.console.dll, InProgress is BankAppTest.ValidationTest.ShouldValidateEmail(email: "john.smith.company.com", expected: False)
TpTrace Information: 0 : 11588, 6, 2022/03/24, 14:04:19.817, 658788551538, vstest.console.dll, TestRunRequest:SendTestRunStatsChange: Completed.
TpTrace Verbose: 0 : 11588, 6, 2022/03/24, 14:04:19.817, 658788552308, vstest.console.dll, TcpClientExtensions.MessageLoopAsync: Polling on remoteEndPoint: 127.0.0.1:63952 localEndPoint: 127.0.0.1:63951
TpTrace Verbose: 0 : 11588, 6, 2022/03/24, 14:04:19.839, 658788765309, vstest.console.dll, TcpClientExtensions.MessageLoopAsync: NotifyDataAvailable remoteEndPoint: 127.0.0.1:63952 localEndPoint: 127.0.0.1:63951
TpTrace Verbose: 0 : 11588, 6, 2022/03/24, 14:04:19.839, 658788768642, vstest.console.dll, TestRequestSender.OnExecutionMessageReceived: Received message: {"Version":5,"MessageType":"TestExecution.StatsChange","Payload":{"NewTestResults":[{"TestCase":{"Id":"7e81cff5-7bad-fba4-36ef-d2ca989b8793","FullyQualifiedName":"BankAppTest.ValidationTest.ShouldValidateEmail","DisplayName":"BankAppTest.ValidationTest.ShouldValidateEmail(email: \"john.smith.company.com\", expected: False)","ExecutorUri":"executor://xunit/VsTestRunner2/netcoreapp","Source":"C:\\Users\\craft\\source\\repos\\SQ010\\Task Five\\BankAppTest\\bin\\Debug\\net5.0\\fine-code-coverage\\build-output\\BankAppTest.dll","CodeFilePath":null,"LineNumber":0,"Properties":[]},"Attachments":[],"Outcome":1,"ErrorMessage":null,"ErrorStackTrace":null,"DisplayName":"BankAppTest.ValidationTest.ShouldValidateEmail(email: \"john.smith.company.com\", expected: False)","Messages":[],"ComputerName":"DESKTOP-1CH1I23","Duration":"00:00:00.0000302","StartTime":"2022-03-24T13:04:19.8078627+00:00","EndTime":"2022-03-24T13:04:19.8078644+00:00","Properties":[]},{"TestCase":{"Id":"585b4eb2-eda2-773c-9f18-e6efcd75e3ca","FullyQualifiedName":"BankAppTest.ValidationTest.ShouldValidateEmail","DisplayName":"BankAppTest.ValidationTest.ShouldValidateEmail(email: \"john.smith@company.com\", expected: True)","ExecutorUri":"executor://xunit/VsTestRunner2/netcoreapp","Source":"C:\\Users\\craft\\source\\repos\\SQ010\\Task Five\\BankAppTest\\bin\\Debug\\net5.0\\fine-code-coverage\\build-output\\BankAppTest.dll","CodeFilePath":null,"LineNumber":0,"Properties":[]},"Attachments":[],"Outcome":1,"ErrorMessage":null,"ErrorStackTrace":null,"DisplayName":"BankAppTest.ValidationTest.ShouldValidateEmail(email: \"john.smith@company.com\", expected: True)","Messages":[],"ComputerName":"DESKTOP-1CH1I23","Duration":"00:00:00.0000302","StartTime":"2022-03-24T13:04:19.813083+00:00","EndTime":"2022-03-24T13:04:19.8130849+00:00","Properties":[]},{"TestCase":{"Id":"cc0eca34-32b6-03d1-4b6c-cdf46a73fa73","FullyQualifiedName":"BankAppTest.ValidationTest.ShouldValidateEmail","DisplayName":"BankAppTest.ValidationTest.ShouldValidateEmail(email: \"\", expected: False)","ExecutorUri":"executor://xunit/VsTestRunner2/netcoreapp","Source":"C:\\Users\\craft\\source\\repos\\SQ010\\Task Five\\BankAppTest\\bin\\Debug\\net5.0\\fine-code-coverage\\build-output\\BankAppTest.dll","CodeFilePath":null,"LineNumber":0,"Properties":[]},"Attachments":[],"Outcome":1,"ErrorMessage":null,"ErrorStackTrace":null,"DisplayName":"BankAppTest.ValidationTest.ShouldValidateEmail(email: \"\", expected: False)","Messages":[],"ComputerName":"DESKTOP-1CH1I23","Duration":"00:00:00.0000316","StartTime":"2022-03-24T13:04:19.8165299+00:00","EndTime":"2022-03-24T13:04:19.8165321+00:00","Properties":[]},{"TestCase":{"Id":"2ab8e097-8661-6c32-32b3-f3bdcf13c22f","FullyQualifiedName":"BankAppTest.ValidationTest.ShouldValidateEmail","DisplayName":"BankAppTest.ValidationTest.ShouldValidateEmail(email: \"john.smith@company.it\", expected: True)","ExecutorUri":"executor://xunit/VsTestRunner2/netcoreapp","Source":"C:\\Users\\craft\\source\\repos\\SQ010\\Task Five\\BankAppTest\\bin\\Debug\\net5.0\\fine-code-coverage\\build-output\\BankAppTest.dll","CodeFilePath":null,"LineNumber":0,"Properties":[]},"Attachments":[],"Outcome":1,"ErrorMessage":null,"ErrorStackTrace":null,"DisplayName":"BankAppTest.ValidationTest.ShouldValidateEmail(email: \"john.smith@company.it\", expected: True)","Messages":[],"ComputerName":"DESKTOP-1CH1I23","Duration":"00:00:00.0000300","StartTime":"2022-03-24T13:04:19.8198952+00:00","EndTime":"2022-03-24T13:04:19.8198971+00:00","Properties":[]},{"TestCase":{"Id":"6f065040-5ac3-4078-e040-7d80def227ab","FullyQualifiedName":"BankAppTest.ValidationTest.ShouldValidateName","DisplayName":"BankAppTest.ValidationTest.ShouldValidateName(name: \"3bimbola\", expected: False)","ExecutorUri":"executor://xunit/VsTestRunner2/netcoreapp","Source":"C:\\Users\\craft\\source\\repos\\SQ010\\Task Five\\BankAppTest\\bin\\Debug\\net5.0\\fine-code-coverage\\build-output\\BankAppTest.dll","CodeFilePath":null,"LineNumber":0,"Properties":[]},"Attachments":[],"Outcome":1,"ErrorMessage":null,"ErrorStackTrace":null,"DisplayName":"BankAppTest.ValidationTest.ShouldValidateName(name: \"3bimbola\", expected: False)","Messages":[],"ComputerName":"DESKTOP-1CH1I23","Duration":"00:00:00.0002301","StartTime":"2022-03-24T13:04:19.8234628+00:00","EndTime":"2022-03-24T13:04:19.8234648+00:00","Properties":[]},{"TestCase":{"Id":"7ac4d809-4870-075f-fae0-3ae4fdab2238","FullyQualifiedName":"BankAppTest.ValidationTest.ShouldValidateName","DisplayName":"BankAppTest.ValidationTest.ShouldValidateName(name: \"\", expected: False)","ExecutorUri":"executor://xunit/VsTestRunner2/netcoreapp","Source":"C:\\Users\\craft\\source\\repos\\SQ010\\Task Five\\BankAppTest\\bin\\Debug\\net5.0\\fine-code-coverage\\build-output\\BankAppTest.dll","CodeFilePath":null,"LineNumber":0,"Properties":[]},"Attachments":[],"Outcome":1,"ErrorMessage":null,"ErrorStackTrace":null,"DisplayName":"BankAppTest.ValidationTest.ShouldValidateName(name: \"\", expected: False)","Messages":[],"ComputerName":"DESKTOP-1CH1I23","Duration":"00:00:00.0000255","StartTime":"2022-03-24T13:04:19.8269767+00:00","EndTime":"2022-03-24T13:04:19.8269785+00:00","Properties":[]},{"TestCase":{"Id":"1e4ff446-b7e6-f126-c949-6615896db8c9","FullyQualifiedName":"BankAppTest.ValidationTest.ShouldValidateName","DisplayName":"BankAppTest.ValidationTest.ShouldValidateName(name: \"Bimbola\", expected: True)","ExecutorUri":"executor://xunit/VsTestRunner2/netcoreapp","Source":"C:\\Users\\craft\\source\\repos\\SQ010\\Task Five\\BankAppTest\\bin\\Debug\\net5.0\\fine-code-coverage\\build-output\\BankAppTest.dll","CodeFilePath":null,"LineNumber":0,"Properties":[]},"Attachments":[],"Outcome":1,"ErrorMessage":null,"ErrorStackTrace":null,"DisplayName":"BankAppTest.ValidationTest.ShouldValidateName(name: \"Bimbola\", expected: True)","Messages":[],"ComputerName":"DESKTOP-1CH1I23","Duration":"00:00:00.0000230","StartTime":"2022-03-24T13:04:19.8296598+00:00","EndTime":"2022-03-24T13:04:19.829662+00:00","Properties":[]},{"TestCase":{"Id":"d75e49a0-2b57-b544-a360-9db2a46a83af","FullyQualifiedName":"BankAppTest.ValidationTest.ShouldValidateName","DisplayName":"BankAppTest.ValidationTest.ShouldValidateName(name: \"bimbola\", expected: False)","ExecutorUri":"executor://xunit/VsTestRunner2/netcoreapp","Source":"C:\\Users\\craft\\source\\repos\\SQ010\\Task Five\\BankAppTest\\bin\\Debug\\net5.0\\fine-code-coverage\\build-output\\BankAppTest.dll","CodeFilePath":null,"LineNumber":0,"Properties":[]},"Attachments":[],"Outcome":1,"ErrorMessage":null,"ErrorStackTrace":null,"DisplayName":"BankAppTest.ValidationTest.ShouldValidateName(name: \"bimbola\", expected: False)","Messages":[],"ComputerName":"DESKTOP-1CH1I23","Duration":"00:00:00.0000216","StartTime":"2022-03-24T13:04:19.8321981+00:00","EndTime":"2022-03-24T13:04:19.8322+00:00","Properties":[]},{"TestCase":{"Id":"1edf5eca-744c-f187-4dbf-eda7c70409aa","FullyQualifiedName":"BankAppTest.ValidationTest.ShouldValidateName","DisplayName":"BankAppTest.ValidationTest.ShouldValidateName(name: \"1234\", expected: False)","ExecutorUri":"executor://xunit/VsTestRunner2/netcoreapp","Source":"C:\\Users\\craft\\source\\repos\\SQ010\\Task Five\\BankAppTest\\bin\\Debug\\net5.0\\fine-code-coverage\\build-output\\BankAppTest.dll","CodeFilePath":null,"LineNumber":0,"Properties":[]},"Attachments":[],"Outcome":1,"ErrorMessage":null,"ErrorStackTrace":null,"DisplayName":"BankAppTest.ValidationTest.ShouldValidateName(name: \"1234\", expected: False)","Messages":[],"ComputerName":"DESKTOP-1CH1I23","Duration":"00:00:00.0000205","StartTime":"2022-03-24T13:04:19.8348015+00:00","EndTime":"2022-03-24T13:04:19.8348033+00:00","Properties":[]},{"TestCase":{"Id":"66ad05da-ef76-a137-f32c-675940cd94fe","FullyQualifiedName":"BankAppTest.UtilitiesTest.ShouldGenerateNumbers","DisplayName":"BankAppTest.UtilitiesTest.ShouldGenerateNumbers(num: 3, expected: 3)","ExecutorUri":"executor://xunit/VsTestRunner2/netcoreapp","Source":"C:\\Users\\craft\\source\\repos\\SQ010\\Task Five\\BankAppTest\\bin\\Debug\\net5.0\\fine-code-coverage\\build-output\\BankAppTest.dll","CodeFilePath":null,"LineNumber":0,"Properties":[]},"Attachments":[],"Outcome":1,"ErrorMessage":null,"ErrorStackTrace":null,"DisplayName":"BankAppTest.UtilitiesTest.ShouldGenerateNumbers(num: 3, expected: 3)","Messages":[],"ComputerName":"DESKTOP-1CH1I23","Duration":"00:00:00.0028048","StartTime":"2022-03-24T13:04:19.8360371+00:00","EndTime":"2022-03-24T13:04:19.8360379+00:00","Properties":[]}],"TestRunStatistics":{"ExecutedTests":21,"Stats":{"Passed":21}},"ActiveTests":[]}}
TpTrace Verbose: 0 : 11588, 6, 2022/03/24, 14:04:19.841, 658788790232, vstest.console.dll, TestRunRequest:SendTestRunStatsChange: Starting.
TpTrace Information: 0 : 11588, 6, 2022/03/24, 14:04:19.841, 658788791390, vstest.console.dll, TestRunRequest:SendTestRunStatsChange: Completed.
TpTrace Verbose: 0 : 11588, 6, 2022/03/24, 14:04:19.841, 658788791860, vstest.console.dll, TcpClientExtensions.MessageLoopAsync: Polling on remoteEndPoint: 127.0.0.1:63952 localEndPoint: 127.0.0.1:63951
TpTrace Verbose: 0 : 11588, 6, 2022/03/24, 14:04:19.853, 658788912648, vstest.console.dll, TcpClientExtensions.MessageLoopAsync: NotifyDataAvailable remoteEndPoint: 127.0.0.1:63952 localEndPoint: 127.0.0.1:63951
TpTrace Verbose: 0 : 11588, 6, 2022/03/24, 14:04:19.854, 658788915187, vstest.console.dll, TestRequestSender.OnExecutionMessageReceived: Received message: {"Version":5,"MessageType":"TestExecution.StatsChange","Payload":{"NewTestResults":[{"TestCase":{"Id":"f831dc8b-ca4e-dabe-119f-67a5e157b667","FullyQualifiedName":"BankAppTest.UtilitiesTest.ShouldGenerateNumbers","DisplayName":"BankAppTest.UtilitiesTest.ShouldGenerateNumbers(num: 10, expected: 10)","ExecutorUri":"executor://xunit/VsTestRunner2/netcoreapp","Source":"C:\\Users\\craft\\source\\repos\\SQ010\\Task Five\\BankAppTest\\bin\\Debug\\net5.0\\fine-code-coverage\\build-output\\BankAppTest.dll","CodeFilePath":null,"LineNumber":0,"Properties":[]},"Attachments":[],"Outcome":1,"ErrorMessage":null,"ErrorStackTrace":null,"DisplayName":"BankAppTest.UtilitiesTest.ShouldGenerateNumbers(num: 10, expected: 10)","Messages":[],"ComputerName":"DESKTOP-1CH1I23","Duration":"00:00:00.0000281","StartTime":"2022-03-24T13:04:19.8409364+00:00","EndTime":"2022-03-24T13:04:19.8409386+00:00","Properties":[]},{"TestCase":{"Id":"69072f5b-48fc-ec41-735f-da9fa017f212","FullyQualifiedName":"BankAppTest.AccountServiceTest.ShouldAddAccountWhenNoError","DisplayName":"BankAppTest.AccountServiceTest.ShouldAddAccountWhenNoError","ExecutorUri":"executor://xunit/VsTestRunner2/netcoreapp","Source":"C:\\Users\\craft\\source\\repos\\SQ010\\Task Five\\BankAppTest\\bin\\Debug\\net5.0\\fine-code-coverage\\build-output\\BankAppTest.dll","CodeFilePath":null,"LineNumber":0,"Properties":[]},"Attachments":[],"Outcome":1,"ErrorMessage":null,"ErrorStackTrace":null,"DisplayName":"BankAppTest.AccountServiceTest.ShouldAddAccountWhenNoError","Messages":[],"ComputerName":"DESKTOP-1CH1I23","Duration":"00:00:00.1275362","StartTime":"2022-03-24T13:04:19.8437435+00:00","EndTime":"2022-03-24T13:04:19.8437456+00:00","Properties":[]},{"TestCase":{"Id":"aa4e6e55-4c1f-b857-d2fc-59cb48781d97","FullyQualifiedName":"BankAppTest.TransactionsServiceTest.AddTransactionShouldReturnTrueWhenNoError","DisplayName":"BankAppTest.TransactionsServiceTest.AddTransactionShouldReturnTrueWhenNoError","ExecutorUri":"executor://xunit/VsTestRunner2/netcoreapp","Source":"C:\\Users\\craft\\source\\repos\\SQ010\\Task Five\\BankAppTest\\bin\\Debug\\net5.0\\fine-code-coverage\\build-output\\BankAppTest.dll","CodeFilePath":null,"LineNumber":0,"Properties":[]},"Attachments":[],"Outcome":1,"ErrorMessage":null,"ErrorStackTrace":null,"DisplayName":"BankAppTest.TransactionsServiceTest.AddTransactionShouldReturnTrueWhenNoError","Messages":[],"ComputerName":"DESKTOP-1CH1I23","Duration":"00:00:00.1277714","StartTime":"2022-03-24T13:04:19.8460035+00:00","EndTime":"2022-03-24T13:04:19.8460051+00:00","Properties":[]},{"TestCase":{"Id":"0f2dbe0b-a906-392a-cb63-532ec18b3c0f","FullyQualifiedName":"BankAppTest.UserServicesTest.ShouldThrowExceptionWhenAddUserError","DisplayName":"BankAppTest.UserServicesTest.ShouldThrowExceptionWhenAddUserError","ExecutorUri":"executor://xunit/VsTestRunner2/netcoreapp","Source":"C:\\Users\\craft\\source\\repos\\SQ010\\Task Five\\BankAppTest\\bin\\Debug\\net5.0\\fine-code-coverage\\build-output\\BankAppTest.dll","CodeFilePath":null,"LineNumber":0,"Properties":[]},"Attachments":[],"Outcome":1,"ErrorMessage":null,"ErrorStackTrace":null,"DisplayName":"BankAppTest.UserServicesTest.ShouldThrowExceptionWhenAddUserError","Messages":[],"ComputerName":"DESKTOP-1CH1I23","Duration":"00:00:00.1031481","StartTime":"2022-03-24T13:04:19.8481649+00:00","EndTime":"2022-03-24T13:04:19.8481665+00:00","Properties":[]},{"TestCase":{"Id":"7b9d9659-a53f-d842-8d04-2ae4db434cfe","FullyQualifiedName":"BankAppTest.TransactionsServiceTest.AddTransactionShouldReturnFalseWhenIsError","DisplayName":"BankAppTest.TransactionsServiceTest.AddTransactionShouldReturnFalseWhenIsError","ExecutorUri":"executor://xunit/VsTestRunner2/netcoreapp","Source":"C:\\Users\\craft\\source\\repos\\SQ010\\Task Five\\BankAppTest\\bin\\Debug\\net5.0\\fine-code-coverage\\build-output\\BankAppTest.dll","CodeFilePath":null,"LineNumber":0,"Properties":[]},"Attachments":[],"Outcome":1,"ErrorMessage":null,"ErrorStackTrace":null,"DisplayName":"BankAppTest.TransactionsServiceTest.AddTransactionShouldReturnFalseWhenIsError","Messages":[],"ComputerName":"DESKTOP-1CH1I23","Duration":"00:00:00.0021621","StartTime":"2022-03-24T13:04:19.8501246+00:00","EndTime":"2022-03-24T13:04:19.8501264+00:00","Properties":[]},{"TestCase":{"Id":"51bfa7a0-92e3-384b-e46f-8dbd4c020640","FullyQualifiedName":"BankAppTest.UserRoleServiceTest.AddUserToRolesShouldThrowExceptionWhenIsError","DisplayName":"BankAppTest.UserRoleServiceTest.AddUserToRolesShouldThrowExceptionWhenIsError","ExecutorUri":"executor://xunit/VsTestRunner2/netcoreapp","Source":"C:\\Users\\craft\\source\\repos\\SQ010\\Task Five\\BankAppTest\\bin\\Debug\\net5.0\\fine-code-coverage\\build-output\\BankAppTest.dll","CodeFilePath":null,"LineNumber":0,"Properties":[]},"Attachments":[],"Outcome":1,"ErrorMessage":null,"ErrorStackTrace":null,"DisplayName":"BankAppTest.UserRoleServiceTest.AddUserToRolesShouldThrowExceptionWhenIsError","Messages":[],"ComputerName":"DESKTOP-1CH1I23","Duration":"00:00:00.1323988","StartTime":"2022-03-24T13:04:19.8520282+00:00","EndTime":"2022-03-24T13:04:19.8520294+00:00","Properties":[]}],"TestRunStatistics":{"ExecutedTests":27,"Stats":{"Passed":27}},"ActiveTests":[{"Id":"e8499bfc-b68e-dacf-66b2-440e8f5aaa31","FullyQualifiedName":"BankAppTest.AccountServiceTest.UpdateAccountShouldReturnFalseWithError","DisplayName":"BankAppTest.AccountServiceTest.UpdateAccountShouldReturnFalseWithError","ExecutorUri":"executor://xunit/VsTestRunner2/netcoreapp","Source":"C:\\Users\\craft\\source\\repos\\SQ010\\Task Five\\BankAppTest\\bin\\Debug\\net5.0\\fine-code-coverage\\build-output\\BankAppTest.dll","CodeFilePath":null,"LineNumber":0,"Properties":[]},{"Id":"eb2d28a9-16d3-9440-552a-47f6829cf6f4","FullyQualifiedName":"BankAppTest.UserServicesTest.ShouldReturnNullWhenWithInCorrectId","DisplayName":"BankAppTest.UserServicesTest.ShouldReturnNullWhenWithInCorrectId","ExecutorUri":"executor://xunit/VsTestRunner2/netcoreapp","Source":"C:\\Users\\craft\\source\\repos\\SQ010\\Task Five\\BankAppTest\\bin\\Debug\\net5.0\\fine-code-coverage\\build-output\\BankAppTest.dll","CodeFilePath":null,"LineNumber":0,"Properties":[]},{"Id":"b7a4e95c-0004-bfe1-67ec-8b0be74e6190","FullyQualifiedName":"BankAppTest.TransactionsServiceTest.GetAllTransactionsForAnAccountShouldReturAListOfTransaction","DisplayName":"BankAppTest.TransactionsServiceTest.GetAllTransactionsForAnAccountShouldReturAListOfTransaction","ExecutorUri":"executor://xunit/VsTestRunner2/netcoreapp","Source":"C:\\Users\\craft\\source\\repos\\SQ010\\Task Five\\BankAppTest\\bin\\Debug\\net5.0\\fine-code-coverage\\build-output\\BankAppTest.dll","CodeFilePath":null,"LineNumber":0,"Properties":[]},{"Id":"07df8ce8-5f79-18e8-507c-5473d0c2f70e","FullyQualifiedName":"BankAppTest.UserRoleServiceTest.GetAllRolesShouldReturnListOfAllRoles","DisplayName":"BankAppTest.UserRoleServiceTest.GetAllRolesShouldReturnListOfAllRoles","ExecutorUri":"executor://xunit/VsTestRunner2/netcoreapp","Source":"C:\\Users\\craft\\source\\repos\\SQ010\\Task Five\\BankAppTest\\bin\\Debug\\net5.0\\fine-code-coverage\\build-output\\BankAppTest.dll","CodeFilePath":null,"LineNumber":0,"Properties":[]}]}}
TpTrace Verbose: 0 : 11588, 6, 2022/03/24, 14:04:19.856, 658788936078, vstest.console.dll, TestRunRequest:SendTestRunStatsChange: Starting.
TpTrace Verbose: 0 : 11588, 6, 2022/03/24, 14:04:19.856, 658788936852, vstest.console.dll, InProgress is BankAppTest.AccountServiceTest.UpdateAccountShouldReturnFalseWithError
TpTrace Verbose: 0 : 11588, 6, 2022/03/24, 14:04:19.856, 658788937207, vstest.console.dll, InProgress is BankAppTest.UserServicesTest.ShouldReturnNullWhenWithInCorrectId
TpTrace Verbose: 0 : 11588, 6, 2022/03/24, 14:04:19.856, 658788937520, vstest.console.dll, InProgress is BankAppTest.TransactionsServiceTest.GetAllTransactionsForAnAccountShouldReturAListOfTransaction
TpTrace Verbose: 0 : 11588, 6, 2022/03/24, 14:04:19.856, 658788938234, vstest.console.dll, InProgress is BankAppTest.UserRoleServiceTest.GetAllRolesShouldReturnListOfAllRoles
TpTrace Information: 0 : 11588, 6, 2022/03/24, 14:04:19.856, 658788938967, vstest.console.dll, TestRunRequest:SendTestRunStatsChange: Completed.
TpTrace Verbose: 0 : 11588, 6, 2022/03/24, 14:04:19.856, 658788939370, vstest.console.dll, TcpClientExtensions.MessageLoopAsync: Polling on remoteEndPoint: 127.0.0.1:63952 localEndPoint: 127.0.0.1:63951
TpTrace Verbose: 0 : 11588, 6, 2022/03/24, 14:04:19.866, 658789035744, vstest.console.dll, TcpClientExtensions.MessageLoopAsync: NotifyDataAvailable remoteEndPoint: 127.0.0.1:63952 localEndPoint: 127.0.0.1:63951
TpTrace Verbose: 0 : 11588, 6, 2022/03/24, 14:04:19.866, 658789037710, vstest.console.dll, TestRequestSender.OnExecutionMessageReceived: Received message: {"Version":5,"MessageType":"TestExecution.StatsChange","Payload":{"NewTestResults":[{"TestCase":{"Id":"eb2d28a9-16d3-9440-552a-47f6829cf6f4","FullyQualifiedName":"BankAppTest.UserServicesTest.ShouldReturnNullWhenWithInCorrectId","DisplayName":"BankAppTest.UserServicesTest.ShouldReturnNullWhenWithInCorrectId","ExecutorUri":"executor://xunit/VsTestRunner2/netcoreapp","Source":"C:\\Users\\craft\\source\\repos\\SQ010\\Task Five\\BankAppTest\\bin\\Debug\\net5.0\\fine-code-coverage\\build-output\\BankAppTest.dll","CodeFilePath":null,"LineNumber":0,"Properties":[]},"Attachments":[],"Outcome":1,"ErrorMessage":null,"ErrorStackTrace":null,"DisplayName":"BankAppTest.UserServicesTest.ShouldReturnNullWhenWithInCorrectId","Messages":[],"ComputerName":"DESKTOP-1CH1I23","Duration":"00:00:00.0045979","StartTime":"2022-03-24T13:04:19.8550009+00:00","EndTime":"2022-03-24T13:04:19.8550026+00:00","Properties":[]},{"TestCase":{"Id":"3dac8ecf-49f6-fe29-fd59-47bdb5a0ad24","FullyQualifiedName":"BankAppTest.ReadWriteJsonTest.ShouldWriteToJson","DisplayName":"BankAppTest.ReadWriteJsonTest.ShouldWriteToJson","ExecutorUri":"executor://xunit/VsTestRunner2/netcoreapp","Source":"C:\\Users\\craft\\source\\repos\\SQ010\\Task Five\\BankAppTest\\bin\\Debug\\net5.0\\fine-code-coverage\\build-output\\BankAppTest.dll","CodeFilePath":null,"LineNumber":0,"Properties":[]},"Attachments":[],"Outcome":1,"ErrorMessage":null,"ErrorStackTrace":null,"DisplayName":"BankAppTest.ReadWriteJsonTest.ShouldWriteToJson","Messages":[],"ComputerName":"DESKTOP-1CH1I23","Duration":"00:00:00.1343496","StartTime":"2022-03-24T13:04:19.8575967+00:00","EndTime":"2022-03-24T13:04:19.8575979+00:00","Properties":[]},{"TestCase":{"Id":"05d9e634-6fd9-7035-2df8-f341c24dd012","FullyQualifiedName":"BankAppTest.AccountOperationsTest.WithdrawShouldReturnTrueWhenNoError","DisplayName":"BankAppTest.AccountOperationsTest.WithdrawShouldReturnTrueWhenNoError","ExecutorUri":"executor://xunit/VsTestRunner2/netcoreapp","Source":"C:\\Users\\craft\\source\\repos\\SQ010\\Task Five\\BankAppTest\\bin\\Debug\\net5.0\\fine-code-coverage\\build-output\\BankAppTest.dll","CodeFilePath":null,"LineNumber":0,"Properties":[]},"Attachments":[],"Outcome":1,"ErrorMessage":null,"ErrorStackTrace":null,"DisplayName":"BankAppTest.AccountOperationsTest.WithdrawShouldReturnTrueWhenNoError","Messages":[],"ComputerName":"DESKTOP-1CH1I23","Duration":"00:00:00.1362122","StartTime":"2022-03-24T13:04:19.8585109+00:00","EndTime":"2022-03-24T13:04:19.8585115+00:00","Properties":[]},{"TestCase":{"Id":"e8499bfc-b68e-dacf-66b2-440e8f5aaa31","FullyQualifiedName":"BankAppTest.AccountServiceTest.UpdateAccountShouldReturnFalseWithError","DisplayName":"BankAppTest.AccountServiceTest.UpdateAccountShouldReturnFalseWithError","ExecutorUri":"executor://xunit/VsTestRunner2/netcoreapp","Source":"C:\\Users\\craft\\source\\repos\\SQ010\\Task Five\\BankAppTest\\bin\\Debug\\net5.0\\fine-code-coverage\\build-output\\BankAppTest.dll","CodeFilePath":null,"LineNumber":0,"Properties":[]},"Attachments":[],"Outcome":1,"ErrorMessage":null,"ErrorStackTrace":null,"DisplayName":"BankAppTest.AccountServiceTest.UpdateAccountShouldReturnFalseWithError","Messages":[],"ComputerName":"DESKTOP-1CH1I23","Duration":"00:00:00.0084688","StartTime":"2022-03-24T13:04:19.8593378+00:00","EndTime":"2022-03-24T13:04:19.8593382+00:00","Properties":[]},{"TestCase":{"Id":"dbdb8fa8-568d-39c8-b2dd-d563fa6234b9","FullyQualifiedName":"BankAppTest.AccountOperationsTest.WithdrawShouldReturnFalseWhenBalanceBelowMinBalance","DisplayName":"BankAppTest.AccountOperationsTest.WithdrawShouldReturnFalseWhenBalanceBelowMinBalance","ExecutorUri":"executor://xunit/VsTestRunner2/netcoreapp","Source":"C:\\Users\\craft\\source\\repos\\SQ010\\Task Five\\BankAppTest\\bin\\Debug\\net5.0\\fine-code-coverage\\build-output\\BankAppTest.dll","CodeFilePath":null,"LineNumber":0,"Properties":[]},"Attachments":[],"Outcome":1,"ErrorMessage":null,"ErrorStackTrace":null,"DisplayName":"BankAppTest.AccountOperationsTest.WithdrawShouldReturnFalseWhenBalanceBelowMinBalance","Messages":[],"ComputerName":"DESKTOP-1CH1I23","Duration":"00:00:00.0019517","StartTime":"2022-03-24T13:04:19.8614626+00:00","EndTime":"2022-03-24T13:04:19.8614634+00:00","Properties":[]},{"TestCase":{"Id":"f32a501c-4486-5117-9974-3a196632e094","FullyQualifiedName":"BankAppTest.AccountOperationsTest.WithdrawShouldReturnTrueWhenIsError","DisplayName":"BankAppTest.AccountOperationsTest.WithdrawShouldReturnTrueWhenIsError","ExecutorUri":"executor://xunit/VsTestRunner2/netcoreapp","Source":"C:\\Users\\craft\\source\\repos\\SQ010\\Task Five\\BankAppTest\\bin\\Debug\\net5.0\\fine-code-coverage\\build-output\\BankAppTest.dll","CodeFilePath":null,"LineNumber":0,"Properties":[]},"Attachments":[],"Outcome":1,"ErrorMessage":null,"ErrorStackTrace":null,"DisplayName":"BankAppTest.AccountOperationsTest.WithdrawShouldReturnTrueWhenIsError","Messages":[],"ComputerName":"DESKTOP-1CH1I23","Duration":"00:00:00.0023120","StartTime":"2022-03-24T13:04:19.8627971+00:00","EndTime":"2022-03-24T13:04:19.8627979+00:00","Properties":[]},{"TestCase":{"Id":"f06debee-8852-864f-9c05-0975cde29a70","FullyQualifiedName":"BankAppTest.UserServicesTest.ShouldGetAllUsers","DisplayName":"BankAppTest.UserServicesTest.ShouldGetAllUsers","ExecutorUri":"executor://xunit/VsTestRunner2/netcoreapp","Source":"C:\\Users\\craft\\source\\repos\\SQ010\\Task Five\\BankAppTest\\bin\\Debug\\net5.0\\fine-code-coverage\\build-output\\BankAppTest.dll","CodeFilePath":null,"LineNumber":0,"Properties":[]},"Attachments":[],"Outcome":1,"ErrorMessage":null,"ErrorStackTrace":null,"DisplayName":"BankAppTest.UserServicesTest.ShouldGetAllUsers","Messages":[],"ComputerName":"DESKTOP-1CH1I23","Duration":"00:00:00.0102360","StartTime":"2022-03-24T13:04:19.8641367+00:00","EndTime":"2022-03-24T13:04:19.8641376+00:00","Properties":[]},{"TestCase":{"Id":"b7a4e95c-0004-bfe1-67ec-8b0be74e6190","FullyQualifiedName":"BankAppTest.TransactionsServiceTest.GetAllTransactionsForAnAccountShouldReturAListOfTransaction","DisplayName":"BankAppTest.TransactionsServiceTest.GetAllTransactionsForAnAccountShouldReturAListOfTransaction","ExecutorUri":"executor://xunit/VsTestRunner2/netcoreapp","Source":"C:\\Users\\craft\\source\\repos\\SQ010\\Task Five\\BankAppTest\\bin\\Debug\\net5.0\\fine-code-coverage\\build-output\\BankAppTest.dll","CodeFilePath":null,"LineNumber":0,"Properties":[]},"Attachments":[],"Outcome":1,"ErrorMessage":null,"ErrorStackTrace":null,"DisplayName":"BankAppTest.TransactionsServiceTest.GetAllTransactionsForAnAccountShouldReturAListOfTransaction","Messages":[],"ComputerName":"DESKTOP-1CH1I23","Duration":"00:00:00.0127995","StartTime":"2022-03-24T13:04:19.8648241+00:00","EndTime":"2022-03-24T13:04:19.8648245+00:00","Properties":[]}],"TestRunStatistics":{"ExecutedTests":35,"Stats":{"Passed":35}},"ActiveTests":[{"Id":"0ba2892a-5d85-c2d3-1219-441ccedb223c","FullyQualifiedName":"BankAppTest.AccountServiceTest.GetAccountDetailsShouldReturnAccount","DisplayName":"BankAppTest.AccountServiceTest.GetAccountDetailsShouldReturnAccount","ExecutorUri":"executor://xunit/VsTestRunner2/netcoreapp","Source":"C:\\Users\\craft\\source\\repos\\SQ010\\Task Five\\BankAppTest\\bin\\Debug\\net5.0\\fine-code-coverage\\build-output\\BankAppTest.dll","CodeFilePath":null,"LineNumber":0,"Properties":[]},{"Id":"7f93fdc0-2a5f-3b23-a596-c6dfa247aede","FullyQualifiedName":"BankAppTest.AccountOperationsTest.DepositShouldReturnTrueWhenNoError","DisplayName":"BankAppTest.AccountOperationsTest.DepositShouldReturnTrueWhenNoError","ExecutorUri":"executor://xunit/VsTestRunner2/netcoreapp","Source":"C:\\Users\\craft\\source\\repos\\SQ010\\Task Five\\BankAppTest\\bin\\Debug\\net5.0\\fine-code-coverage\\build-output\\BankAppTest.dll","CodeFilePath":null,"LineNumber":0,"Properties":[]}]}}
TpTrace Verbose: 0 : 11588, 6, 2022/03/24, 14:04:19.867, 658789052001, vstest.console.dll, TestRunRequest:SendTestRunStatsChange: Starting.
TpTrace Verbose: 0 : 11588, 6, 2022/03/24, 14:04:19.867, 658789052882, vstest.console.dll, InProgress is BankAppTest.AccountServiceTest.GetAccountDetailsShouldReturnAccount
TpTrace Verbose: 0 : 11588, 6, 2022/03/24, 14:04:19.867, 658789053305, vstest.console.dll, InProgress is BankAppTest.AccountOperationsTest.DepositShouldReturnTrueWhenNoError
TpTrace Information: 0 : 11588, 6, 2022/03/24, 14:04:19.867, 658789053835, vstest.console.dll, TestRunRequest:SendTestRunStatsChange: Completed.
TpTrace Verbose: 0 : 11588, 6, 2022/03/24, 14:04:19.867, 658789054209, vstest.console.dll, TcpClientExtensions.MessageLoopAsync: Polling on remoteEndPoint: 127.0.0.1:63952 localEndPoint: 127.0.0.1:63951
TpTrace Verbose: 0 : 11588, 6, 2022/03/24, 14:04:19.877, 658789148341, vstest.console.dll, TcpClientExtensions.MessageLoopAsync: NotifyDataAvailable remoteEndPoint: 127.0.0.1:63952 localEndPoint: 127.0.0.1:63951
TpTrace Verbose: 0 : 11588, 6, 2022/03/24, 14:04:19.877, 658789150383, vstest.console.dll, TestRequestSender.OnExecutionMessageReceived: Received message: {"Version":5,"MessageType":"TestExecution.StatsChange","Payload":{"NewTestResults":[{"TestCase":{"Id":"07df8ce8-5f79-18e8-507c-5473d0c2f70e","FullyQualifiedName":"BankAppTest.UserRoleServiceTest.GetAllRolesShouldReturnListOfAllRoles","DisplayName":"BankAppTest.UserRoleServiceTest.GetAllRolesShouldReturnListOfAllRoles","ExecutorUri":"executor://xunit/VsTestRunner2/netcoreapp","Source":"C:\\Users\\craft\\source\\repos\\SQ010\\Task Five\\BankAppTest\\bin\\Debug\\net5.0\\fine-code-coverage\\build-output\\BankAppTest.dll","CodeFilePath":null,"LineNumber":0,"Properties":[]},"Attachments":[],"Outcome":1,"ErrorMessage":null,"ErrorStackTrace":null,"DisplayName":"BankAppTest.UserRoleServiceTest.GetAllRolesShouldReturnListOfAllRoles","Messages":[],"ComputerName":"DESKTOP-1CH1I23","Duration":"00:00:00.0116189","StartTime":"2022-03-24T13:04:19.8670965+00:00","EndTime":"2022-03-24T13:04:19.8670974+00:00","Properties":[]},{"TestCase":{"Id":"0ba2892a-5d85-c2d3-1219-441ccedb223c","FullyQualifiedName":"BankAppTest.AccountServiceTest.GetAccountDetailsShouldReturnAccount","DisplayName":"BankAppTest.AccountServiceTest.GetAccountDetailsShouldReturnAccount","ExecutorUri":"executor://xunit/VsTestRunner2/netcoreapp","Source":"C:\\Users\\craft\\source\\repos\\SQ010\\Task Five\\BankAppTest\\bin\\Debug\\net5.0\\fine-code-coverage\\build-output\\BankAppTest.dll","CodeFilePath":null,"LineNumber":0,"Properties":[]},"Attachments":[],"Outcome":1,"ErrorMessage":null,"ErrorStackTrace":null,"DisplayName":"BankAppTest.AccountServiceTest.GetAccountDetailsShouldReturnAccount","Messages":[],"ComputerName":"DESKTOP-1CH1I23","Duration":"00:00:00.0094843","StartTime":"2022-03-24T13:04:19.8688617+00:00","EndTime":"2022-03-24T13:04:19.8688625+00:00","Properties":[]},{"TestCase":{"Id":"03050977-beb6-e27c-9f16-32559654d0c1","FullyQualifiedName":"BankAppTest.UserServicesTest.ShouldAddUserWhenNoError","DisplayName":"BankAppTest.UserServicesTest.ShouldAddUserWhenNoError","ExecutorUri":"executor://xunit/VsTestRunner2/netcoreapp","Source":"C:\\Users\\craft\\source\\repos\\SQ010\\Task Five\\BankAppTest\\bin\\Debug\\net5.0\\fine-code-coverage\\build-output\\BankAppTest.dll","CodeFilePath":null,"LineNumber":0,"Properties":[]},"Attachments":[],"Outcome":1,"ErrorMessage":null,"ErrorStackTrace":null,"DisplayName":"BankAppTest.UserServicesTest.ShouldAddUserWhenNoError","Messages":[],"ComputerName":"DESKTOP-1CH1I23","Duration":"00:00:00.0025796","StartTime":"2022-03-24T13:04:19.8696903+00:00","EndTime":"2022-03-24T13:04:19.8696907+00:00","Properties":[]},{"TestCase":{"Id":"6a8c4cac-26bf-4f6e-78cb-be791a914d98","FullyQualifiedName":"BankAppTest.AccountServiceTest.UpdateAccountShouldReturnFalseWhenAccountsIsEmpty","DisplayName":"BankAppTest.AccountServiceTest.UpdateAccountShouldReturnFalseWhenAccountsIsEmpty","ExecutorUri":"executor://xunit/VsTestRunner2/netcoreapp","Source":"C:\\Users\\craft\\source\\repos\\SQ010\\Task Five\\BankAppTest\\bin\\Debug\\net5.0\\fine-code-coverage\\build-output\\BankAppTest.dll","CodeFilePath":null,"LineNumber":0,"Properties":[]},"Attachments":[],"Outcome":1,"ErrorMessage":null,"ErrorStackTrace":null,"DisplayName":"BankAppTest.AccountServiceTest.UpdateAccountShouldReturnFalseWhenAccountsIsEmpty","Messages":[],"ComputerName":"DESKTOP-1CH1I23","Duration":"00:00:00.0009198","StartTime":"2022-03-24T13:04:19.8722125+00:00","EndTime":"2022-03-24T13:04:19.8722139+00:00","Properties":[]},{"TestCase":{"Id":"174acae7-d790-74e9-6ba1-34c125669cb2","FullyQualifiedName":"BankAppTest.UserServicesTest.ShouldGetAUserWhenWithCorrectId","DisplayName":"BankAppTest.UserServicesTest.ShouldGetAUserWhenWithCorrectId","ExecutorUri":"executor://xunit/VsTestRunner2/netcoreapp","Source":"C:\\Users\\craft\\source\\repos\\SQ010\\Task Five\\BankAppTest\\bin\\Debug\\net5.0\\fine-code-coverage\\build-output\\BankAppTest.dll","CodeFilePath":null,"LineNumber":0,"Properties":[]},"Attachments":[],"Outcome":1,"ErrorMessage":null,"ErrorStackTrace":null,"DisplayName":"BankAppTest.UserServicesTest.ShouldGetAUserWhenWithCorrectId","Messages":[],"ComputerName":"DESKTOP-1CH1I23","Duration":"00:00:00.0014995","StartTime":"2022-03-24T13:04:19.8737494+00:00","EndTime":"2022-03-24T13:04:19.8737502+00:00","Properties":[]},{"TestCase":{"Id":"7f93fdc0-2a5f-3b23-a596-c6dfa247aede","FullyQualifiedName":"BankAppTest.AccountOperationsTest.DepositShouldReturnTrueWhenNoError","DisplayName":"BankAppTest.AccountOperationsTest.DepositShouldReturnTrueWhenNoError","ExecutorUri":"executor://xunit/VsTestRunner2/netcoreapp","Source":"C:\\Users\\craft\\source\\repos\\SQ010\\Task Five\\BankAppTest\\bin\\Debug\\net5.0\\fine-code-coverage\\build-output\\BankAppTest.dll","CodeFilePath":null,"LineNumber":0,"Properties":[]},"Attachments":[],"Outcome":1,"ErrorMessage":null,"ErrorStackTrace":null,"DisplayName":"BankAppTest.AccountOperationsTest.DepositShouldReturnTrueWhenNoError","Messages":[],"ComputerName":"DESKTOP-1CH1I23","Duration":"00:00:00.0068592","StartTime":"2022-03-24T13:04:19.8744962+00:00","EndTime":"2022-03-24T13:04:19.8744968+00:00","Properties":[]},{"TestCase":{"Id":"3a16c7f9-c916-c017-1185-b2e7feb81975","FullyQualifiedName":"BankAppTest.AccountServiceTest.ShouldThrowExceptionWhenAddAccountHasError","DisplayName":"BankAppTest.AccountServiceTest.ShouldThrowExceptionWhenAddAccountHasError","ExecutorUri":"executor://xunit/VsTestRunner2/netcoreapp","Source":"C:\\Users\\craft\\source\\repos\\SQ010\\Task Five\\BankAppTest\\bin\\Debug\\net5.0\\fine-code-coverage\\build-output\\BankAppTest.dll","CodeFilePath":null,"LineNumber":0,"Properties":[]},"Attachments":[],"Outcome":1,"ErrorMessage":null,"ErrorStackTrace":null,"DisplayName":"BankAppTest.AccountServiceTest.ShouldThrowExceptionWhenAddAccountHasError","Messages":[],"ComputerName":"DESKTOP-1CH1I23","Duration":"00:00:00.0019230","StartTime":"2022-03-24T13:04:19.8759191+00:00","EndTime":"2022-03-24T13:04:19.8759199+00:00","Properties":[]}],"TestRunStatistics":{"ExecutedTests":42,"Stats":{"Passed":42}},"ActiveTests":[{"Id":"de497ac5-24a1-2d5a-386f-eacd6f051306","FullyQualifiedName":"BankAppTest.UserRoleServiceTest.GetAUserRolesShouldReturnRoleWithCorrectId","DisplayName":"BankAppTest.UserRoleServiceTest.GetAUserRolesShouldReturnRoleWithCorrectId","ExecutorUri":"executor://xunit/VsTestRunner2/netcoreapp","Source":"C:\\Users\\craft\\source\\repos\\SQ010\\Task Five\\BankAppTest\\bin\\Debug\\net5.0\\fine-code-coverage\\build-output\\BankAppTest.dll","CodeFilePath":null,"LineNumber":0,"Properties":[]},{"Id":"8ca84541-724f-4438-4b59-02351b8bd7fd","FullyQualifiedName":"BankAppTest.AccountOperationsTest.DepositShouldThrowExceptionWhenWrongAccount","DisplayName":"BankAppTest.AccountOperationsTest.DepositShouldThrowExceptionWhenWrongAccount","ExecutorUri":"executor://xunit/VsTestRunner2/netcoreapp","Source":"C:\\Users\\craft\\source\\repos\\SQ010\\Task Five\\BankAppTest\\bin\\Debug\\net5.0\\fine-code-coverage\\build-output\\BankAppTest.dll","CodeFilePath":null,"LineNumber":0,"Properties":[]},{"Id":"ff45acc3-0fb6-4259-fa49-ff3e60a38b09","FullyQualifiedName":"BankAppTest.AccountServiceTest.GetAllAccountShouldReturnListOfAllAccounts","DisplayName":"BankAppTest.AccountServiceTest.GetAllAccountShouldReturnListOfAllAccounts","ExecutorUri":"executor://xunit/VsTestRunner2/netcoreapp","Source":"C:\\Users\\craft\\source\\repos\\SQ010\\Task Five\\BankAppTest\\bin\\Debug\\net5.0\\fine-code-coverage\\build-output\\BankAppTest.dll","CodeFilePath":null,"LineNumber":0,"Properties":[]}]}}
TpTrace Verbose: 0 : 11588, 6, 2022/03/24, 14:04:19.878, 658789163473, vstest.console.dll, TestRunRequest:SendTestRunStatsChange: Starting.
TpTrace Verbose: 0 : 11588, 6, 2022/03/24, 14:04:19.878, 658789164192, vstest.console.dll, InProgress is BankAppTest.UserRoleServiceTest.GetAUserRolesShouldReturnRoleWithCorrectId
TpTrace Verbose: 0 : 11588, 6, 2022/03/24, 14:04:19.879, 658789164599, vstest.console.dll, InProgress is BankAppTest.AccountOperationsTest.DepositShouldThrowExceptionWhenWrongAccount
TpTrace Verbose: 0 : 11588, 6, 2022/03/24, 14:04:19.879, 658789164913, vstest.console.dll, InProgress is BankAppTest.AccountServiceTest.GetAllAccountShouldReturnListOfAllAccounts
TpTrace Information: 0 : 11588, 6, 2022/03/24, 14:04:19.879, 658789165708, vstest.console.dll, TestRunRequest:SendTestRunStatsChange: Completed.
TpTrace Verbose: 0 : 11588, 6, 2022/03/24, 14:04:19.879, 658789166188, vstest.console.dll, TcpClientExtensions.MessageLoopAsync: Polling on remoteEndPoint: 127.0.0.1:63952 localEndPoint: 127.0.0.1:63951
TpTrace Verbose: 0 : 11588, 6, 2022/03/24, 14:04:19.895, 658789334427, vstest.console.dll, TcpClientExtensions.MessageLoopAsync: NotifyDataAvailable remoteEndPoint: 127.0.0.1:63952 localEndPoint: 127.0.0.1:63951
TpTrace Verbose: 0 : 11588, 6, 2022/03/24, 14:04:19.896, 658789336530, vstest.console.dll, TestRequestSender.OnExecutionMessageReceived: Received message: {"Version":5,"MessageType":"TestExecution.StatsChange","Payload":{"NewTestResults":[{"TestCase":{"Id":"ff45acc3-0fb6-4259-fa49-ff3e60a38b09","FullyQualifiedName":"BankAppTest.AccountServiceTest.GetAllAccountShouldReturnListOfAllAccounts","DisplayName":"BankAppTest.AccountServiceTest.GetAllAccountShouldReturnListOfAllAccounts","ExecutorUri":"executor://xunit/VsTestRunner2/netcoreapp","Source":"C:\\Users\\craft\\source\\repos\\SQ010\\Task Five\\BankAppTest\\bin\\Debug\\net5.0\\fine-code-coverage\\build-output\\BankAppTest.dll","CodeFilePath":null,"LineNumber":0,"Properties":[]},"Attachments":[],"Outcome":1,"ErrorMessage":null,"ErrorStackTrace":null,"DisplayName":"BankAppTest.AccountServiceTest.GetAllAccountShouldReturnListOfAllAccounts","Messages":[],"ComputerName":"DESKTOP-1CH1I23","Duration":"00:00:00.0007309","StartTime":"2022-03-24T13:04:19.878056+00:00","EndTime":"2022-03-24T13:04:19.8780568+00:00","Properties":[]},{"TestCase":{"Id":"de497ac5-24a1-2d5a-386f-eacd6f051306","FullyQualifiedName":"BankAppTest.UserRoleServiceTest.GetAUserRolesShouldReturnRoleWithCorrectId","DisplayName":"BankAppTest.UserRoleServiceTest.GetAUserRolesShouldReturnRoleWithCorrectId","ExecutorUri":"executor://xunit/VsTestRunner2/netcoreapp","Source":"C:\\Users\\craft\\source\\repos\\SQ010\\Task Five\\BankAppTest\\bin\\Debug\\net5.0\\fine-code-coverage\\build-output\\BankAppTest.dll","CodeFilePath":null,"LineNumber":0,"Properties":[]},"Attachments":[],"Outcome":1,"ErrorMessage":null,"ErrorStackTrace":null,"DisplayName":"BankAppTest.UserRoleServiceTest.GetAUserRolesShouldReturnRoleWithCorrectId","Messages":[],"ComputerName":"DESKTOP-1CH1I23","Duration":"00:00:00.0061922","StartTime":"2022-03-24T13:04:19.879812+00:00","EndTime":"2022-03-24T13:04:19.8798129+00:00","Properties":[]},{"TestCase":{"Id":"362aca8e-9693-c1f9-a8f5-89695c973777","FullyQualifiedName":"BankAppTest.AccountServiceTest.UpdateAccountShouldReturnTrueNoError","DisplayName":"BankAppTest.AccountServiceTest.UpdateAccountShouldReturnTrueNoError","ExecutorUri":"executor://xunit/VsTestRunner2/netcoreapp","Source":"C:\\Users\\craft\\source\\repos\\SQ010\\Task Five\\BankAppTest\\bin\\Debug\\net5.0\\fine-code-coverage\\build-output\\BankAppTest.dll","CodeFilePath":null,"LineNumber":0,"Properties":[]},"Attachments":[],"Outcome":1,"ErrorMessage":null,"ErrorStackTrace":null,"DisplayName":"BankAppTest.AccountServiceTest.UpdateAccountShouldReturnTrueNoError","Messages":[],"ComputerName":"DESKTOP-1CH1I23","Duration":"00:00:00.0019901","StartTime":"2022-03-24T13:04:19.8813687+00:00","EndTime":"2022-03-24T13:04:19.8813695+00:00","Properties":[]},{"TestCase":{"Id":"46127aec-3275-378a-794b-a4afb0230657","FullyQualifiedName":"BankAppTest.AccountServiceTest.GetAccountDetailsShouldReturnNullForInCorrectAccountNumber","DisplayName":"BankAppTest.AccountServiceTest.GetAccountDetailsShouldReturnNullForInCorrectAccountNumber","ExecutorUri":"executor://xunit/VsTestRunner2/netcoreapp","Source":"C:\\Users\\craft\\source\\repos\\SQ010\\Task Five\\BankAppTest\\bin\\Debug\\net5.0\\fine-code-coverage\\build-output\\BankAppTest.dll","CodeFilePath":null,"LineNumber":0,"Properties":[]},"Attachments":[],"Outcome":1,"ErrorMessage":null,"ErrorStackTrace":null,"DisplayName":"BankAppTest.AccountServiceTest.GetAccountDetailsShouldReturnNullForInCorrectAccountNumber","Messages":[],"ComputerName":"DESKTOP-1CH1I23","Duration":"00:00:00.0008357","StartTime":"2022-03-24T13:04:19.882738+00:00","EndTime":"2022-03-24T13:04:19.8827387+00:00","Properties":[]},{"TestCase":{"Id":"85c1152e-583e-3f00-eb70-c089541ba0dc","FullyQualifiedName":"BankAppTest.AuthTest.LoginShouldReturnNullWithInCorrectCredential","DisplayName":"BankAppTest.AuthTest.LoginShouldReturnNullWithInCorrectCredential(email: \"admin@gmail.com\", password: \"bimbola@123\", expected: null)","ExecutorUri":"executor://xunit/VsTestRunner2/netcoreapp","Source":"C:\\Users\\craft\\source\\repos\\SQ010\\Task Five\\BankAppTest\\bin\\Debug\\net5.0\\fine-code-coverage\\build-output\\BankAppTest.dll","CodeFilePath":null,"LineNumber":0,"Properties":[]},"Attachments":[],"Outcome":1,"ErrorMessage":null,"ErrorStackTrace":null,"DisplayName":"BankAppTest.AuthTest.LoginShouldReturnNullWithInCorrectCredential(email: \"admin@gmail.com\", password: \"bimbola@123\", expected: null)","Messages":[],"ComputerName":"DESKTOP-1CH1I23","Duration":"00:00:00.1541687","StartTime":"2022-03-24T13:04:19.8840899+00:00","EndTime":"2022-03-24T13:04:19.8840907+00:00","Properties":[]},{"TestCase":{"Id":"e9fb1a1f-17b3-1ddc-0b54-1cf0f8fdaf8d","FullyQualifiedName":"BankAppTest.AccountServiceTest.GetAllAccountByAUserShouldReturnListOfAccounts","DisplayName":"BankAppTest.AccountServiceTest.GetAllAccountByAUserShouldReturnListOfAccounts","ExecutorUri":"executor://xunit/VsTestRunner2/netcoreapp","Source":"C:\\Users\\craft\\source\\repos\\SQ010\\Task Five\\BankAppTest\\bin\\Debug\\net5.0\\fine-code-coverage\\build-output\\BankAppTest.dll","CodeFilePath":null,"LineNumber":0,"Properties":[]},"Attachments":[],"Outcome":1,"ErrorMessage":null,"ErrorStackTrace":null,"DisplayName":"BankAppTest.AccountServiceTest.GetAllAccountByAUserShouldReturnListOfAccounts","Messages":[],"ComputerName":"DESKTOP-1CH1I23","Duration":"00:00:00.0019955","StartTime":"2022-03-24T13:04:19.8917149+00:00","EndTime":"2022-03-24T13:04:19.8917165+00:00","Properties":[]},{"TestCase":{"Id":"82008b90-151d-1e48-a72e-1f05a6069838","FullyQualifiedName":"BankAppTest.AuthTest.LoginShouldReturnNullWithInCorrectCredential","DisplayName":"BankAppTest.AuthTest.LoginShouldReturnNullWithInCorrectCredential(email: \"bimbola@gmail.com\", password: \"admin@123\", expected: null)","ExecutorUri":"executor://xunit/VsTestRunner2/netcoreapp","Source":"C:\\Users\\craft\\source\\repos\\SQ010\\Task Five\\BankAppTest\\bin\\Debug\\net5.0\\fine-code-coverage\\build-output\\BankAppTest.dll","CodeFilePath":null,"LineNumber":0,"Properties":[]},"Attachments":[],"Outcome":1,"ErrorMessage":null,"ErrorStackTrace":null,"DisplayName":"BankAppTest.AuthTest.LoginShouldReturnNullWithInCorrectCredential(email: \"bimbola@gmail.com\", password: \"admin@123\", expected: null)","Messages":[],"ComputerName":"DESKTOP-1CH1I23","Duration":"00:00:00.0010258","StartTime":"2022-03-24T13:04:19.8925361+00:00","EndTime":"2022-03-24T13:04:19.8925365+00:00","Properties":[]},{"TestCase":{"Id":"2eee37ac-de98-f82e-c6ab-1b9f4c89095d","FullyQualifiedName":"BankAppTest.AuthTest.LoginShouldReturnUserWithCorrectCredential","DisplayName":"BankAppTest.AuthTest.LoginShouldReturnUserWithCorrectCredential","ExecutorUri":"executor://xunit/VsTestRunner2/netcoreapp","Source":"C:\\Users\\craft\\source\\repos\\SQ010\\Task Five\\BankAppTest\\bin\\Debug\\net5.0\\fine-code-coverage\\build-output\\BankAppTest.dll","CodeFilePath":null,"LineNumber":0,"Properties":[]},"Attachments":[],"Outcome":1,"ErrorMessage":null,"ErrorStackTrace":null,"DisplayName":"BankAppTest.AuthTest.LoginShouldReturnUserWithCorrectCredential","Messages":[],"ComputerName":"DESKTOP-1CH1I23","Duration":"00:00:00.0068382","StartTime":"2022-03-24T13:04:19.8939123+00:00","EndTime":"2022-03-24T13:04:19.8939131+00:00","Properties":[]},{"TestCase":{"Id":"8ca84541-724f-4438-4b59-02351b8bd7fd","FullyQualifiedName":"BankAppTest.AccountOperationsTest.DepositShouldThrowExceptionWhenWrongAccount","DisplayName":"BankAppTest.AccountOperationsTest.DepositShouldThrowExceptionWhenWrongAccount","ExecutorUri":"executor://xunit/VsTestRunner2/netcoreapp","Source":"C:\\Users\\craft\\source\\repos\\SQ010\\Task Five\\BankAppTest\\bin\\Debug\\net5.0\\fine-code-coverage\\build-output\\BankAppTest.dll","CodeFilePath":null,"LineNumber":0,"Properties":[]},"Attachments":[],"Outcome":1,"ErrorMessage":null,"ErrorStackTrace":null,"DisplayName":"BankAppTest.AccountOperationsTest.DepositShouldThrowExceptionWhenWrongAccount","Messages":[],"ComputerName":"DESKTOP-1CH1I23","Duration":"00:00:00.0239364","StartTime":"2022-03-24T13:04:19.8946676+00:00","EndTime":"2022-03-24T13:04:19.8946682+00:00","Properties":[]}],"TestRunStatistics":{"ExecutedTests":51,"Stats":{"Passed":51}},"ActiveTests":[{"Id":"30a23ec6-6ba3-c263-49cd-df04656c8b46","FullyQualifiedName":"BankAppTest.UserRoleServiceTest.AddUserToRolesShouldReturnTrueWhenNoError","DisplayName":"BankAppTest.UserRoleServiceTest.AddUserToRolesShouldReturnTrueWhenNoError","ExecutorUri":"executor://xunit/VsTestRunner2/netcoreapp","Source":"C:\\Users\\craft\\source\\repos\\SQ010\\Task Five\\BankAppTest\\bin\\Debug\\net5.0\\fine-code-coverage\\build-output\\BankAppTest.dll","CodeFilePath":null,"LineNumber":0,"Properties":[]}]}}
TpTrace Verbose: 0 : 11588, 6, 2022/03/24, 14:04:19.897, 658789352203, vstest.console.dll, TestRunRequest:SendTestRunStatsChange: Starting.
TpTrace Verbose: 0 : 11588, 6, 2022/03/24, 14:04:19.897, 658789352795, vstest.console.dll, InProgress is BankAppTest.UserRoleServiceTest.AddUserToRolesShouldReturnTrueWhenNoError
TpTrace Information: 0 : 11588, 6, 2022/03/24, 14:04:19.897, 658789353443, vstest.console.dll, TestRunRequest:SendTestRunStatsChange: Completed.
TpTrace Verbose: 0 : 11588, 6, 2022/03/24, 14:04:19.897, 658789353862, vstest.console.dll, TcpClientExtensions.MessageLoopAsync: Polling on remoteEndPoint: 127.0.0.1:63952 localEndPoint: 127.0.0.1:63951
TpTrace Verbose: 0 : 11588, 6, 2022/03/24, 14:04:19.900, 658789380464, vstest.console.dll, TcpClientExtensions.MessageLoopAsync: NotifyDataAvailable remoteEndPoint: 127.0.0.1:63952 localEndPoint: 127.0.0.1:63951
TpTrace Verbose: 0 : 11588, 6, 2022/03/24, 14:04:19.900, 658789381271, vstest.console.dll, TestRequestSender.OnExecutionMessageReceived: Received message: {"Version":5,"MessageType":"TestSession.Message","Payload":{"MessageLevel":2,"Message":"[xUnit.net 00:00:00.90]     BankAppTest.UserRoleServiceTest.AddUserToRolesShouldReturnTrueWhenNoError [FAIL]"}}
TpTrace Verbose: 0 : 11588, 6, 2022/03/24, 14:04:19.900, 658789382247, vstest.console.dll, TestRunRequest:SendTestRunMessage: Starting.
TpTrace Information: 0 : 11588, 6, 2022/03/24, 14:04:19.900, 658789382701, vstest.console.dll, TestRunRequest:SendTestRunMessage: Completed.
TpTrace Verbose: 0 : 11588, 6, 2022/03/24, 14:04:19.900, 658789383002, vstest.console.dll, TcpClientExtensions.MessageLoopAsync: Polling on remoteEndPoint: 127.0.0.1:63952 localEndPoint: 127.0.0.1:63951
TpTrace Verbose: 0 : 11588, 6, 2022/03/24, 14:04:19.901, 658789390848, vstest.console.dll, TcpClientExtensions.MessageLoopAsync: NotifyDataAvailable remoteEndPoint: 127.0.0.1:63952 localEndPoint: 127.0.0.1:63951
TpTrace Verbose: 0 : 11588, 6, 2022/03/24, 14:04:19.901, 658789391766, vstest.console.dll, TestRequestSender.OnExecutionMessageReceived: Received message: {"Version":5,"MessageType":"TestSession.Message","Payload":{"MessageLevel":0,"Message":"[xUnit.net 00:00:00.90]       Assert.True() Failure"}}
TpTrace Verbose: 0 : 11588, 6, 2022/03/24, 14:04:19.901, 658789393158, vstest.console.dll, TestRunRequest:SendTestRunMessage: Starting.
TpTrace Information: 0 : 11588, 6, 2022/03/24, 14:04:19.901, 658789393725, vstest.console.dll, TestRunRequest:SendTestRunMessage: Completed.
TpTrace Verbose: 0 : 11588, 6, 2022/03/24, 14:04:19.901, 658789394131, vstest.console.dll, TcpClientExtensions.MessageLoopAsync: Polling on remoteEndPoint: 127.0.0.1:63952 localEndPoint: 127.0.0.1:63951
TpTrace Verbose: 0 : 11588, 6, 2022/03/24, 14:04:19.902, 658789394516, vstest.console.dll, TcpClientExtensions.MessageLoopAsync: NotifyDataAvailable remoteEndPoint: 127.0.0.1:63952 localEndPoint: 127.0.0.1:63951
TpTrace Verbose: 0 : 11588, 6, 2022/03/24, 14:04:19.902, 658789395013, vstest.console.dll, TestRequestSender.OnExecutionMessageReceived: Received message: {"Version":5,"MessageType":"TestSession.Message","Payload":{"MessageLevel":0,"Message":"[xUnit.net 00:00:00.90]       Expected: True"}}
TpTrace Verbose: 0 : 11588, 6, 2022/03/24, 14:04:19.902, 658789395850, vstest.console.dll, TestRunRequest:SendTestRunMessage: Starting.
TpTrace Information: 0 : 11588, 6, 2022/03/24, 14:04:19.902, 658789396304, vstest.console.dll, TestRunRequest:SendTestRunMessage: Completed.
TpTrace Verbose: 0 : 11588, 6, 2022/03/24, 14:04:19.902, 658789396635, vstest.console.dll, TcpClientExtensions.MessageLoopAsync: Polling on remoteEndPoint: 127.0.0.1:63952 localEndPoint: 127.0.0.1:63951
TpTrace Verbose: 0 : 11588, 6, 2022/03/24, 14:04:19.902, 658789396977, vstest.console.dll, TcpClientExtensions.MessageLoopAsync: NotifyDataAvailable remoteEndPoint: 127.0.0.1:63952 localEndPoint: 127.0.0.1:63951
TpTrace Verbose: 0 : 11588, 6, 2022/03/24, 14:04:19.902, 658789397422, vstest.console.dll, TestRequestSender.OnExecutionMessageReceived: Received message: {"Version":5,"MessageType":"TestSession.Message","Payload":{"MessageLevel":0,"Message":"[xUnit.net 00:00:00.90]       Actual:   False"}}
TpTrace Verbose: 0 : 11588, 6, 2022/03/24, 14:04:19.902, 658789398242, vstest.console.dll, TestRunRequest:SendTestRunMessage: Starting.
TpTrace Information: 0 : 11588, 6, 2022/03/24, 14:04:19.902, 658789398690, vstest.console.dll, TestRunRequest:SendTestRunMessage: Completed.
TpTrace Verbose: 0 : 11588, 6, 2022/03/24, 14:04:19.902, 658789399016, vstest.console.dll, TcpClientExtensions.MessageLoopAsync: Polling on remoteEndPoint: 127.0.0.1:63952 localEndPoint: 127.0.0.1:63951
TpTrace Verbose: 0 : 11588, 6, 2022/03/24, 14:04:19.902, 658789404102, vstest.console.dll, TcpClientExtensions.MessageLoopAsync: NotifyDataAvailable remoteEndPoint: 127.0.0.1:63952 localEndPoint: 127.0.0.1:63951
TpTrace Verbose: 0 : 11588, 6, 2022/03/24, 14:04:19.903, 658789404953, vstest.console.dll, TestRequestSender.OnExecutionMessageReceived: Received message: {"Version":5,"MessageType":"TestSession.Message","Payload":{"MessageLevel":0,"Message":"[xUnit.net 00:00:00.90]       Stack Trace:"}}
TpTrace Verbose: 0 : 11588, 6, 2022/03/24, 14:04:19.903, 658789406436, vstest.console.dll, TestRunRequest:SendTestRunMessage: Starting.
TpTrace Information: 0 : 11588, 6, 2022/03/24, 14:04:19.903, 658789407010, vstest.console.dll, TestRunRequest:SendTestRunMessage: Completed.
TpTrace Verbose: 0 : 11588, 6, 2022/03/24, 14:04:19.903, 658789407422, vstest.console.dll, TcpClientExtensions.MessageLoopAsync: Polling on remoteEndPoint: 127.0.0.1:63952 localEndPoint: 127.0.0.1:63951
TpTrace Verbose: 0 : 11588, 6, 2022/03/24, 14:04:19.903, 658789409783, vstest.console.dll, TcpClientExtensions.MessageLoopAsync: NotifyDataAvailable remoteEndPoint: 127.0.0.1:63952 localEndPoint: 127.0.0.1:63951
TpTrace Verbose: 0 : 11588, 6, 2022/03/24, 14:04:19.903, 658789410526, vstest.console.dll, TestRequestSender.OnExecutionMessageReceived: Received message: {"Version":5,"MessageType":"TestSession.Message","Payload":{"MessageLevel":0,"Message":"[xUnit.net 00:00:00.90]         C:\\Users\\craft\\source\\repos\\SQ010\\Task Five\\BankAppTest\\UserRoleServiceTest.cs(54,0): at BankAppTest.UserRoleServiceTest.AddUserToRolesShouldReturnTrueWhenNoError()"}}
TpTrace Verbose: 0 : 11588, 6, 2022/03/24, 14:04:19.903, 658789411718, vstest.console.dll, TestRunRequest:SendTestRunMessage: Starting.
TpTrace Information: 0 : 11588, 6, 2022/03/24, 14:04:19.903, 658789412224, vstest.console.dll, TestRunRequest:SendTestRunMessage: Completed.
TpTrace Verbose: 0 : 11588, 6, 2022/03/24, 14:04:19.903, 658789412672, vstest.console.dll, TcpClientExtensions.MessageLoopAsync: Polling on remoteEndPoint: 127.0.0.1:63952 localEndPoint: 127.0.0.1:63951
TpTrace Verbose: 0 : 11588, 6, 2022/03/24, 14:04:19.903, 658789413037, vstest.console.dll, TcpClientExtensions.MessageLoopAsync: NotifyDataAvailable remoteEndPoint: 127.0.0.1:63952 localEndPoint: 127.0.0.1:63951
TpTrace Verbose: 0 : 11588, 6, 2022/03/24, 14:04:19.903, 658789413493, vstest.console.dll, TestRequestSender.OnExecutionMessageReceived: Received message: {"Version":5,"MessageType":"TestSession.Message","Payload":{"MessageLevel":0,"Message":"[xUnit.net 00:00:00.90]            at System.Threading.Tasks.Task.<>c.<ThrowAsync>b__140_0(Object state)"}}
TpTrace Verbose: 0 : 11588, 6, 2022/03/24, 14:04:19.903, 658789414371, vstest.console.dll, TestRunRequest:SendTestRunMessage: Starting.
TpTrace Information: 0 : 11588, 6, 2022/03/24, 14:04:19.904, 658789414857, vstest.console.dll, TestRunRequest:SendTestRunMessage: Completed.
TpTrace Verbose: 0 : 11588, 6, 2022/03/24, 14:04:19.904, 658789415468, vstest.console.dll, TcpClientExtensions.MessageLoopAsync: Polling on remoteEndPoint: 127.0.0.1:63952 localEndPoint: 127.0.0.1:63951
TpTrace Verbose: 0 : 11588, 6, 2022/03/24, 14:04:19.908, 658789459117, vstest.console.dll, TcpClientExtensions.MessageLoopAsync: NotifyDataAvailable remoteEndPoint: 127.0.0.1:63952 localEndPoint: 127.0.0.1:63951
TpTrace Verbose: 0 : 11588, 6, 2022/03/24, 14:04:19.908, 658789460161, vstest.console.dll, TestRequestSender.OnExecutionMessageReceived: Received message: {"Version":5,"MessageType":"TestSession.Message","Payload":{"MessageLevel":0,"Message":"[xUnit.net 00:00:00.91]   Finished:    BankAppTest"}}
TpTrace Verbose: 0 : 11588, 6, 2022/03/24, 14:04:19.908, 658789461474, vstest.console.dll, TestRunRequest:SendTestRunMessage: Starting.
TpTrace Information: 0 : 11588, 6, 2022/03/24, 14:04:19.908, 658789462003, vstest.console.dll, TestRunRequest:SendTestRunMessage: Completed.
TpTrace Verbose: 0 : 11588, 6, 2022/03/24, 14:04:19.908, 658789462327, vstest.console.dll, TcpClientExtensions.MessageLoopAsync: Polling on remoteEndPoint: 127.0.0.1:63952 localEndPoint: 127.0.0.1:63951
TpTrace Verbose: 0 : 11588, 6, 2022/03/24, 14:04:19.922, 658789603592, vstest.console.dll, TcpClientExtensions.MessageLoopAsync: NotifyDataAvailable remoteEndPoint: 127.0.0.1:63952 localEndPoint: 127.0.0.1:63951
TpTrace Verbose: 0 : 11588, 6, 2022/03/24, 14:04:19.923, 658789605185, vstest.console.dll, TestRequestSender.OnExecutionMessageReceived: Received message: {"Version":5,"MessageType":"TestExecution.Completed","Payload":{"TestRunCompleteArgs":{"TestRunStatistics":{"ExecutedTests":53,"Stats":{"Passed":52,"Failed":1}},"IsCanceled":false,"IsAborted":false,"Error":null,"AttachmentSets":[],"ElapsedTimeInRunningTests":"00:00:00.9195538","Metrics":{}},"LastRunTests":{"NewTestResults":[{"TestCase":{"Id":"30a23ec6-6ba3-c263-49cd-df04656c8b46","FullyQualifiedName":"BankAppTest.UserRoleServiceTest.AddUserToRolesShouldReturnTrueWhenNoError","DisplayName":"BankAppTest.UserRoleServiceTest.AddUserToRolesShouldReturnTrueWhenNoError","ExecutorUri":"executor://xunit/VsTestRunner2/netcoreapp","Source":"C:\\Users\\craft\\source\\repos\\SQ010\\Task Five\\BankAppTest\\bin\\Debug\\net5.0\\fine-code-coverage\\build-output\\BankAppTest.dll","CodeFilePath":null,"LineNumber":0,"Properties":[]},"Attachments":[],"Outcome":2,"ErrorMessage":"Assert.True() Failure\r\nExpected: True\r\nActual:   False","ErrorStackTrace":"   at BankAppTest.UserRoleServiceTest.AddUserToRolesShouldReturnTrueWhenNoError() in C:\\Users\\craft\\source\\repos\\SQ010\\Task Five\\BankAppTest\\UserRoleServiceTest.cs:line 54\r\n   at System.Threading.Tasks.Task.<>c.<ThrowAsync>b__140_0(Object state)","DisplayName":"BankAppTest.UserRoleServiceTest.AddUserToRolesShouldReturnTrueWhenNoError","Messages":[],"ComputerName":"DESKTOP-1CH1I23","Duration":"00:00:00.0074875","StartTime":"2022-03-24T13:04:19.9045814+00:00","EndTime":"2022-03-24T13:04:19.9045828+00:00","Properties":[]},{"TestCase":{"Id":"84437355-880f-9e8d-45c0-69b7aeb0609f","FullyQualifiedName":"BankAppTest.UserRoleServiceTest.GetAUserRoleShouldReturnNullWithInCorrectId","DisplayName":"BankAppTest.UserRoleServiceTest.GetAUserRoleShouldReturnNullWithInCorrectId","ExecutorUri":"executor://xunit/VsTestRunner2/netcoreapp","Source":"C:\\Users\\craft\\source\\repos\\SQ010\\Task Five\\BankAppTest\\bin\\Debug\\net5.0\\fine-code-coverage\\build-output\\BankAppTest.dll","CodeFilePath":null,"LineNumber":0,"Properties":[]},"Attachments":[],"Outcome":1,"ErrorMessage":null,"ErrorStackTrace":null,"DisplayName":"BankAppTest.UserRoleServiceTest.GetAUserRoleShouldReturnNullWithInCorrectId","Messages":[],"ComputerName":"DESKTOP-1CH1I23","Duration":"00:00:00.0016264","StartTime":"2022-03-24T13:04:19.9066121+00:00","EndTime":"2022-03-24T13:04:19.906613+00:00","Properties":[]}],"TestRunStatistics":{"ExecutedTests":53,"Stats":{"Passed":52,"Failed":1}},"ActiveTests":[]},"RunAttachments":[],"ExecutorUris":["executor://xunit/VsTestRunner2/netcoreapp"]}}
TpTrace Verbose: 0 : 11588, 6, 2022/03/24, 14:04:19.923, 658789607239, vstest.console.dll, TestRequestSender.EndSession: Sending end session.
TpTrace Verbose: 0 : 11588, 6, 2022/03/24, 14:04:19.923, 658789608399, vstest.console.dll, ProxyOperationManager.Close: waiting for test host to exit for 100 ms
TpTrace Warning: 0 : 11588, 12, 2022/03/24, 14:04:19.945, 658789830364, vstest.console.dll, TestHostManagerCallbacks.ErrorReceivedCallback Test host standard error line: 
TpTrace Verbose: 0 : 11588, 7, 2022/03/24, 14:04:19.956, 658789940197, vstest.console.dll, TestHostProvider.ExitCallBack: Host exited starting callback.
TpTrace Information: 0 : 11588, 7, 2022/03/24, 14:04:19.957, 658789944513, vstest.console.dll, TestHostManagerCallbacks.ExitCallBack: Testhost processId: 23768 exited with exitcode: 0 error: ''
TpTrace Verbose: 0 : 11588, 7, 2022/03/24, 14:04:19.957, 658789945009, vstest.console.dll, DotnetTestHostManager.OnHostExited: invoking OnHostExited callback
TpTrace Verbose: 0 : 11588, 7, 2022/03/24, 14:04:19.957, 658789945493, vstest.console.dll, CrossPlatEngine.TestHostManagerHostExited: calling on client process exit callback.
TpTrace Information: 0 : 11588, 7, 2022/03/24, 14:04:19.957, 658789946537, vstest.console.dll, TestRequestSender.OnClientProcessExit: Test host process exited. Standard error: 
TpTrace Warning: 0 : 11588, 6, 2022/03/24, 14:04:19.957, 658789946588, vstest.console.dll, ProxyOperationManager: Timed out waiting for test host to exit. Will terminate process.
TpTrace Information: 0 : 11588, 7, 2022/03/24, 14:04:19.957, 658789947069, vstest.console.dll, SocketServer.Stop: Stop server endPoint: 127.0.0.1:63951
TpTrace Information: 0 : 11588, 7, 2022/03/24, 14:04:19.957, 658789948308, vstest.console.dll, SocketServer.Stop: Cancellation requested. Stopping message loop.
TpTrace Verbose: 0 : 11588, 6, 2022/03/24, 14:04:19.957, 658789952542, vstest.console.dll, ProxyDataCollectionManager.InvokeDataCollectionServiceAction: Starting.
TpTrace Information: 0 : 11588, 6, 2022/03/24, 14:04:19.957, 658789953009, vstest.console.dll, ProxyDataCollectionManager.AfterTestRunEnd: Get attachment set for datacollector processId: 23572 port: 63948
TpTrace Verbose: 0 : 11588, 6, 2022/03/24, 14:04:19.957, 658789953516, vstest.console.dll, DataCollectionRequestSender.SendAfterTestRunStartAndGetResult : Send AfterTestRunEnd message with isCancelled: False
TpTrace Verbose: 0 : 11588, 6, 2022/03/24, 14:04:19.961, 658789987756, vstest.console.dll, DataCollectionRequestSender.SendAfterTestRunStartAndGetResult : Received message: (DataCollection.AfterTestRunEndResult) -> {
  "AttachmentSets": [],
  "Metrics": {}
}
TpTrace Information: 0 : 11588, 6, 2022/03/24, 14:04:19.963, 658790009128, vstest.console.dll, ProxyDataCollectionManager.InvokeDataCollectionServiceAction: Completed.
TpTrace Warning: 0 : 11588, 9, 2022/03/24, 14:04:19.965, 658790028219, vstest.console.dll, DataCollectionLauncher.ErrorReceivedCallback datacollector standard error line: 
TpTrace Information: 0 : 11588, 7, 2022/03/24, 14:04:19.972, 658790100617, vstest.console.dll, DataCollectionLauncher.ExitCallBack: Data collector exited with exitcode: 0 error: ''
TpTrace Verbose: 0 : 11588, 6, 2022/03/24, 14:04:19.986, 658790234914, vstest.console.dll, TestRunRequest:SendTestRunStatsChange: Starting.
TpTrace Information: 0 : 11588, 6, 2022/03/24, 14:04:19.986, 658790235964, vstest.console.dll, TestRunRequest:SendTestRunStatsChange: Completed.
TpTrace Verbose: 0 : 11588, 6, 2022/03/24, 14:04:19.986, 658790237497, vstest.console.dll, ParallelProxyExecutionManager: HandlePartialRunComplete: Total completed clients = 1, Run complete = True, Run canceled: False.
TpTrace Verbose: 0 : 11588, 6, 2022/03/24, 14:04:20.007, 658790449411, vstest.console.dll, TestRunRequest:TestRunComplete: Starting. IsAborted:False IsCanceled:False.
TpTrace Verbose: 0 : 11588, 6, 2022/03/24, 14:04:20.007, 658790451196, vstest.console.dll, TestLoggerManager.HandleTestRunComplete: Ignoring as the object is disposed.
TpTrace Information: 0 : 11588, 6, 2022/03/24, 14:04:20.007, 658790453292, vstest.console.dll, TestRunRequest:TestRunComplete: Completed.
TpTrace Verbose: 0 : 11588, 1, 2022/03/24, 14:04:20.007, 658790453534, vstest.console.dll, TestRunRequest.Dispose: Starting.
TpTrace Verbose: 0 : 11588, 6, 2022/03/24, 14:04:20.007, 658790453796, vstest.console.dll, TestRequestSender.SetOperationComplete: Setting operation complete.
TpTrace Information: 0 : 11588, 1, 2022/03/24, 14:04:20.007, 658790454252, vstest.console.dll, TestRunRequest.Dispose: Completed.
TpTrace Information: 0 : 11588, 6, 2022/03/24, 14:04:20.008, 658790454672, vstest.console.dll, SocketServer.Stop: Stop server endPoint: 127.0.0.1:63951
TpTrace Information: 0 : 11588, 1, 2022/03/24, 14:04:20.008, 658790455218, vstest.console.dll, TestRequestManager.RunTests: run tests completed.
TpTrace Information: 0 : 11588, 1, 2022/03/24, 14:04:20.008, 658790455990, vstest.console.dll, RunTestsArgumentProcessor:Execute: Test run is completed.
TpTrace Information: 0 : 11588, 6, 2022/03/24, 14:04:20.008, 658790456042, vstest.console.dll, SocketServer.Stop: Cancellation requested. Stopping message loop.
TpTrace Information: 0 : 11588, 6, 2022/03/24, 14:04:20.008, 658790456955, vstest.console.dll, SocketServer.PrivateStop: Stop server endPoint: 127.0.0.1:63951 error: 
TpTrace Verbose: 0 : 11588, 1, 2022/03/24, 14:04:20.008, 658790457521, vstest.console.dll, Executor.Execute: Exiting with exit code of 1
TpTrace Verbose: 0 : 11588, 6, 2022/03/24, 14:04:20.008, 658790461682, vstest.console.dll, LengthPrefixCommunicationChannel.Dispose: Dispose reader and writer.
TpTrace Information: 0 : 11588, 6, 2022/03/24, 14:04:20.008, 658790462451, vstest.console.dll, SocketServer.Stop: Raise disconnected event endPoint: 127.0.0.1:63951 error: 
TpTrace Verbose: 0 : 11588, 6, 2022/03/24, 14:04:20.008, 658790463085, vstest.console.dll, TestRequestSender: OnTestRunAbort: Operation is already complete. Skip error message.
